#
# There is insufficient memory for the Java Runtime Environment to continue.
# Native memory allocation (malloc) failed to allocate 1626896 bytes. Error detail: Chunk::new
# Possible reasons:
#   The system is out of physical RAM or swap space
#   This process is running with CompressedOops enabled, and the Java Heap may be blocking the growth of the native heap
# Possible solutions:
#   Reduce memory load on the system
#   Increase physical memory or swap space
#   Check if swap backing store is full
#   Decrease Java heap size (-Xmx/-Xms)
#   Decrease number of Java threads
#   Decrease Java thread stack sizes (-Xss)
#   Set larger code cache with -XX:ReservedCodeCacheSize=
#   JVM is running with Unscaled Compressed Oops mode in which the Java heap is
#     placed in the first 4GB address space. The Java Heap base address is the
#     maximum limit for the native heap growth. Please use -XX:HeapBaseMinAddress
#     to set the Java Heap base and to place the Java Heap above 4GB virtual address.
# This output file may be truncated or incomplete.
#
#  Out of Memory Error (arena.cpp:168), pid=41136, tid=3448
#
# JRE version: OpenJDK Runtime Environment Temurin-21.0.10+7 (21.0.10+7) (build 21.0.10+7-LTS)
# Java VM: OpenJDK 64-Bit Server VM Temurin-21.0.10+7 (21.0.10+7-LTS, mixed mode, sharing, tiered, compressed oops, compressed class ptrs, parallel gc, windows-amd64)
# No core dump will be written. Minidumps are not enabled by default on client versions of Windows
#

---------------  S U M M A R Y ------------

Command Line: --add-modules=ALL-SYSTEM --add-opens=java.base/java.util=ALL-UNNAMED --add-opens=java.base/java.lang=ALL-UNNAMED --add-opens=java.base/sun.nio.fs=ALL-UNNAMED -Declipse.application=org.eclipse.jdt.ls.core.id1 -Dosgi.bundles.defaultStartLevel=4 -Declipse.product=org.eclipse.jdt.ls.core.product -Djava.import.generatesMetadataFilesAtProjectRoot=false -DDetectVMInstallationsJob.disabled=true -Dfile.encoding=utf8 -XX:+UseParallelGC -XX:GCTimeRatio=4 -XX:AdaptiveSizePolicyWeight=90 -Dsun.zip.disableMemoryMapping=true -Xmx2G -Xms100m -Xlog:disable -javaagent:c:\Users\dellL\.vscode\extensions\redhat.java-1.53.0-win32-x64\lombok\lombok-1.18.39-4050.jar -XX:+HeapDumpOnOutOfMemoryError -XX:HeapDumpPath=c:\Users\dellL\AppData\Roaming\Code\User\workspaceStorage\52708e066fe511d177b12b427aa223b7\redhat.java -Daether.dependencyCollector.impl=bf c:\Users\dellL\.vscode\extensions\redhat.java-1.53.0-win32-x64\server\plugins\org.eclipse.equinox.launcher_1.7.100.v20251111-0406.jar -configuration c:\Users\dellL\AppData\Roaming\Code\User\globalStorage\redhat.java\1.53.0\config_win -data c:\Users\dellL\AppData\Roaming\Code\User\workspaceStorage\52708e066fe511d177b12b427aa223b7\redhat.java\jdt_ws --pipe=\\.\pipe\lsp-f7a59ea45977ac19e324b03e0f4ebe4c-sock

Host: Intel(R) Core(TM) Ultra 7 155H, 22 cores, 15G,  Windows 11 , 64 bit Build 26100 (10.0.26100.7920)
Time: Wed Apr  1 15:07:38 2026 W. Central Africa Standard Time elapsed time: 67.590050 seconds (0d 0h 1m 7s)

---------------  T H R E A D  ---------------

Current thread (0x000002586b0da6e0):  JavaThread "C2 CompilerThread0" daemon [_thread_in_native, id=3448, stack(0x000000fe42600000,0x000000fe42700000) (1024K)]


Current CompileTask:
C2:67590 15743       4       org.eclipse.jdt.internal.compiler.parser.Parser::consumeRule (7843 bytes)

Stack: [0x000000fe42600000,0x000000fe42700000]
Native frames: (J=compiled Java code, j=interpreted, Vv=VM code, C=native code)
V  [jvm.dll+0x6d7a39]
V  [jvm.dll+0x8b4b26]
V  [jvm.dll+0x8b70de]
V  [jvm.dll+0x8b77c3]
V  [jvm.dll+0x284346]
V  [jvm.dll+0xc66ed]
V  [jvm.dll+0xc6c31]
V  [jvm.dll+0x3bec01]
V  [jvm.dll+0x38b162]
V  [jvm.dll+0x38a5aa]
V  [jvm.dll+0x24c560]
V  [jvm.dll+0x24bb40]
V  [jvm.dll+0x1cb34e]
V  [jvm.dll+0x25b85d]
V  [jvm.dll+0x259dea]
V  [jvm.dll+0x3f857e]
V  [jvm.dll+0x85f59d]
V  [jvm.dll+0x6d626d]
C  [ucrtbase.dll+0x37b0]
C  [KERNEL32.DLL+0x2e8d7]
C  [ntdll.dll+0x8c48c]


---------------  P R O C E S S  ---------------

Threads class SMR info:
_java_thread_list=0x000002587cb30980, length=133, elements={
0x000002581231db90, 0x00000258122a93d0, 0x00000258122acc70, 0x00000258122b4850,
0x00000258122b6920, 0x00000258122b6fb0, 0x00000258122b5570, 0x000002586b0da6e0,
0x000002586b0dc1d0, 0x00000258122b3b30, 0x00000258122b41c0, 0x00000258122b5c00,
0x00000258122b4ee0, 0x00000258122b6290, 0x000002587208a090, 0x000002587208bad0,
0x000002587208a720, 0x0000025872089370, 0x000002587208adb0, 0x0000025872088ce0,
0x0000025872089a00, 0x000002587208c160, 0x000002587208e230, 0x000002587208d510,
0x000002587208ce80, 0x000002587208ef50, 0x000002587208dba0, 0x000002587208c7f0,
0x000002587208e8c0, 0x000002587208f5e0, 0x000002587208fc70, 0x0000025872dedf80,
0x0000025872ded8f0, 0x0000025872df0050, 0x0000025872df1400, 0x0000025872df1a90,
0x0000025872df06e0, 0x0000025872def330, 0x0000025872def9c0, 0x0000025872df0d70,
0x0000025872dee610, 0x0000025872df2120, 0x0000025872deeca0, 0x0000025872df27b0,
0x0000025872df2e40, 0x0000025872df41f0, 0x0000025872df4880, 0x0000025872df34d0,
0x0000025872df3b60, 0x0000025872df4f10, 0x0000025873a347f0, 0x0000025873a33440,
0x0000025873a34160, 0x0000025873a32720, 0x0000025873a32090, 0x0000025873a33ad0,
0x0000025873a32db0, 0x0000025873a34e80, 0x0000025873a31a00, 0x0000025873a36230,
0x0000025873a35ba0, 0x0000025873a368c0, 0x0000025873a36f50, 0x0000025873a37c70,
0x0000025873a375e0, 0x0000025873a38300, 0x0000025873a38990, 0x0000025873a35510,
0x0000025873a39020, 0x0000025873688c90, 0x0000025873689320, 0x000002587368b3f0,
0x000002587368a6d0, 0x000002587368ad60, 0x000002587368a040, 0x000002587368c7a0,
0x000002587368ba80, 0x000002587368ce30, 0x00000258736899b0, 0x000002587368d4c0,
0x000002587368e870, 0x000002587368db50, 0x000002587368ef00, 0x000002587368c110,
0x000002587368e1e0, 0x000002587368f590, 0x000002587368fc20, 0x00000258736902b0,
0x0000025874e056a0, 0x0000025874e05d30, 0x0000025874e028b0, 0x0000025874e063c0,
0x0000025874e02f40, 0x0000025874e06a50, 0x0000025874e035d0, 0x0000025874e070e0,
0x0000025874e03c60, 0x0000025874e07770, 0x0000025874e07e00, 0x0000025874e04980,
0x0000025874e09840, 0x0000025874e091b0, 0x0000025874e08490, 0x0000025874e08b20,
0x000002587d18ee50, 0x000002587d18daa0, 0x000002587d18c060, 0x000002587d18f4e0,
0x000002587d18e130, 0x000002587d18d410, 0x000002587d18fb70, 0x000002587d18c6f0,
0x000002587d190200, 0x000002587d18cd80, 0x000002587d192ff0, 0x000002587d190f20,
0x000002587d193680, 0x000002587d190890, 0x000002587d1915b0, 0x000002587d191c40,
0x000002587d1922d0, 0x000002587d192960, 0x000002587e8ee400, 0x000002587e8ed6e0,
0x000002587e8edd70, 0x000002587e8eb610, 0x000002587e8eaf80, 0x000002587e8eea90,
0x000002587e8ef120, 0x000002587e8ec9c0, 0x0000025874f8d9b0, 0x000002587e8ec330,
0x0000025874f8f4f0
}

Java Threads: ( => current thread )
  0x000002581231db90 JavaThread "main"                              [_thread_blocked, id=35676, stack(0x000000fe41c00000,0x000000fe41d00000) (1024K)]
  0x00000258122a93d0 JavaThread "Reference Handler"          daemon [_thread_blocked, id=49132, stack(0x000000fe42000000,0x000000fe42100000) (1024K)]
  0x00000258122acc70 JavaThread "Finalizer"                  daemon [_thread_blocked, id=8980, stack(0x000000fe42100000,0x000000fe42200000) (1024K)]
  0x00000258122b4850 JavaThread "Signal Dispatcher"          daemon [_thread_blocked, id=48604, stack(0x000000fe42200000,0x000000fe42300000) (1024K)]
  0x00000258122b6920 JavaThread "Attach Listener"            daemon [_thread_blocked, id=36288, stack(0x000000fe42300000,0x000000fe42400000) (1024K)]
  0x00000258122b6fb0 JavaThread "Service Thread"             daemon [_thread_blocked, id=16836, stack(0x000000fe42400000,0x000000fe42500000) (1024K)]
  0x00000258122b5570 JavaThread "Monitor Deflation Thread"   daemon [_thread_blocked, id=9204, stack(0x000000fe42500000,0x000000fe42600000) (1024K)]
=>0x000002586b0da6e0 JavaThread "C2 CompilerThread0"         daemon [_thread_in_native, id=3448, stack(0x000000fe42600000,0x000000fe42700000) (1024K)]
  0x000002586b0dc1d0 JavaThread "C1 CompilerThread0"         daemon [_thread_blocked, id=42360, stack(0x000000fe42700000,0x000000fe42800000) (1024K)]
  0x00000258122b3b30 JavaThread "Common-Cleaner"             daemon [_thread_blocked, id=39352, stack(0x000000fe42a00000,0x000000fe42b00000) (1024K)]
  0x00000258122b41c0 JavaThread "Notification Thread"        daemon [_thread_blocked, id=42816, stack(0x000000fe42e00000,0x000000fe42f00000) (1024K)]
  0x00000258122b5c00 JavaThread "Active Thread: Equinox Container: 76e5d214-1476-4991-bd9f-44bc9a6bbe45"        [_thread_blocked, id=40468, stack(0x000000fe43600000,0x000000fe43700000) (1024K)]
  0x00000258122b4ee0 JavaThread "Refresh Thread: Equinox Container: 76e5d214-1476-4991-bd9f-44bc9a6bbe45" daemon [_thread_blocked, id=32896, stack(0x000000fe42900000,0x000000fe42a00000) (1024K)]
  0x00000258122b6290 JavaThread "Framework Event Dispatcher: Equinox Container: 76e5d214-1476-4991-bd9f-44bc9a6bbe45" daemon [_thread_blocked, id=33396, stack(0x000000fe42c00000,0x000000fe42d00000) (1024K)]
  0x000002587208a090 JavaThread "Start Level: Equinox Container: 76e5d214-1476-4991-bd9f-44bc9a6bbe45" daemon [_thread_blocked, id=7920, stack(0x000000fe42d00000,0x000000fe42e00000) (1024K)]
  0x000002587208bad0 JavaThread "Bundle File Closer"         daemon [_thread_blocked, id=47008, stack(0x000000fe43c00000,0x000000fe43d00000) (1024K)]
  0x000002587208a720 JavaThread "SCR Component Actor"        daemon [_thread_blocked, id=33128, stack(0x000000fe43d00000,0x000000fe43e00000) (1024K)]
  0x0000025872089370 JavaThread "Worker-JM"                         [_thread_blocked, id=6256, stack(0x000000fe44000000,0x000000fe44100000) (1024K)]
  0x000002587208adb0 JavaThread "JNA Cleaner"                daemon [_thread_blocked, id=524, stack(0x000000fe43f00000,0x000000fe44000000) (1024K)]
  0x0000025872088ce0 JavaThread "Worker-0"                          [_thread_blocked, id=43084, stack(0x000000fe44400000,0x000000fe44500000) (1024K)]
  0x0000025872089a00 JavaThread "Worker-1"                          [_thread_blocked, id=48716, stack(0x000000fe44500000,0x000000fe44600000) (1024K)]
  0x000002587208c160 JavaThread "Worker-2"                          [_thread_blocked, id=25052, stack(0x000000fe44700000,0x000000fe44800000) (1024K)]
  0x000002587208e230 JavaThread "Java indexing"              daemon [_thread_blocked, id=48336, stack(0x000000fe44800000,0x000000fe44900000) (1024K)]
  0x000002587208d510 JavaThread "Worker-3"                          [_thread_blocked, id=26860, stack(0x000000fe44900000,0x000000fe44a00000) (1024K)]
  0x000002587208ce80 JavaThread "Thread-1"                   daemon [_thread_in_native, id=42028, stack(0x000000fe44c00000,0x000000fe44d00000) (1024K)]
  0x000002587208ef50 JavaThread "Thread-2"                   daemon [_thread_in_native, id=7280, stack(0x000000fe44d00000,0x000000fe44e00000) (1024K)]
  0x000002587208dba0 JavaThread "Thread-3"                   daemon [_thread_in_native, id=25608, stack(0x000000fe44e00000,0x000000fe44f00000) (1024K)]
  0x000002587208c7f0 JavaThread "Thread-4"                   daemon [_thread_in_native, id=2384, stack(0x000000fe44f00000,0x000000fe45000000) (1024K)]
  0x000002587208e8c0 JavaThread "Thread-5"                   daemon [_thread_in_native, id=10928, stack(0x000000fe45000000,0x000000fe45100000) (1024K)]
  0x000002587208f5e0 JavaThread "Thread-6"                   daemon [_thread_in_native, id=16328, stack(0x000000fe45100000,0x000000fe45200000) (1024K)]
  0x000002587208fc70 JavaThread "Thread-7"                   daemon [_thread_in_native, id=36464, stack(0x000000fe45200000,0x000000fe45300000) (1024K)]
  0x0000025872dedf80 JavaThread "Thread-8"                   daemon [_thread_in_native, id=1188, stack(0x000000fe45300000,0x000000fe45400000) (1024K)]
  0x0000025872ded8f0 JavaThread "Thread-9"                   daemon [_thread_in_native, id=5248, stack(0x000000fe45400000,0x000000fe45500000) (1024K)]
  0x0000025872df0050 JavaThread "Thread-10"                  daemon [_thread_in_native, id=11072, stack(0x000000fe45500000,0x000000fe45600000) (1024K)]
  0x0000025872df1400 JavaThread "Thread-11"                  daemon [_thread_in_native, id=44624, stack(0x000000fe45600000,0x000000fe45700000) (1024K)]
  0x0000025872df1a90 JavaThread "Thread-12"                  daemon [_thread_in_native, id=19800, stack(0x000000fe45700000,0x000000fe45800000) (1024K)]
  0x0000025872df06e0 JavaThread "Thread-13"                  daemon [_thread_in_native, id=40072, stack(0x000000fe45800000,0x000000fe45900000) (1024K)]
  0x0000025872def330 JavaThread "Thread-14"                  daemon [_thread_in_native, id=27532, stack(0x000000fe45900000,0x000000fe45a00000) (1024K)]
  0x0000025872def9c0 JavaThread "Thread-15"                  daemon [_thread_in_native, id=46544, stack(0x000000fe45a00000,0x000000fe45b00000) (1024K)]
  0x0000025872df0d70 JavaThread "Thread-16"                  daemon [_thread_in_native, id=42896, stack(0x000000fe45b00000,0x000000fe45c00000) (1024K)]
  0x0000025872dee610 JavaThread "Thread-17"                  daemon [_thread_in_native, id=4612, stack(0x000000fe45c00000,0x000000fe45d00000) (1024K)]
  0x0000025872df2120 JavaThread "Thread-18"                  daemon [_thread_in_native, id=8304, stack(0x000000fe45d00000,0x000000fe45e00000) (1024K)]
  0x0000025872deeca0 JavaThread "Thread-19"                  daemon [_thread_in_native, id=44628, stack(0x000000fe45e00000,0x000000fe45f00000) (1024K)]
  0x0000025872df27b0 JavaThread "Thread-20"                  daemon [_thread_in_native, id=40668, stack(0x000000fe45f00000,0x000000fe46000000) (1024K)]
  0x0000025872df2e40 JavaThread "Thread-21"                  daemon [_thread_in_native, id=44020, stack(0x000000fe46000000,0x000000fe46100000) (1024K)]
  0x0000025872df41f0 JavaThread "Thread-22"                  daemon [_thread_in_native, id=35248, stack(0x000000fe46100000,0x000000fe46200000) (1024K)]
  0x0000025872df4880 JavaThread "Thread-23"                  daemon [_thread_in_native, id=38364, stack(0x000000fe46200000,0x000000fe46300000) (1024K)]
  0x0000025872df34d0 JavaThread "Worker-4"                          [_thread_blocked, id=32724, stack(0x000000fe46300000,0x000000fe46400000) (1024K)]
  0x0000025872df3b60 JavaThread "pool-2-thread-1"                   [_thread_blocked, id=36448, stack(0x000000fe46400000,0x000000fe46500000) (1024K)]
  0x0000025872df4f10 JavaThread "WorkspaceEventsHandler"            [_thread_blocked, id=16364, stack(0x000000fe46600000,0x000000fe46700000) (1024K)]
  0x0000025873a347f0 JavaThread "pool-1-thread-1"                   [_thread_blocked, id=28532, stack(0x000000fe46700000,0x000000fe46800000) (1024K)]
  0x0000025873a33440 JavaThread "LocalFile Deleter"          daemon [_thread_blocked, id=44508, stack(0x000000fe46800000,0x000000fe46900000) (1024K)]
  0x0000025873a34160 JavaThread "LocalFile Deleter"          daemon [_thread_blocked, id=11064, stack(0x000000fe46900000,0x000000fe46a00000) (1024K)]
  0x0000025873a32720 JavaThread "LocalFile Deleter"          daemon [_thread_blocked, id=46824, stack(0x000000fe46a00000,0x000000fe46b00000) (1024K)]
  0x0000025873a32090 JavaThread "LocalFile Deleter"          daemon [_thread_blocked, id=40580, stack(0x000000fe46b00000,0x000000fe46c00000) (1024K)]
  0x0000025873a33ad0 JavaThread "LocalFile Deleter"          daemon [_thread_blocked, id=47664, stack(0x000000fe46c00000,0x000000fe46d00000) (1024K)]
  0x0000025873a32db0 JavaThread "LocalFile Deleter"          daemon [_thread_blocked, id=40376, stack(0x000000fe46d00000,0x000000fe46e00000) (1024K)]
  0x0000025873a34e80 JavaThread "LocalFile Deleter"          daemon [_thread_blocked, id=32612, stack(0x000000fe46e00000,0x000000fe46f00000) (1024K)]
  0x0000025873a31a00 JavaThread "LocalFile Deleter"          daemon [_thread_blocked, id=27836, stack(0x000000fe46f00000,0x000000fe47000000) (1024K)]
  0x0000025873a36230 JavaThread "LocalFile Deleter"          daemon [_thread_blocked, id=22348, stack(0x000000fe47000000,0x000000fe47100000) (1024K)]
  0x0000025873a35ba0 JavaThread "LocalFile Deleter"          daemon [_thread_blocked, id=47700, stack(0x000000fe47100000,0x000000fe47200000) (1024K)]
  0x0000025873a368c0 JavaThread "LocalFile Deleter"          daemon [_thread_blocked, id=16444, stack(0x000000fe47200000,0x000000fe47300000) (1024K)]
  0x0000025873a36f50 JavaThread "LocalFile Deleter"          daemon [_thread_blocked, id=29192, stack(0x000000fe47300000,0x000000fe47400000) (1024K)]
  0x0000025873a37c70 JavaThread "LocalFile Deleter"          daemon [_thread_blocked, id=21664, stack(0x000000fe47400000,0x000000fe47500000) (1024K)]
  0x0000025873a375e0 JavaThread "LocalFile Deleter"          daemon [_thread_blocked, id=3356, stack(0x000000fe47500000,0x000000fe47600000) (1024K)]
  0x0000025873a38300 JavaThread "LocalFile Deleter"          daemon [_thread_blocked, id=35916, stack(0x000000fe47600000,0x000000fe47700000) (1024K)]
  0x0000025873a38990 JavaThread "LocalFile Deleter"          daemon [_thread_blocked, id=31776, stack(0x000000fe47700000,0x000000fe47800000) (1024K)]
  0x0000025873a35510 JavaThread "LocalFile Deleter"          daemon [_thread_blocked, id=27620, stack(0x000000fe47800000,0x000000fe47900000) (1024K)]
  0x0000025873a39020 JavaThread "LocalFile Deleter"          daemon [_thread_blocked, id=11040, stack(0x000000fe47900000,0x000000fe47a00000) (1024K)]
  0x0000025873688c90 JavaThread "LocalFile Deleter"          daemon [_thread_blocked, id=25956, stack(0x000000fe47a00000,0x000000fe47b00000) (1024K)]
  0x0000025873689320 JavaThread "LocalFile Deleter"          daemon [_thread_blocked, id=36756, stack(0x000000fe47b00000,0x000000fe47c00000) (1024K)]
  0x000002587368b3f0 JavaThread "LocalFile Deleter"          daemon [_thread_blocked, id=49100, stack(0x000000fe47c00000,0x000000fe47d00000) (1024K)]
  0x000002587368a6d0 JavaThread "LocalFile Deleter"          daemon [_thread_blocked, id=13696, stack(0x000000fe47d00000,0x000000fe47e00000) (1024K)]
  0x000002587368ad60 JavaThread "Compiler Source File Reader" daemon [_thread_blocked, id=48184, stack(0x000000fe47e00000,0x000000fe47f00000) (1024K)]
  0x000002587368a040 JavaThread "Compiler Source File Reader" daemon [_thread_blocked, id=49072, stack(0x000000fe47f00000,0x000000fe48000000) (1024K)]
  0x000002587368c7a0 JavaThread "Compiler Source File Reader" daemon [_thread_blocked, id=11740, stack(0x000000fe48000000,0x000000fe48100000) (1024K)]
  0x000002587368ba80 JavaThread "Compiler Source File Reader" daemon [_thread_blocked, id=39620, stack(0x000000fe48100000,0x000000fe48200000) (1024K)]
  0x000002587368ce30 JavaThread "Compiler Source File Reader" daemon [_thread_blocked, id=10644, stack(0x000000fe48200000,0x000000fe48300000) (1024K)]
  0x00000258736899b0 JavaThread "Compiler Source File Reader" daemon [_thread_blocked, id=45984, stack(0x000000fe48300000,0x000000fe48400000) (1024K)]
  0x000002587368d4c0 JavaThread "Compiler Source File Reader" daemon [_thread_blocked, id=36232, stack(0x000000fe48400000,0x000000fe48500000) (1024K)]
  0x000002587368e870 JavaThread "Compiler Source File Reader" daemon [_thread_blocked, id=43592, stack(0x000000fe48500000,0x000000fe48600000) (1024K)]
  0x000002587368db50 JavaThread "Compiler Source File Reader" daemon [_thread_blocked, id=34140, stack(0x000000fe48600000,0x000000fe48700000) (1024K)]
  0x000002587368ef00 JavaThread "Compiler Source File Reader" daemon [_thread_blocked, id=43276, stack(0x000000fe48700000,0x000000fe48800000) (1024K)]
  0x000002587368c110 JavaThread "Compiler Source File Reader" daemon [_thread_blocked, id=43104, stack(0x000000fe48800000,0x000000fe48900000) (1024K)]
  0x000002587368e1e0 JavaThread "Compiler Source File Reader" daemon [_thread_blocked, id=41784, stack(0x000000fe48900000,0x000000fe48a00000) (1024K)]
  0x000002587368f590 JavaThread "Compiler Source File Reader" daemon [_thread_blocked, id=38088, stack(0x000000fe48a00000,0x000000fe48b00000) (1024K)]
  0x000002587368fc20 JavaThread "Compiler Source File Reader" daemon [_thread_blocked, id=43740, stack(0x000000fe48b00000,0x000000fe48c00000) (1024K)]
  0x00000258736902b0 JavaThread "Compiler Source File Reader" daemon [_thread_blocked, id=4108, stack(0x000000fe48c00000,0x000000fe48d00000) (1024K)]
  0x0000025874e056a0 JavaThread "Compiler Processing Task"   daemon [_thread_blocked, id=38032, stack(0x000000fe48d00000,0x000000fe48e00000) (1024K)]
  0x0000025874e05d30 JavaThread "Compiler Class File Writer" daemon [_thread_blocked, id=45304, stack(0x000000fe48e00000,0x000000fe48f00000) (1024K)]
  0x0000025874e028b0 JavaThread "Compiler Class File Writer" daemon [_thread_blocked, id=48292, stack(0x000000fe48f00000,0x000000fe49000000) (1024K)]
  0x0000025874e063c0 JavaThread "ForkJoinPool.commonPool-worker-1" daemon [_thread_blocked, id=26588, stack(0x000000fe49000000,0x000000fe49100000) (1024K)]
  0x0000025874e02f40 JavaThread "Compiler Class File Writer" daemon [_thread_blocked, id=46420, stack(0x000000fe49100000,0x000000fe49200000) (1024K)]
  0x0000025874e06a50 JavaThread "Compiler Class File Writer" daemon [_thread_blocked, id=48372, stack(0x000000fe49200000,0x000000fe49300000) (1024K)]
  0x0000025874e035d0 JavaThread "Compiler Class File Writer" daemon [_thread_blocked, id=45944, stack(0x000000fe49300000,0x000000fe49400000) (1024K)]
  0x0000025874e070e0 JavaThread "Compiler Class File Writer" daemon [_thread_blocked, id=29460, stack(0x000000fe49400000,0x000000fe49500000) (1024K)]
  0x0000025874e03c60 JavaThread "Compiler Class File Writer" daemon [_thread_blocked, id=47556, stack(0x000000fe49500000,0x000000fe49600000) (1024K)]
  0x0000025874e07770 JavaThread "Compiler Class File Writer" daemon [_thread_blocked, id=10688, stack(0x000000fe49600000,0x000000fe49700000) (1024K)]
  0x0000025874e07e00 JavaThread "Compiler Class File Writer" daemon [_thread_blocked, id=13520, stack(0x000000fe49700000,0x000000fe49800000) (1024K)]
  0x0000025874e04980 JavaThread "Compiler Class File Writer" daemon [_thread_blocked, id=48160, stack(0x000000fe49800000,0x000000fe49900000) (1024K)]
  0x0000025874e09840 JavaThread "Compiler Class File Writer" daemon [_thread_blocked, id=42068, stack(0x000000fe49900000,0x000000fe49a00000) (1024K)]
  0x0000025874e091b0 JavaThread "Compiler Class File Writer" daemon [_thread_blocked, id=40832, stack(0x000000fe49a00000,0x000000fe49b00000) (1024K)]
  0x0000025874e08490 JavaThread "Compiler Class File Writer" daemon [_thread_blocked, id=8312, stack(0x000000fe49b00000,0x000000fe49c00000) (1024K)]
  0x0000025874e08b20 JavaThread "Compiler Class File Writer" daemon [_thread_blocked, id=33280, stack(0x000000fe49c00000,0x000000fe49d00000) (1024K)]
  0x000002587d18ee50 JavaThread "Compiler Class File Writer" daemon [_thread_blocked, id=19204, stack(0x000000fe49d00000,0x000000fe49e00000) (1024K)]
  0x000002587d18daa0 JavaThread "Compiler Class File Writer" daemon [_thread_blocked, id=27516, stack(0x000000fe49e00000,0x000000fe49f00000) (1024K)]
  0x000002587d18c060 JavaThread "Compiler Class File Writer" daemon [_thread_blocked, id=31560, stack(0x000000fe49f00000,0x000000fe4a000000) (1024K)]
  0x000002587d18f4e0 JavaThread "Compiler Class File Writer" daemon [_thread_blocked, id=34748, stack(0x000000fe4a000000,0x000000fe4a100000) (1024K)]
  0x000002587d18e130 JavaThread "Compiler Class File Writer" daemon [_thread_blocked, id=44764, stack(0x000000fe4a100000,0x000000fe4a200000) (1024K)]
  0x000002587d18d410 JavaThread "Compiler Class File Writer" daemon [_thread_blocked, id=23852, stack(0x000000fe4a200000,0x000000fe4a300000) (1024K)]
  0x000002587d18fb70 JavaThread "ForkJoinPool.commonPool-worker-2" daemon [_thread_blocked, id=31496, stack(0x000000fe4a300000,0x000000fe4a400000) (1024K)]
  0x000002587d18c6f0 JavaThread "ForkJoinPool.commonPool-worker-3" daemon [_thread_blocked, id=30220, stack(0x000000fe4a400000,0x000000fe4a500000) (1024K)]
  0x000002587d190200 JavaThread "ForkJoinPool.commonPool-worker-4" daemon [_thread_blocked, id=28460, stack(0x000000fe4a500000,0x000000fe4a600000) (1024K)]
  0x000002587d18cd80 JavaThread "ForkJoinPool.commonPool-worker-5" daemon [_thread_blocked, id=22704, stack(0x000000fe4a600000,0x000000fe4a700000) (1024K)]
  0x000002587d192ff0 JavaThread "ForkJoinPool.commonPool-worker-6" daemon [_thread_blocked, id=28496, stack(0x000000fe4a700000,0x000000fe4a800000) (1024K)]
  0x000002587d190f20 JavaThread "ForkJoinPool.commonPool-worker-7" daemon [_thread_blocked, id=46792, stack(0x000000fe4a800000,0x000000fe4a900000) (1024K)]
  0x000002587d193680 JavaThread "ForkJoinPool.commonPool-worker-8" daemon [_thread_blocked, id=35448, stack(0x000000fe4a900000,0x000000fe4aa00000) (1024K)]
  0x000002587d190890 JavaThread "ForkJoinPool.commonPool-worker-9" daemon [_thread_blocked, id=43236, stack(0x000000fe4aa00000,0x000000fe4ab00000) (1024K)]
  0x000002587d1915b0 JavaThread "ForkJoinPool.commonPool-worker-10" daemon [_thread_blocked, id=7980, stack(0x000000fe4ab00000,0x000000fe4ac00000) (1024K)]
  0x000002587d191c40 JavaThread "ForkJoinPool.commonPool-worker-11" daemon [_thread_blocked, id=41404, stack(0x000000fe4ac00000,0x000000fe4ad00000) (1024K)]
  0x000002587d1922d0 JavaThread "ForkJoinPool.commonPool-worker-12" daemon [_thread_blocked, id=44000, stack(0x000000fe4ad00000,0x000000fe4ae00000) (1024K)]
  0x000002587d192960 JavaThread "ForkJoinPool.commonPool-worker-13" daemon [_thread_blocked, id=43952, stack(0x000000fe4ae00000,0x000000fe4af00000) (1024K)]
  0x000002587e8ee400 JavaThread "ForkJoinPool.commonPool-worker-14" daemon [_thread_blocked, id=10496, stack(0x000000fe4af00000,0x000000fe4b000000) (1024K)]
  0x000002587e8ed6e0 JavaThread "ForkJoinPool.commonPool-worker-15" daemon [_thread_blocked, id=41112, stack(0x000000fe4b000000,0x000000fe4b100000) (1024K)]
  0x000002587e8edd70 JavaThread "ForkJoinPool.commonPool-worker-16" daemon [_thread_blocked, id=17888, stack(0x000000fe4b100000,0x000000fe4b200000) (1024K)]
  0x000002587e8eb610 JavaThread "ForkJoinPool.commonPool-worker-17" daemon [_thread_blocked, id=7436, stack(0x000000fe4b200000,0x000000fe4b300000) (1024K)]
  0x000002587e8eaf80 JavaThread "ForkJoinPool.commonPool-worker-18" daemon [_thread_blocked, id=39168, stack(0x000000fe4b300000,0x000000fe4b400000) (1024K)]
  0x000002587e8eea90 JavaThread "ForkJoinPool.commonPool-worker-19" daemon [_thread_blocked, id=34212, stack(0x000000fe4b400000,0x000000fe4b500000) (1024K)]
  0x000002587e8ef120 JavaThread "ForkJoinPool.commonPool-worker-20" daemon [_thread_blocked, id=40484, stack(0x000000fe4b500000,0x000000fe4b600000) (1024K)]
  0x000002587e8ec9c0 JavaThread "ForkJoinPool.commonPool-worker-21" daemon [_thread_blocked, id=46148, stack(0x000000fe4b600000,0x000000fe4b700000) (1024K)]
  0x0000025874f8d9b0 JavaThread "C2 CompilerThread1"         daemon [_thread_in_native, id=43696, stack(0x000000fe41a00000,0x000000fe41b00000) (1024K)]
  0x000002587e8ec330 JavaThread "Cleaner-0"                  daemon [_thread_blocked, id=16620, stack(0x000000fe43800000,0x000000fe43900000) (1024K)]
  0x0000025874f8f4f0 JavaThread "C1 CompilerThread1"         daemon [_thread_blocked, id=17192, stack(0x000000fe41900000,0x000000fe41a00000) (1024K)]
Total: 133

Other Threads:
  0x000002586b0d69c0 VMThread "VM Thread"                           [id=11768, stack(0x000000fe41f00000,0x000000fe42000000) (1024K)]
  0x000002581219ca00 WatcherThread "VM Periodic Task Thread"        [id=4144, stack(0x000000fe41e00000,0x000000fe41f00000) (1024K)]
  0x0000025812335f90 WorkerThread "GC Thread#0"                     [id=24692, stack(0x000000fe41d00000,0x000000fe41e00000) (1024K)]
  0x0000025872184640 WorkerThread "GC Thread#1"                     [id=17300, stack(0x000000fe43000000,0x000000fe43100000) (1024K)]
  0x0000025872184df0 WorkerThread "GC Thread#2"                     [id=25876, stack(0x000000fe43100000,0x000000fe43200000) (1024K)]
  0x0000025872105a90 WorkerThread "GC Thread#3"                     [id=48480, stack(0x000000fe43200000,0x000000fe43300000) (1024K)]
  0x0000025872105e40 WorkerThread "GC Thread#4"                     [id=3648, stack(0x000000fe43300000,0x000000fe43400000) (1024K)]
  0x00000258721061f0 WorkerThread "GC Thread#5"                     [id=48392, stack(0x000000fe43400000,0x000000fe43500000) (1024K)]
  0x000002586d75ac40 WorkerThread "GC Thread#6"                     [id=46972, stack(0x000000fe43500000,0x000000fe43600000) (1024K)]
  0x000002586d6b80b0 WorkerThread "GC Thread#7"                     [id=8076, stack(0x000000fe43700000,0x000000fe43800000) (1024K)]
  0x000002586d6b8810 WorkerThread "GC Thread#8"                     [id=1900, stack(0x000000fe42800000,0x000000fe42900000) (1024K)]
  0x000002586d6b8bc0 WorkerThread "GC Thread#9"                     [id=31272, stack(0x000000fe42b00000,0x000000fe42c00000) (1024K)]
  0x000002586d6b7d00 WorkerThread "GC Thread#10"                    [id=24712, stack(0x000000fe42f00000,0x000000fe43000000) (1024K)]
  0x000002586d6b75a0 WorkerThread "GC Thread#11"                    [id=30892, stack(0x000000fe43a00000,0x000000fe43b00000) (1024K)]
  0x000002586d6b7950 WorkerThread "GC Thread#12"                    [id=31760, stack(0x000000fe43b00000,0x000000fe43c00000) (1024K)]
  0x000002586b1b0c20 WorkerThread "GC Thread#13"                    [id=43348, stack(0x000000fe44100000,0x000000fe44200000) (1024K)]
  0x000002586b1b3fc0 WorkerThread "GC Thread#14"                    [id=34044, stack(0x000000fe44200000,0x000000fe44300000) (1024K)]
  0x000002586b1b3860 WorkerThread "GC Thread#15"                    [id=24308, stack(0x000000fe44600000,0x000000fe44700000) (1024K)]
Total: 18

Threads with active compile tasks:
C2 CompilerThread0  67626 15743       4       org.eclipse.jdt.internal.compiler.parser.Parser::consumeRule (7843 bytes)
C2 CompilerThread1  67626 15758   !   4       org.eclipse.jdt.internal.compiler.parser.Scanner::jumpOverMethodBody (2550 bytes)
Total: 2

VM state: not at safepoint (normal execution)

VM Mutex/Monitor currently owned by a thread: None

Heap address: 0x0000000080000000, size: 2048 MB, Compressed Oops mode: 32-bit

CDS archive(s) mapped at: [0x0000025829000000-0x0000025829ba0000-0x0000025829ba0000), size 12189696, SharedBaseAddress: 0x0000025829000000, ArchiveRelocationMode: 1.
Compressed class space mapped at: 0x000002582a000000-0x000002586a000000, reserved size: 1073741824
Narrow klass base: 0x0000025829000000, Narrow klass shift: 0, Narrow klass range: 0x100000000

GC Precious Log:
 CardTable entry size: 512
 CPUs: 22 total, 22 available
 Memory: 15828M
 Large Page Support: Disabled
 NUMA Support: Disabled
 Compressed Oops: Enabled (32-bit)
 Alignments: Space 512K, Generation 512K, Heap 2M
 Heap Min Capacity: 100M
 Heap Initial Capacity: 100M
 Heap Max Capacity: 2G
 Pre-touch: Disabled
 Parallel Workers: 16

Heap:
 PSYoungGen      total 4608K, used 2853K [0x00000000d5580000, 0x00000000d5b00000, 0x0000000100000000)
  eden space 3584K, 66% used [0x00000000d5580000,0x00000000d57d16d0,0x00000000d5900000)
  from space 1024K, 46% used [0x00000000d5a00000,0x00000000d5a78000,0x00000000d5b00000)
  to   space 1024K, 0% used [0x00000000d5900000,0x00000000d5900000,0x00000000d5a00000)
 ParOldGen       total 111616K, used 111278K [0x0000000080000000, 0x0000000086d00000, 0x00000000d5580000)
  object space 111616K, 99% used [0x0000000080000000,0x0000000086cabb90,0x0000000086d00000)
 Metaspace       used 75575K, committed 77248K, reserved 1179648K
  class space    used 7850K, committed 8576K, reserved 1048576K

Card table byte_map: [0x0000025811cb0000,0x00000258120c0000] _byte_map_base: 0x00000258118b0000

Marking Bits: (ParMarkBitMap*) 0x00007ffc63a03450
 Begin Bits: [0x00000258247c0000, 0x00000258267c0000)
 End Bits:   [0x00000258267c0000, 0x00000258287c0000)

Polling page: 0x0000025810060000

Metaspace:

Usage:
  Non-class:     66.14 MB used.
      Class:      7.67 MB used.
       Both:     73.80 MB used.

Virtual space:
  Non-class space:      128.00 MB reserved,      67.06 MB ( 52%) committed,  2 nodes.
      Class space:        1.00 GB reserved,       8.38 MB ( <1%) committed,  1 nodes.
             Both:        1.12 GB reserved,      75.44 MB (  7%) committed. 

Chunk freelists:
   Non-Class:  12.80 MB
       Class:  7.58 MB
        Both:  20.38 MB

MaxMetaspaceSize: unlimited
CompressedClassSpaceSize: 1.00 GB
Initial GC threshold: 21.00 MB
Current GC threshold: 97.31 MB
CDS: on
 - commit_granule_bytes: 65536.
 - commit_granule_words: 8192.
 - virtual_space_node_default_size: 8388608.
 - enlarge_chunks_in_place: 1.
 - use_allocation_guard: 0.


Internal statistics:

num_allocs_failed_limit: 11.
num_arena_births: 1442.
num_arena_deaths: 20.
num_vsnodes_births: 3.
num_vsnodes_deaths: 0.
num_space_committed: 1207.
num_space_uncommitted: 0.
num_chunks_returned_to_freelist: 34.
num_chunks_taken_from_freelist: 5414.
num_chunk_merges: 8.
num_chunk_splits: 3117.
num_chunks_enlarged: 1474.
num_inconsistent_stats: 0.

CodeHeap 'non-profiled nmethods': size=119168Kb used=9954Kb max_used=9954Kb free=109213Kb
 bounds [0x000002581d0b0000, 0x000002581da70000, 0x0000025824510000]
CodeHeap 'profiled nmethods': size=119104Kb used=36213Kb max_used=36213Kb free=82890Kb
 bounds [0x0000025815510000, 0x0000025817870000, 0x000002581c960000]
CodeHeap 'non-nmethods': size=7488Kb used=2036Kb max_used=3246Kb free=5451Kb
 bounds [0x000002581c960000, 0x000002581ccd0000, 0x000002581d0b0000]
CodeCache: size=245760Kb, used=48203Kb, max_used=49413Kb, free=197554Kb
 total_blobs=15729, nmethods=14933, adapters=699, full_count=0
Compilation: enabled, stopped_count=0, restarted_count=0

Compilation events (20 events):
Event: 66.594 Thread 0x0000025874f8f4f0 nmethod 15815 0x0000025817863590 code [0x0000025817863740, 0x00000258178638d8]
Event: 66.595 Thread 0x000002586b0dc1d0 nmethod 15814 0x0000025817863990 code [0x0000025817863b40, 0x0000025817863d50]
Event: 66.596 Thread 0x0000025874f8f4f0 15817       3       org.eclipse.jdt.internal.compiler.classfmt.AnnotationInfo::scanElementValue (256 bytes)
Event: 66.597 Thread 0x000002586b0dc1d0 15818       1       org.eclipse.jdt.internal.formatter.TokenTraverser::getLineBreaksAfter (5 bytes)
Event: 66.597 Thread 0x000002586b0dc1d0 nmethod 15818 0x000002581da67b10 code [0x000002581da67ca0, 0x000002581da67d68]
Event: 66.597 Thread 0x000002586b0dc1d0 15819       1       org.eclipse.jdt.internal.formatter.Token::isToEscape (5 bytes)
Event: 66.597 Thread 0x000002586b0dc1d0 nmethod 15819 0x000002581da67e10 code [0x000002581da67fa0, 0x000002581da68070]
Event: 66.597 Thread 0x0000025874f8f4f0 nmethod 15817 0x0000025817863e90 code [0x00000258178640c0, 0x0000025817864af8]
Event: 66.598 Thread 0x000002586b0dc1d0 15820       3       org.eclipse.jdt.internal.formatter.TokenManager::size (10 bytes)
Event: 66.598 Thread 0x0000025874f8f4f0 15821       3       org.eclipse.jdt.internal.formatter.Token::isWrappable (33 bytes)
Event: 66.598 Thread 0x000002586b0dc1d0 nmethod 15820 0x0000025817864e10 code [0x0000025817864fc0, 0x0000025817865198]
Event: 66.598 Thread 0x0000025874f8f4f0 nmethod 15821 0x0000025817865290 code [0x0000025817865440, 0x0000025817865630]
Event: 66.598 Thread 0x000002586b0dc1d0 15823       3       org.eclipse.jdt.core.formatter.IndentManipulation::isIndentChar (18 bytes)
Event: 66.598 Thread 0x0000025874f8f4f0 15824       1       org.eclipse.lsp4j.CodeActionParams::getContext (5 bytes)
Event: 66.599 Thread 0x0000025874f8f4f0 nmethod 15824 0x000002581da68110 code [0x000002581da682a0, 0x000002581da68368]
Event: 66.599 Thread 0x0000025874f8f4f0 15825       3       org.eclipse.jdt.ls.core.internal.text.correction.CodeActionComparator::getCodeActionKindOrdinal (54 bytes)
Event: 66.599 Thread 0x000002586b0dc1d0 nmethod 15823 0x0000025817865710 code [0x0000025817865900, 0x0000025817865e18]
Event: 66.599 Thread 0x000002586b0dc1d0 15826       1       org.eclipse.lsp4j.CodeAction::setData (6 bytes)
Event: 66.599 Thread 0x0000025874f8f4f0 nmethod 15825 0x0000025817866010 code [0x0000025817866220, 0x0000025817866678]
Event: 66.599 Thread 0x000002586b0dc1d0 nmethod 15826 0x000002581da68410 code [0x000002581da685a0, 0x000002581da68680]

GC Heap History (20 events):
Event: 64.163 GC heap before
{Heap before GC invocations=121 (full 3):
 PSYoungGen      total 4608K, used 4224K [0x00000000d5580000, 0x00000000d5c00000, 0x0000000100000000)
  eden space 3584K, 100% used [0x00000000d5580000,0x00000000d5900000,0x00000000d5900000)
  from space 1024K, 62% used [0x00000000d5900000,0x00000000d59a0000,0x00000000d5a00000)
  to   space 1536K, 0% used [0x00000000d5a80000,0x00000000d5a80000,0x00000000d5c00000)
 ParOldGen       total 106496K, used 106191K [0x0000000080000000, 0x0000000086800000, 0x00000000d5580000)
  object space 106496K, 99% used [0x0000000080000000,0x00000000867b3cd8,0x0000000086800000)
 Metaspace       used 75046K, committed 76672K, reserved 1179648K
  class space    used 7783K, committed 8512K, reserved 1048576K
}
Event: 64.164 GC heap after
{Heap after GC invocations=121 (full 3):
 PSYoungGen      total 4608K, used 572K [0x00000000d5580000, 0x00000000d5b80000, 0x0000000100000000)
  eden space 3584K, 0% used [0x00000000d5580000,0x00000000d5580000,0x00000000d5900000)
  from space 1024K, 55% used [0x00000000d5a80000,0x00000000d5b0f170,0x00000000d5b80000)
  to   space 1024K, 0% used [0x00000000d5900000,0x00000000d5900000,0x00000000d5a00000)
 ParOldGen       total 107008K, used 106595K [0x0000000080000000, 0x0000000086880000, 0x00000000d5580000)
  object space 107008K, 99% used [0x0000000080000000,0x0000000086818ce8,0x0000000086880000)
 Metaspace       used 75046K, committed 76672K, reserved 1179648K
  class space    used 7783K, committed 8512K, reserved 1048576K
}
Event: 64.205 GC heap before
{Heap before GC invocations=122 (full 3):
 PSYoungGen      total 4608K, used 4156K [0x00000000d5580000, 0x00000000d5b80000, 0x0000000100000000)
  eden space 3584K, 100% used [0x00000000d5580000,0x00000000d5900000,0x00000000d5900000)
  from space 1024K, 55% used [0x00000000d5a80000,0x00000000d5b0f170,0x00000000d5b80000)
  to   space 1024K, 0% used [0x00000000d5900000,0x00000000d5900000,0x00000000d5a00000)
 ParOldGen       total 107008K, used 106595K [0x0000000080000000, 0x0000000086880000, 0x00000000d5580000)
  object space 107008K, 99% used [0x0000000080000000,0x0000000086818ce8,0x0000000086880000)
 Metaspace       used 75332K, committed 76992K, reserved 1179648K
  class space    used 7813K, committed 8576K, reserved 1048576K
}
Event: 64.208 GC heap after
{Heap after GC invocations=122 (full 3):
 PSYoungGen      total 4608K, used 416K [0x00000000d5580000, 0x00000000d5b00000, 0x0000000100000000)
  eden space 3584K, 0% used [0x00000000d5580000,0x00000000d5580000,0x00000000d5900000)
  from space 1024K, 40% used [0x00000000d5900000,0x00000000d5968000,0x00000000d5a00000)
  to   space 512K, 0% used [0x00000000d5a80000,0x00000000d5a80000,0x00000000d5b00000)
 ParOldGen       total 107008K, used 106872K [0x0000000080000000, 0x0000000086880000, 0x00000000d5580000)
  object space 107008K, 99% used [0x0000000080000000,0x000000008685e148,0x0000000086880000)
 Metaspace       used 75332K, committed 76992K, reserved 1179648K
  class space    used 7813K, committed 8576K, reserved 1048576K
}
Event: 64.224 GC heap before
{Heap before GC invocations=123 (full 3):
 PSYoungGen      total 4608K, used 4000K [0x00000000d5580000, 0x00000000d5b00000, 0x0000000100000000)
  eden space 3584K, 100% used [0x00000000d5580000,0x00000000d5900000,0x00000000d5900000)
  from space 1024K, 40% used [0x00000000d5900000,0x00000000d5968000,0x00000000d5a00000)
  to   space 512K, 0% used [0x00000000d5a80000,0x00000000d5a80000,0x00000000d5b00000)
 ParOldGen       total 107008K, used 106872K [0x0000000080000000, 0x0000000086880000, 0x00000000d5580000)
  object space 107008K, 99% used [0x0000000080000000,0x000000008685e148,0x0000000086880000)
 Metaspace       used 75379K, committed 77056K, reserved 1179648K
  class space    used 7823K, committed 8576K, reserved 1048576K
}
Event: 64.225 GC heap after
{Heap after GC invocations=123 (full 3):
 PSYoungGen      total 4096K, used 480K [0x00000000d5580000, 0x00000000d5b00000, 0x0000000100000000)
  eden space 3584K, 0% used [0x00000000d5580000,0x00000000d5580000,0x00000000d5900000)
  from space 512K, 93% used [0x00000000d5a80000,0x00000000d5af8000,0x00000000d5b00000)
  to   space 512K, 0% used [0x00000000d5a00000,0x00000000d5a00000,0x00000000d5a80000)
 ParOldGen       total 107008K, used 107000K [0x0000000080000000, 0x0000000086880000, 0x00000000d5580000)
  object space 107008K, 99% used [0x0000000080000000,0x000000008687e148,0x0000000086880000)
 Metaspace       used 75379K, committed 77056K, reserved 1179648K
  class space    used 7823K, committed 8576K, reserved 1048576K
}
Event: 64.466 GC heap before
{Heap before GC invocations=124 (full 3):
 PSYoungGen      total 4096K, used 4064K [0x00000000d5580000, 0x00000000d5b00000, 0x0000000100000000)
  eden space 3584K, 100% used [0x00000000d5580000,0x00000000d5900000,0x00000000d5900000)
  from space 512K, 93% used [0x00000000d5a80000,0x00000000d5af8000,0x00000000d5b00000)
  to   space 512K, 0% used [0x00000000d5a00000,0x00000000d5a00000,0x00000000d5a80000)
 ParOldGen       total 107008K, used 107000K [0x0000000080000000, 0x0000000086880000, 0x00000000d5580000)
  object space 107008K, 99% used [0x0000000080000000,0x000000008687e148,0x0000000086880000)
 Metaspace       used 75381K, committed 77056K, reserved 1179648K
  class space    used 7823K, committed 8576K, reserved 1048576K
}
Event: 64.467 GC heap after
{Heap after GC invocations=124 (full 3):
 PSYoungGen      total 4096K, used 496K [0x00000000d5580000, 0x00000000d5c00000, 0x0000000100000000)
  eden space 3584K, 0% used [0x00000000d5580000,0x00000000d5580000,0x00000000d5900000)
  from space 512K, 96% used [0x00000000d5a00000,0x00000000d5a7c010,0x00000000d5a80000)
  to   space 1536K, 0% used [0x00000000d5a80000,0x00000000d5a80000,0x00000000d5c00000)
 ParOldGen       total 108032K, used 107532K [0x0000000080000000, 0x0000000086980000, 0x00000000d5580000)
  object space 108032K, 99% used [0x0000000080000000,0x0000000086903158,0x0000000086980000)
 Metaspace       used 75381K, committed 77056K, reserved 1179648K
  class space    used 7823K, committed 8576K, reserved 1048576K
}
Event: 64.481 GC heap before
{Heap before GC invocations=125 (full 3):
 PSYoungGen      total 4096K, used 4080K [0x00000000d5580000, 0x00000000d5c00000, 0x0000000100000000)
  eden space 3584K, 100% used [0x00000000d5580000,0x00000000d5900000,0x00000000d5900000)
  from space 512K, 96% used [0x00000000d5a00000,0x00000000d5a7c010,0x00000000d5a80000)
  to   space 1536K, 0% used [0x00000000d5a80000,0x00000000d5a80000,0x00000000d5c00000)
 ParOldGen       total 108032K, used 107532K [0x0000000080000000, 0x0000000086980000, 0x00000000d5580000)
  object space 108032K, 99% used [0x0000000080000000,0x0000000086903158,0x0000000086980000)
 Metaspace       used 75392K, committed 77056K, reserved 1179648K
  class space    used 7823K, committed 8576K, reserved 1048576K
}
Event: 64.482 GC heap after
{Heap after GC invocations=125 (full 3):
 PSYoungGen      total 5120K, used 1328K [0x00000000d5580000, 0x00000000d5c00000, 0x0000000100000000)
  eden space 3584K, 0% used [0x00000000d5580000,0x00000000d5580000,0x00000000d5900000)
  from space 1536K, 86% used [0x00000000d5a80000,0x00000000d5bcc010,0x00000000d5c00000)
  to   space 1536K, 0% used [0x00000000d5900000,0x00000000d5900000,0x00000000d5a80000)
 ParOldGen       total 108544K, used 108063K [0x0000000080000000, 0x0000000086a00000, 0x00000000d5580000)
  object space 108544K, 99% used [0x0000000080000000,0x0000000086987d38,0x0000000086a00000)
 Metaspace       used 75392K, committed 77056K, reserved 1179648K
  class space    used 7823K, committed 8576K, reserved 1048576K
}
Event: 64.497 GC heap before
{Heap before GC invocations=126 (full 3):
 PSYoungGen      total 5120K, used 4912K [0x00000000d5580000, 0x00000000d5c00000, 0x0000000100000000)
  eden space 3584K, 100% used [0x00000000d5580000,0x00000000d5900000,0x00000000d5900000)
  from space 1536K, 86% used [0x00000000d5a80000,0x00000000d5bcc010,0x00000000d5c00000)
  to   space 1536K, 0% used [0x00000000d5900000,0x00000000d5900000,0x00000000d5a80000)
 ParOldGen       total 108544K, used 108063K [0x0000000080000000, 0x0000000086a00000, 0x00000000d5580000)
  object space 108544K, 99% used [0x0000000080000000,0x0000000086987d38,0x0000000086a00000)
 Metaspace       used 75407K, committed 77056K, reserved 1179648K
  class space    used 7823K, committed 8576K, reserved 1048576K
}
Event: 64.498 GC heap after
{Heap after GC invocations=126 (full 3):
 PSYoungGen      total 4096K, used 352K [0x00000000d5580000, 0x00000000d5b00000, 0x0000000100000000)
  eden space 3584K, 0% used [0x00000000d5580000,0x00000000d5580000,0x00000000d5900000)
  from space 512K, 68% used [0x00000000d5900000,0x00000000d5958000,0x00000000d5980000)
  to   space 1024K, 0% used [0x00000000d5a00000,0x00000000d5a00000,0x00000000d5b00000)
 ParOldGen       total 109056K, used 108691K [0x0000000080000000, 0x0000000086a80000, 0x00000000d5580000)
  object space 109056K, 99% used [0x0000000080000000,0x0000000086a24d48,0x0000000086a80000)
 Metaspace       used 75407K, committed 77056K, reserved 1179648K
  class space    used 7823K, committed 8576K, reserved 1048576K
}
Event: 64.519 GC heap before
{Heap before GC invocations=127 (full 3):
 PSYoungGen      total 4096K, used 3936K [0x00000000d5580000, 0x00000000d5b00000, 0x0000000100000000)
  eden space 3584K, 100% used [0x00000000d5580000,0x00000000d5900000,0x00000000d5900000)
  from space 512K, 68% used [0x00000000d5900000,0x00000000d5958000,0x00000000d5980000)
  to   space 1024K, 0% used [0x00000000d5a00000,0x00000000d5a00000,0x00000000d5b00000)
 ParOldGen       total 109056K, used 108691K [0x0000000080000000, 0x0000000086a80000, 0x00000000d5580000)
  object space 109056K, 99% used [0x0000000080000000,0x0000000086a24d48,0x0000000086a80000)
 Metaspace       used 75443K, committed 77120K, reserved 1179648K
  class space    used 7826K, committed 8576K, reserved 1048576K
}
Event: 64.521 GC heap after
{Heap after GC invocations=127 (full 3):
 PSYoungGen      total 4096K, used 448K [0x00000000d5580000, 0x00000000d5a80000, 0x0000000100000000)
  eden space 3584K, 0% used [0x00000000d5580000,0x00000000d5580000,0x00000000d5900000)
  from space 512K, 87% used [0x00000000d5a00000,0x00000000d5a70000,0x00000000d5a80000)
  to   space 512K, 0% used [0x00000000d5900000,0x00000000d5900000,0x00000000d5980000)
 ParOldGen       total 109056K, used 108779K [0x0000000080000000, 0x0000000086a80000, 0x00000000d5580000)
  object space 109056K, 99% used [0x0000000080000000,0x0000000086a3ad48,0x0000000086a80000)
 Metaspace       used 75443K, committed 77120K, reserved 1179648K
  class space    used 7826K, committed 8576K, reserved 1048576K
}
Event: 64.556 GC heap before
{Heap before GC invocations=128 (full 3):
 PSYoungGen      total 4096K, used 4032K [0x00000000d5580000, 0x00000000d5a80000, 0x0000000100000000)
  eden space 3584K, 100% used [0x00000000d5580000,0x00000000d5900000,0x00000000d5900000)
  from space 512K, 87% used [0x00000000d5a00000,0x00000000d5a70000,0x00000000d5a80000)
  to   space 512K, 0% used [0x00000000d5900000,0x00000000d5900000,0x00000000d5980000)
 ParOldGen       total 109056K, used 108779K [0x0000000080000000, 0x0000000086a80000, 0x00000000d5580000)
  object space 109056K, 99% used [0x0000000080000000,0x0000000086a3ad48,0x0000000086a80000)
 Metaspace       used 75540K, committed 77184K, reserved 1179648K
  class space    used 7850K, committed 8576K, reserved 1048576K
}
Event: 66.558 GC heap after
{Heap after GC invocations=128 (full 3):
 PSYoungGen      total 4096K, used 508K [0x00000000d5580000, 0x00000000d5a80000, 0x0000000100000000)
  eden space 3584K, 0% used [0x00000000d5580000,0x00000000d5580000,0x00000000d5900000)
  from space 512K, 99% used [0x00000000d5900000,0x00000000d597f3c0,0x00000000d5980000)
  to   space 512K, 0% used [0x00000000d5a00000,0x00000000d5a00000,0x00000000d5a80000)
 ParOldGen       total 110592K, used 110184K [0x0000000080000000, 0x0000000086c00000, 0x00000000d5580000)
  object space 110592K, 99% used [0x0000000080000000,0x0000000086b9a180,0x0000000086c00000)
 Metaspace       used 75540K, committed 77184K, reserved 1179648K
  class space    used 7850K, committed 8576K, reserved 1048576K
}
Event: 66.574 GC heap before
{Heap before GC invocations=129 (full 3):
 PSYoungGen      total 4096K, used 4092K [0x00000000d5580000, 0x00000000d5a80000, 0x0000000100000000)
  eden space 3584K, 100% used [0x00000000d5580000,0x00000000d5900000,0x00000000d5900000)
  from space 512K, 99% used [0x00000000d5900000,0x00000000d597f3c0,0x00000000d5980000)
  to   space 512K, 0% used [0x00000000d5a00000,0x00000000d5a00000,0x00000000d5a80000)
 ParOldGen       total 110592K, used 110184K [0x0000000080000000, 0x0000000086c00000, 0x00000000d5580000)
  object space 110592K, 99% used [0x0000000080000000,0x0000000086b9a180,0x0000000086c00000)
 Metaspace       used 75551K, committed 77184K, reserved 1179648K
  class space    used 7850K, committed 8576K, reserved 1048576K
}
Event: 66.576 GC heap after
{Heap after GC invocations=129 (full 3):
 PSYoungGen      total 4096K, used 512K [0x00000000d5580000, 0x00000000d5b00000, 0x0000000100000000)
  eden space 3584K, 0% used [0x00000000d5580000,0x00000000d5580000,0x00000000d5900000)
  from space 512K, 100% used [0x00000000d5a00000,0x00000000d5a80000,0x00000000d5a80000)
  to   space 1024K, 0% used [0x00000000d5900000,0x00000000d5900000,0x00000000d5a00000)
 ParOldGen       total 111104K, used 110749K [0x0000000080000000, 0x0000000086c80000, 0x00000000d5580000)
  object space 111104K, 99% used [0x0000000080000000,0x0000000086c27458,0x0000000086c80000)
 Metaspace       used 75551K, committed 77184K, reserved 1179648K
  class space    used 7850K, committed 8576K, reserved 1048576K
}
Event: 66.585 GC heap before
{Heap before GC invocations=130 (full 3):
 PSYoungGen      total 4096K, used 4096K [0x00000000d5580000, 0x00000000d5b00000, 0x0000000100000000)
  eden space 3584K, 100% used [0x00000000d5580000,0x00000000d5900000,0x00000000d5900000)
  from space 512K, 100% used [0x00000000d5a00000,0x00000000d5a80000,0x00000000d5a80000)
  to   space 1024K, 0% used [0x00000000d5900000,0x00000000d5900000,0x00000000d5a00000)
 ParOldGen       total 111104K, used 110749K [0x0000000080000000, 0x0000000086c80000, 0x00000000d5580000)
  object space 111104K, 99% used [0x0000000080000000,0x0000000086c27458,0x0000000086c80000)
 Metaspace       used 75556K, committed 77184K, reserved 1179648K
  class space    used 7850K, committed 8576K, reserved 1048576K
}
Event: 66.593 GC heap after
{Heap after GC invocations=130 (full 3):
 PSYoungGen      total 4608K, used 768K [0x00000000d5580000, 0x00000000d5b00000, 0x0000000100000000)
  eden space 3584K, 0% used [0x00000000d5580000,0x00000000d5580000,0x00000000d5900000)
  from space 1024K, 75% used [0x00000000d5900000,0x00000000d59c0018,0x00000000d5a00000)
  to   space 1024K, 0% used [0x00000000d5a00000,0x00000000d5a00000,0x00000000d5b00000)
 ParOldGen       total 111104K, used 111054K [0x0000000080000000, 0x0000000086c80000, 0x00000000d5580000)
  object space 111104K, 99% used [0x0000000080000000,0x0000000086c73b90,0x0000000086c80000)
 Metaspace       used 75556K, committed 77184K, reserved 1179648K
  class space    used 7850K, committed 8576K, reserved 1048576K
}

Dll operation events (10 events):
Event: 0.058 Loaded shared library c:\Users\dellL\.vscode\extensions\redhat.java-1.53.0-win32-x64\jre\21.0.10-win32-x86_64\bin\java.dll
Event: 0.123 Loaded shared library c:\Users\dellL\.vscode\extensions\redhat.java-1.53.0-win32-x64\jre\21.0.10-win32-x86_64\bin\zip.dll
Event: 0.141 Loaded shared library C:\Users\dellL\.vscode\extensions\redhat.java-1.53.0-win32-x64\jre\21.0.10-win32-x86_64\bin\instrument.dll
Event: 0.146 Loaded shared library C:\Users\dellL\.vscode\extensions\redhat.java-1.53.0-win32-x64\jre\21.0.10-win32-x86_64\bin\net.dll
Event: 0.148 Loaded shared library C:\Users\dellL\.vscode\extensions\redhat.java-1.53.0-win32-x64\jre\21.0.10-win32-x86_64\bin\nio.dll
Event: 0.150 Loaded shared library C:\Users\dellL\.vscode\extensions\redhat.java-1.53.0-win32-x64\jre\21.0.10-win32-x86_64\bin\zip.dll
Event: 0.163 Loaded shared library C:\Users\dellL\.vscode\extensions\redhat.java-1.53.0-win32-x64\jre\21.0.10-win32-x86_64\bin\jimage.dll
Event: 0.225 Loaded shared library c:\Users\dellL\.vscode\extensions\redhat.java-1.53.0-win32-x64\jre\21.0.10-win32-x86_64\bin\verify.dll
Event: 18.757 Loaded shared library C:\Users\dellL\AppData\Roaming\Code\User\globalStorage\redhat.java\1.53.0\config_win\org.eclipse.equinox.launcher\org.eclipse.equinox.launcher.win32.win32.x86_64_1.3.0.v20260203-2149\eclipse_11919.dll
Event: 34.627 Loaded shared library C:\Users\dellL\AppData\Local\Temp\jna-95468203\jna14754182730290128804.dll

Deoptimization events (20 events):
Event: 64.541 Thread 0x000002587d18c6f0 DEOPT PACKING pc=0x000002581d878e50 sp=0x000000fe4a4fda00
Event: 64.541 Thread 0x000002587d18c6f0 DEOPT UNPACKING pc=0x000002581c9b3aa2 sp=0x000000fe4a4fd898 mode 2
Event: 64.544 Thread 0x000002587d18c6f0 Uncommon trap: trap_request=0xffffff45 fr.pc=0x000002581d9fbb24 relative=0x0000000000000664
Event: 64.544 Thread 0x000002587d18c6f0 Uncommon trap: reason=unstable_if action=reinterpret pc=0x000002581d9fbb24 method=org.eclipse.jdt.internal.compiler.lookup.ModuleBinding.isPackageExportedTo(Lorg/eclipse/jdt/internal/compiler/lookup/PackageBinding;Lorg/eclipse/jdt/internal/compiler/lookup
Event: 64.544 Thread 0x000002587d18c6f0 DEOPT PACKING pc=0x000002581d9fbb24 sp=0x000000fe4a4fd710
Event: 64.544 Thread 0x000002587d18c6f0 DEOPT UNPACKING pc=0x000002581c9b3aa2 sp=0x000000fe4a4fd608 mode 2
Event: 64.547 Thread 0x000002587d18c6f0 DEOPT PACKING pc=0x0000025817796dd2 sp=0x000000fe4a4fd7e0
Event: 64.547 Thread 0x000002587d18c6f0 DEOPT UNPACKING pc=0x000002581c9b4242 sp=0x000000fe4a4fccf8 mode 0
Event: 66.573 Thread 0x000002587e8ef120 Uncommon trap: trap_request=0xffffffc6 fr.pc=0x000002581d938a70 relative=0x00000000000003d0
Event: 66.573 Thread 0x000002587e8ef120 Uncommon trap: reason=bimorphic_or_optimized_type_check action=maybe_recompile pc=0x000002581d938a70 method=java.util.stream.AbstractPipeline.evaluate(Ljava/util/Spliterator;ZLjava/util/function/IntFunction;)Ljava/util/stream/Node; @ 38 c2
Event: 66.573 Thread 0x000002587e8ef120 DEOPT PACKING pc=0x000002581d938a70 sp=0x000000fe4b5fe290
Event: 66.573 Thread 0x000002587e8ef120 DEOPT UNPACKING pc=0x000002581c9b3aa2 sp=0x000000fe4b5fe1d0 mode 2
Event: 66.574 Thread 0x000002587e8ef120 Uncommon trap: trap_request=0xffffffde fr.pc=0x000002581d8352f4 relative=0x0000000000000594
Event: 66.574 Thread 0x000002587e8ef120 Uncommon trap: reason=class_check action=maybe_recompile pc=0x000002581d8352f4 method=java.util.HashMap.removeNode(ILjava/lang/Object;Ljava/lang/Object;ZZ)Ljava/util/HashMap$Node; @ 143 c2
Event: 66.574 Thread 0x000002587e8ef120 DEOPT PACKING pc=0x000002581d8352f4 sp=0x000000fe4b5fe850
Event: 66.574 Thread 0x000002587e8ef120 DEOPT UNPACKING pc=0x000002581c9b3aa2 sp=0x000000fe4b5fe758 mode 2
Event: 66.598 Thread 0x000002587e8ef120 Uncommon trap: trap_request=0xffffffde fr.pc=0x000002581d591998 relative=0x0000000000000078
Event: 66.598 Thread 0x000002587e8ef120 Uncommon trap: reason=class_check action=maybe_recompile pc=0x000002581d591998 method=java.util.LinkedHashMap.afterNodeInsertion(Z)V @ 15 c2
Event: 66.599 Thread 0x000002587e8ef120 DEOPT PACKING pc=0x000002581d591998 sp=0x000000fe4b5fe950
Event: 66.599 Thread 0x000002587e8ef120 DEOPT UNPACKING pc=0x000002581c9b3aa2 sp=0x000000fe4b5fe8c8 mode 2

Classes loaded (20 events):
Event: 42.057 Loading class java/util/Hashtable$KeySet
Event: 42.057 Loading class java/util/Hashtable$KeySet done
Event: 42.167 Loading class java/lang/invoke/MethodHandleImpl$CountingWrapper$1
Event: 42.167 Loading class java/lang/invoke/MethodHandleImpl$CountingWrapper$1 done
Event: 42.275 Loading class org/xml/sax/SAXNotRecognizedException
Event: 42.275 Loading class org/xml/sax/SAXNotRecognizedException done
Event: 42.275 Loading class org/xml/sax/SAXNotSupportedException
Event: 42.276 Loading class org/xml/sax/SAXNotSupportedException done
Event: 42.276 Loading class com/sun/org/apache/xerces/internal/util/URI
Event: 42.278 Loading class com/sun/org/apache/xerces/internal/util/URI done
Event: 42.279 Loading class com/sun/org/apache/xerces/internal/xni/XNIException
Event: 42.279 Loading class com/sun/org/apache/xerces/internal/xni/XNIException done
Event: 42.279 Loading class com/sun/org/apache/xerces/internal/xni/parser/XMLParseException
Event: 42.280 Loading class com/sun/org/apache/xerces/internal/xni/parser/XMLParseException done
Event: 61.487 Loading class java/util/regex/Pattern$Behind
Event: 61.487 Loading class java/util/regex/Pattern$Behind done
Event: 61.488 Loading class java/util/regex/Pattern$Neg
Event: 61.488 Loading class java/util/regex/Pattern$Neg done
Event: 64.022 Loading class jdk/internal/ref/CleanerImpl$InnocuousThreadFactory
Event: 64.022 Loading class jdk/internal/ref/CleanerImpl$InnocuousThreadFactory done

Classes unloaded (10 events):
Event: 35.153 Thread 0x000002586b0d69c0 Unloading class 0x000002582a1a3800 'java/lang/invoke/LambdaForm$MH+0x000002582a1a3800'
Event: 35.153 Thread 0x000002586b0d69c0 Unloading class 0x000002582a1a3400 'java/lang/invoke/LambdaForm$MH+0x000002582a1a3400'
Event: 35.153 Thread 0x000002586b0d69c0 Unloading class 0x000002582a1a3000 'java/lang/invoke/LambdaForm$MH+0x000002582a1a3000'
Event: 35.153 Thread 0x000002586b0d69c0 Unloading class 0x000002582a1a2c00 'java/lang/invoke/LambdaForm$MH+0x000002582a1a2c00'
Event: 35.153 Thread 0x000002586b0d69c0 Unloading class 0x000002582a1a2800 'java/lang/invoke/LambdaForm$BMH+0x000002582a1a2800'
Event: 35.153 Thread 0x000002586b0d69c0 Unloading class 0x000002582a1a2400 'java/lang/invoke/LambdaForm$DMH+0x000002582a1a2400'
Event: 35.153 Thread 0x000002586b0d69c0 Unloading class 0x000002582a1a1000 'java/lang/invoke/LambdaForm$DMH+0x000002582a1a1000'
Event: 39.405 Thread 0x000002586b0d69c0 Unloading class 0x000002582a5a9000 'java/lang/invoke/LambdaForm$MH+0x000002582a5a9000'
Event: 39.405 Thread 0x000002586b0d69c0 Unloading class 0x000002582a5a8800 'java/lang/invoke/LambdaForm$MH+0x000002582a5a8800'
Event: 39.405 Thread 0x000002586b0d69c0 Unloading class 0x000002582a5a8000 'java/lang/invoke/LambdaForm$MH+0x000002582a5a8000'

Classes redefined (0 events):
No events

Internal exceptions (20 events):
Event: 42.213 Thread 0x000002587d18cd80 Exception <a 'sun/nio/fs/WindowsException'{0x00000000d5ccc6e0}> (0x00000000d5ccc6e0) 
thrown [s\src\hotspot\share\prims\jni.cpp, line 520]
Event: 42.213 Thread 0x000002587d18cd80 Exception <a 'sun/nio/fs/WindowsException'{0x00000000d5ccdaa0}> (0x00000000d5ccdaa0) 
thrown [s\src\hotspot\share\prims\jni.cpp, line 520]
Event: 42.213 Thread 0x000002587d18cd80 Exception <a 'sun/nio/fs/WindowsException'{0x00000000d5cce5f8}> (0x00000000d5cce5f8) 
thrown [s\src\hotspot\share\prims\jni.cpp, line 520]
Event: 42.213 Thread 0x000002587d18cd80 Exception <a 'sun/nio/fs/WindowsException'{0x00000000d5cde768}> (0x00000000d5cde768) 
thrown [s\src\hotspot\share\prims\jni.cpp, line 520]
Event: 42.213 Thread 0x000002587d18cd80 Exception <a 'sun/nio/fs/WindowsException'{0x00000000d5cdf058}> (0x00000000d5cdf058) 
thrown [s\src\hotspot\share\prims\jni.cpp, line 520]
Event: 42.213 Thread 0x000002587d18cd80 Exception <a 'sun/nio/fs/WindowsException'{0x00000000d5cf2418}> (0x00000000d5cf2418) 
thrown [s\src\hotspot\share\prims\jni.cpp, line 520]
Event: 42.213 Thread 0x000002587d18cd80 Exception <a 'sun/nio/fs/WindowsException'{0x00000000d5cf2f20}> (0x00000000d5cf2f20) 
thrown [s\src\hotspot\share\prims\jni.cpp, line 520]
Event: 42.214 Thread 0x000002587d18cd80 Exception <a 'sun/nio/fs/WindowsException'{0x00000000d5cffcf8}> (0x00000000d5cffcf8) 
thrown [s\src\hotspot\share\prims\jni.cpp, line 520]
Event: 42.215 Thread 0x000002587d18cd80 Exception <a 'sun/nio/fs/WindowsException'{0x00000000d5593c38}> (0x00000000d5593c38) 
thrown [s\src\hotspot\share\prims\jni.cpp, line 520]
Event: 42.215 Thread 0x000002587d18cd80 Exception <a 'sun/nio/fs/WindowsException'{0x00000000d5594fe8}> (0x00000000d5594fe8) 
thrown [s\src\hotspot\share\prims\jni.cpp, line 520]
Event: 42.215 Thread 0x000002587d18cd80 Exception <a 'sun/nio/fs/WindowsException'{0x00000000d55958d8}> (0x00000000d55958d8) 
thrown [s\src\hotspot\share\prims\jni.cpp, line 520]
Event: 42.407 Thread 0x0000025872089a00 Exception <a 'java/lang/NoSuchMethodError'{0x00000000d5777ca8}: 'java.lang.Object java.lang.invoke.DirectMethodHandle$Holder.invokeSpecial(java.lang.Object, java.lang.Object, int, long)'> (0x00000000d5777ca8) 
thrown [s\src\hotspot\share\interpreter\linkResolver.cpp, line 773]
Event: 45.646 Thread 0x0000025873a347f0 Exception <a 'java/lang/IncompatibleClassChangeError'{0x00000000d5abd460}: Found class java.lang.Object, but interface was expected> (0x00000000d5abd460) 
thrown [s\src\hotspot\share\interpreter\linkResolver.cpp, line 840]
Event: 45.760 Thread 0x0000025874e063c0 Exception <a 'java/lang/ArrayIndexOutOfBoundsException'{0x00000000d599bda0}: Index 4286 out of bounds for length 4286> (0x00000000d599bda0) 
thrown [s\src\hotspot\share\interpreter\interpreterRuntime.cpp, line 439]
Event: 61.219 Thread 0x0000025874e063c0 Exception <a 'java/lang/ArrayIndexOutOfBoundsException'{0x00000000d5966260}> (0x00000000d5966260) 
thrown [s\src\hotspot\share\runtime\sharedRuntime.cpp, line 625]
Event: 61.439 Thread 0x0000025874e063c0 Exception <a 'java/lang/NoSuchMethodError'{0x00000000d562f888}: 'int java.lang.invoke.DirectMethodHandle$Holder.invokeVirtual(java.lang.Object, java.lang.Object, java.lang.Object, int)'> (0x00000000d562f888) 
thrown [s\src\hotspot\share\interpreter\linkResolver.cpp, line 773]
Event: 61.445 Thread 0x0000025874e063c0 Exception <a 'java/lang/NoSuchMethodError'{0x00000000d5655ce0}: 'void java.lang.invoke.DirectMethodHandle$Holder.invokeSpecial(java.lang.Object, java.lang.Object, int)'> (0x00000000d5655ce0) 
thrown [s\src\hotspot\share\interpreter\linkResolver.cpp, line 773]
Event: 61.560 Thread 0x000002587e8ef120 Exception <a 'java/lang/ArrayIndexOutOfBoundsException'{0x00000000d5a791e8}> (0x00000000d5a791e8) 
thrown [s\src\hotspot\share\runtime\sharedRuntime.cpp, line 625]
Event: 64.114 Thread 0x0000025873a347f0 Exception <a 'java/lang/IncompatibleClassChangeError'{0x00000000d592acd0}: Found class java.lang.Object, but interface was expected> (0x00000000d592acd0) 
thrown [s\src\hotspot\share\interpreter\linkResolver.cpp, line 840]
Event: 64.544 Thread 0x000002587d18c6f0 Implicit null exception at 0x000002581d9fb648 to 0x000002581d9fbb18

ZGC Phase Switch (0 events):
No events

VM Operations (20 events):
Event: 64.205 Executing safepoint VM operation: ParallelGCFailedAllocation (Allocation Failure)
Event: 64.208 Executing safepoint VM operation: ParallelGCFailedAllocation (Allocation Failure) done
Event: 64.224 Executing safepoint VM operation: ParallelGCFailedAllocation (Allocation Failure)
Event: 64.225 Executing safepoint VM operation: ParallelGCFailedAllocation (Allocation Failure) done
Event: 64.466 Executing safepoint VM operation: ParallelGCFailedAllocation (Allocation Failure)
Event: 64.467 Executing safepoint VM operation: ParallelGCFailedAllocation (Allocation Failure) done
Event: 64.481 Executing safepoint VM operation: ParallelGCFailedAllocation (Allocation Failure)
Event: 64.482 Executing safepoint VM operation: ParallelGCFailedAllocation (Allocation Failure) done
Event: 64.497 Executing safepoint VM operation: ParallelGCFailedAllocation (Allocation Failure)
Event: 64.498 Executing safepoint VM operation: ParallelGCFailedAllocation (Allocation Failure) done
Event: 64.519 Executing safepoint VM operation: ParallelGCFailedAllocation (Allocation Failure)
Event: 64.521 Executing safepoint VM operation: ParallelGCFailedAllocation (Allocation Failure) done
Event: 64.538 Executing non-safepoint VM operation: HandshakeAllThreads (Deoptimize)
Event: 64.539 Executing non-safepoint VM operation: HandshakeAllThreads (Deoptimize) done
Event: 64.556 Executing safepoint VM operation: ParallelGCFailedAllocation (Allocation Failure)
Event: 66.558 Executing safepoint VM operation: ParallelGCFailedAllocation (Allocation Failure) done
Event: 66.574 Executing safepoint VM operation: ParallelGCFailedAllocation (Allocation Failure)
Event: 66.576 Executing safepoint VM operation: ParallelGCFailedAllocation (Allocation Failure) done
Event: 66.585 Executing safepoint VM operation: ParallelGCFailedAllocation (Allocation Failure)
Event: 66.593 Executing safepoint VM operation: ParallelGCFailedAllocation (Allocation Failure) done

Memory protections (0 events):
No events

Nmethod flushes (20 events):
Event: 39.423 Thread 0x000002586b0d69c0 flushing  nmethod 0x0000025815e34810
Event: 39.423 Thread 0x000002586b0d69c0 flushing  nmethod 0x0000025815e35590
Event: 39.423 Thread 0x000002586b0d69c0 flushing  nmethod 0x0000025815e37790
Event: 39.423 Thread 0x000002586b0d69c0 flushing  nmethod 0x0000025815e5bf90
Event: 39.423 Thread 0x000002586b0d69c0 flushing osr nmethod 0x0000025815e98c10
Event: 39.423 Thread 0x000002586b0d69c0 flushing  nmethod 0x0000025815ec4510
Event: 39.423 Thread 0x000002586b0d69c0 flushing  nmethod 0x0000025815ec5810
Event: 39.423 Thread 0x000002586b0d69c0 flushing  nmethod 0x0000025815ec8090
Event: 39.423 Thread 0x000002586b0d69c0 flushing  nmethod 0x0000025815ece890
Event: 39.423 Thread 0x000002586b0d69c0 flushing  nmethod 0x0000025815ecee90
Event: 39.423 Thread 0x000002586b0d69c0 flushing  nmethod 0x0000025815eeb990
Event: 39.423 Thread 0x000002586b0d69c0 flushing osr nmethod 0x0000025815ef3c10
Event: 39.423 Thread 0x000002586b0d69c0 flushing  nmethod 0x0000025815f1a610
Event: 39.423 Thread 0x000002586b0d69c0 flushing  nmethod 0x0000025815f22d10
Event: 39.423 Thread 0x000002586b0d69c0 flushing  nmethod 0x0000025815f23310
Event: 39.423 Thread 0x000002586b0d69c0 flushing  nmethod 0x0000025815f24290
Event: 39.423 Thread 0x000002586b0d69c0 flushing  nmethod 0x0000025815f24b10
Event: 39.423 Thread 0x000002586b0d69c0 flushing  nmethod 0x0000025815f24e90
Event: 39.423 Thread 0x000002586b0d69c0 flushing  nmethod 0x0000025815f38d10
Event: 39.423 Thread 0x000002586b0d69c0 flushing  nmethod 0x0000025815fa2290

Events (20 events):
Event: 51.117 Thread 0x0000025874f8cc10 Thread exited: 0x0000025874f8cc10
Event: 55.911 Thread 0x0000025874f8b0d0 Thread exited: 0x0000025874f8b0d0
Event: 59.278 Thread 0x000002586d55f020 Thread exited: 0x000002586d55f020
Event: 59.314 Thread 0x000002586b0dc1d0 Thread added: 0x0000025874f8be70
Event: 59.316 Thread 0x000002586b0dc1d0 Thread added: 0x0000025874f8b0d0
Event: 61.208 Thread 0x000002586b0dc1d0 Thread added: 0x0000025874f8e080
Event: 61.208 Thread 0x000002586b0dc1d0 Thread added: 0x0000025874f8fbc0
Event: 62.295 Thread 0x0000025874f8b0d0 Thread exited: 0x0000025874f8b0d0
Event: 62.295 Thread 0x0000025874f8be70 Thread exited: 0x0000025874f8be70
Event: 62.295 Thread 0x0000025874f8fbc0 Thread exited: 0x0000025874f8fbc0
Event: 62.296 Thread 0x0000025874f8e080 Thread exited: 0x0000025874f8e080
Event: 62.584 Thread 0x000002586b0da6e0 Thread added: 0x0000025874f8e080
Event: 63.090 Thread 0x0000025874f8e080 Thread exited: 0x0000025874f8e080
Event: 63.417 Thread 0x000002586b0dc1d0 Thread added: 0x0000025874f8cc10
Event: 63.424 Thread 0x0000025874f8cc10 Thread added: 0x0000025874f8b0d0
Event: 63.901 Thread 0x0000025874f8b0d0 Thread exited: 0x0000025874f8b0d0
Event: 63.924 Thread 0x0000025874f8cc10 Thread added: 0x0000025874f8d9b0
Event: 64.023 Thread 0x000002587e8ef120 Thread added: 0x000002587e8ec330
Event: 66.559 Thread 0x0000025874f8cc10 Thread exited: 0x0000025874f8cc10
Event: 66.574 Thread 0x000002586b0dc1d0 Thread added: 0x0000025874f8f4f0


Dynamic libraries:
0x00007ff60a0b0000 - 0x00007ff60a0be000 	c:\Users\dellL\.vscode\extensions\redhat.java-1.53.0-win32-x64\jre\21.0.10-win32-x86_64\bin\java.exe
0x00007ffd6ab00000 - 0x00007ffd6ad67000 	C:\WINDOWS\SYSTEM32\ntdll.dll
0x00007ffd69670000 - 0x00007ffd69739000 	C:\WINDOWS\System32\KERNEL32.DLL
0x00007ffd67610000 - 0x00007ffd67a01000 	C:\WINDOWS\System32\KERNELBASE.dll
0x00007ffd643c0000 - 0x00007ffd6445f000 	C:\WINDOWS\SYSTEM32\apphelp.dll
0x00007ffd67d80000 - 0x00007ffd67ecb000 	C:\WINDOWS\System32\ucrtbase.dll
0x00007ffd4d890000 - 0x00007ffd4d8a8000 	c:\Users\dellL\.vscode\extensions\redhat.java-1.53.0-win32-x64\jre\21.0.10-win32-x86_64\bin\jli.dll
0x00007ffd69010000 - 0x00007ffd691d5000 	C:\WINDOWS\System32\USER32.dll
0x00007ffd4d870000 - 0x00007ffd4d88e000 	c:\Users\dellL\.vscode\extensions\redhat.java-1.53.0-win32-x64\jre\21.0.10-win32-x86_64\bin\VCRUNTIME140.dll
0x00007ffd67ed0000 - 0x00007ffd67ef7000 	C:\WINDOWS\System32\win32u.dll
0x00007ffd43d30000 - 0x00007ffd43fc3000 	C:\WINDOWS\WinSxS\amd64_microsoft.windows.common-controls_6595b64144ccf1df_6.0.26100.8037_none_3e092faae333b53b\COMCTL32.dll
0x00007ffd69630000 - 0x00007ffd6965b000 	C:\WINDOWS\System32\GDI32.dll
0x00007ffd68f50000 - 0x00007ffd68ff9000 	C:\WINDOWS\System32\msvcrt.dll
0x00007ffd68770000 - 0x00007ffd6889b000 	C:\WINDOWS\System32\gdi32full.dll
0x00007ffd67aa0000 - 0x00007ffd67b43000 	C:\WINDOWS\System32\msvcp_win.dll
0x00007ffd69570000 - 0x00007ffd695a1000 	C:\WINDOWS\System32\IMM32.DLL
0x00007ffd62160000 - 0x00007ffd6216c000 	c:\Users\dellL\.vscode\extensions\redhat.java-1.53.0-win32-x64\jre\21.0.10-win32-x86_64\bin\vcruntime140_1.dll
0x00007ffd4d3f0000 - 0x00007ffd4d47d000 	c:\Users\dellL\.vscode\extensions\redhat.java-1.53.0-win32-x64\jre\21.0.10-win32-x86_64\bin\msvcp140.dll
0x00007ffc62d40000 - 0x00007ffc63ae1000 	c:\Users\dellL\.vscode\extensions\redhat.java-1.53.0-win32-x64\jre\21.0.10-win32-x86_64\bin\server\jvm.dll
0x00007ffd6aa00000 - 0x00007ffd6aabb000 	C:\WINDOWS\System32\ADVAPI32.dll
0x00007ffd68b00000 - 0x00007ffd68ba7000 	C:\WINDOWS\System32\sechost.dll
0x00007ffd697d0000 - 0x00007ffd698e8000 	C:\WINDOWS\System32\RPCRT4.dll
0x00007ffd69f70000 - 0x00007ffd69fe4000 	C:\WINDOWS\System32\WS2_32.dll
0x00007ffd67240000 - 0x00007ffd6729e000 	C:\WINDOWS\SYSTEM32\POWRPROF.dll
0x00007ffd55ea0000 - 0x00007ffd55eab000 	C:\WINDOWS\SYSTEM32\VERSION.dll
0x00007ffd64520000 - 0x00007ffd64555000 	C:\WINDOWS\SYSTEM32\WINMM.dll
0x00007ffd67220000 - 0x00007ffd67234000 	C:\WINDOWS\SYSTEM32\UMPDC.dll
0x00007ffd66170000 - 0x00007ffd6618b000 	C:\WINDOWS\SYSTEM32\kernel.appcore.dll
0x00007ffd5fa60000 - 0x00007ffd5fa6a000 	c:\Users\dellL\.vscode\extensions\redhat.java-1.53.0-win32-x64\jre\21.0.10-win32-x86_64\bin\jimage.dll
0x00007ffd64f40000 - 0x00007ffd65182000 	C:\WINDOWS\SYSTEM32\DBGHELP.DLL
0x00007ffd691e0000 - 0x00007ffd69562000 	C:\WINDOWS\System32\combase.dll
0x00007ffd68bb0000 - 0x00007ffd68c87000 	C:\WINDOWS\System32\OLEAUT32.dll
0x00007ffd644e0000 - 0x00007ffd6451b000 	C:\WINDOWS\SYSTEM32\dbgcore.DLL
0x00007ffd67cd0000 - 0x00007ffd67d75000 	C:\WINDOWS\System32\bcryptPrimitives.dll
0x00007ffd57d10000 - 0x00007ffd57d1f000 	c:\Users\dellL\.vscode\extensions\redhat.java-1.53.0-win32-x64\jre\21.0.10-win32-x86_64\bin\instrument.dll
0x00007ffd4d850000 - 0x00007ffd4d870000 	c:\Users\dellL\.vscode\extensions\redhat.java-1.53.0-win32-x64\jre\21.0.10-win32-x86_64\bin\java.dll
0x00007ffd6a290000 - 0x00007ffd6a9ef000 	C:\WINDOWS\System32\SHELL32.dll
0x00007ffd673e0000 - 0x00007ffd6754a000 	C:\WINDOWS\System32\wintypes.dll
0x00007ffd67f00000 - 0x00007ffd68764000 	C:\WINDOWS\System32\windows.storage.dll
0x00007ffd688a0000 - 0x00007ffd68997000 	C:\WINDOWS\System32\SHCORE.dll
0x00007ffd69760000 - 0x00007ffd697c7000 	C:\WINDOWS\System32\shlwapi.dll
0x00007ffd67300000 - 0x00007ffd67329000 	C:\WINDOWS\SYSTEM32\profapi.dll
0x00007ffd4d830000 - 0x00007ffd4d848000 	c:\Users\dellL\.vscode\extensions\redhat.java-1.53.0-win32-x64\jre\21.0.10-win32-x86_64\bin\zip.dll
0x00007ffd57ac0000 - 0x00007ffd57ad0000 	C:\Users\dellL\.vscode\extensions\redhat.java-1.53.0-win32-x64\jre\21.0.10-win32-x86_64\bin\net.dll
0x00007ffd61930000 - 0x00007ffd61a57000 	C:\WINDOWS\SYSTEM32\WINHTTP.dll
0x00007ffd666e0000 - 0x00007ffd6674b000 	C:\WINDOWS\system32\mswsock.dll
0x00007ffd4d7a0000 - 0x00007ffd4d7b6000 	C:\Users\dellL\.vscode\extensions\redhat.java-1.53.0-win32-x64\jre\21.0.10-win32-x86_64\bin\nio.dll
0x00007ffd57a60000 - 0x00007ffd57a70000 	c:\Users\dellL\.vscode\extensions\redhat.java-1.53.0-win32-x64\jre\21.0.10-win32-x86_64\bin\verify.dll
0x00007ffd4d750000 - 0x00007ffd4d795000 	C:\Users\dellL\AppData\Roaming\Code\User\globalStorage\redhat.java\1.53.0\config_win\org.eclipse.equinox.launcher\org.eclipse.equinox.launcher.win32.win32.x86_64_1.3.0.v20260203-2149\eclipse_11919.dll
0x00007ffd6a090000 - 0x00007ffd6a225000 	C:\WINDOWS\System32\ole32.dll
0x00007ffd669c0000 - 0x00007ffd669db000 	C:\WINDOWS\SYSTEM32\CRYPTSP.dll
0x00007ffd660d0000 - 0x00007ffd66109000 	C:\WINDOWS\system32\rsaenh.dll
0x00007ffd66790000 - 0x00007ffd667c2000 	C:\WINDOWS\SYSTEM32\USERENV.dll
0x00007ffd672d0000 - 0x00007ffd672fa000 	C:\WINDOWS\SYSTEM32\bcrypt.dll
0x00007ffd669e0000 - 0x00007ffd669ec000 	C:\WINDOWS\SYSTEM32\CRYPTBASE.dll
0x00007ffd65b70000 - 0x00007ffd65ba3000 	C:\WINDOWS\SYSTEM32\IPHLPAPI.DLL
0x00007ffd6a080000 - 0x00007ffd6a08a000 	C:\WINDOWS\System32\NSI.dll
0x00007ffd4d700000 - 0x00007ffd4d749000 	C:\Users\dellL\AppData\Local\Temp\jna-95468203\jna14754182730290128804.dll
0x00007ffd69660000 - 0x00007ffd69668000 	C:\WINDOWS\System32\PSAPI.DLL
0x00007ffd61da0000 - 0x00007ffd61dbd000 	C:\WINDOWS\SYSTEM32\dhcpcsvc6.DLL
0x00007ffd61c00000 - 0x00007ffd61c23000 	C:\WINDOWS\SYSTEM32\dhcpcsvc.DLL
0x00007ffd66290000 - 0x00007ffd662c6000 	C:\WINDOWS\SYSTEM32\ntmarta.dll

JVMTI agents:
c:\Users\dellL\.vscode\extensions\redhat.java-1.53.0-win32-x64\lombok\lombok-1.18.39-4050.jar path:c:\Users\dellL\.vscode\extensions\redhat.java-1.53.0-win32-x64\jre\21.0.10-win32-x86_64\bin\instrument.dll, loaded, initialized, instrumentlib options:none

dbghelp: loaded successfully - version: 4.0.5 - missing functions: none
symbol engine: initialized successfully - sym options: 0x614 - pdb path: .;c:\Users\dellL\.vscode\extensions\redhat.java-1.53.0-win32-x64\jre\21.0.10-win32-x86_64\bin;C:\WINDOWS\SYSTEM32;C:\WINDOWS\WinSxS\amd64_microsoft.windows.common-controls_6595b64144ccf1df_6.0.26100.8037_none_3e092faae333b53b;c:\Users\dellL\.vscode\extensions\redhat.java-1.53.0-win32-x64\jre\21.0.10-win32-x86_64\bin\server;C:\Users\dellL\AppData\Roaming\Code\User\globalStorage\redhat.java\1.53.0\config_win\org.eclipse.equinox.launcher\org.eclipse.equinox.launcher.win32.win32.x86_64_1.3.0.v20260203-2149;C:\Users\dellL\AppData\Local\Temp\jna-95468203

VM Arguments:
jvm_args: --add-modules=ALL-SYSTEM --add-opens=java.base/java.util=ALL-UNNAMED --add-opens=java.base/java.lang=ALL-UNNAMED --add-opens=java.base/sun.nio.fs=ALL-UNNAMED -Declipse.application=org.eclipse.jdt.ls.core.id1 -Dosgi.bundles.defaultStartLevel=4 -Declipse.product=org.eclipse.jdt.ls.core.product -Djava.import.generatesMetadataFilesAtProjectRoot=false -DDetectVMInstallationsJob.disabled=true -Dfile.encoding=utf8 -XX:+UseParallelGC -XX:GCTimeRatio=4 -XX:AdaptiveSizePolicyWeight=90 -Dsun.zip.disableMemoryMapping=true -Xmx2G -Xms100m -Xlog:disable -javaagent:c:\Users\dellL\.vscode\extensions\redhat.java-1.53.0-win32-x64\lombok\lombok-1.18.39-4050.jar -XX:+HeapDumpOnOutOfMemoryError -XX:HeapDumpPath=c:\Users\dellL\AppData\Roaming\Code\User\workspaceStorage\52708e066fe511d177b12b427aa223b7\redhat.java -Daether.dependencyCollector.impl=bf 
java_command: c:\Users\dellL\.vscode\extensions\redhat.java-1.53.0-win32-x64\server\plugins\org.eclipse.equinox.launcher_1.7.100.v20251111-0406.jar -configuration c:\Users\dellL\AppData\Roaming\Code\User\globalStorage\redhat.java\1.53.0\config_win -data c:\Users\dellL\AppData\Roaming\Code\User\workspaceStorage\52708e066fe511d177b12b427aa223b7\redhat.java\jdt_ws --pipe=\\.\pipe\lsp-f7a59ea45977ac19e324b03e0f4ebe4c-sock
java_class_path (initial): c:\Users\dellL\.vscode\extensions\redhat.java-1.53.0-win32-x64\server\plugins\org.eclipse.equinox.launcher_1.7.100.v20251111-0406.jar
Launcher Type: SUN_STANDARD

[Global flags]
    uintx AdaptiveSizePolicyWeight                 = 90                                        {product} {command line}
     intx CICompilerCount                          = 12                                        {product} {ergonomic}
    uintx GCTimeRatio                              = 4                                         {product} {command line}
     bool HeapDumpOnOutOfMemoryError               = true                                   {manageable} {command line}
    ccstr HeapDumpPath                             = c:\Users\dellL\AppData\Roaming\Code\User\workspaceStorage\52708e066fe511d177b12b427aa223b7\redhat.java         {manageable} {command line}
   size_t InitialHeapSize                          = 104857600                                 {product} {command line}
   size_t MaxHeapSize                              = 2147483648                                {product} {command line}
   size_t MaxNewSize                               = 715653120                                 {product} {ergonomic}
   size_t MinHeapDeltaBytes                        = 524288                                    {product} {ergonomic}
   size_t MinHeapSize                              = 104857600                                 {product} {command line}
   size_t NewSize                                  = 34603008                                  {product} {ergonomic}
    uintx NonNMethodCodeHeapSize                   = 7602480                                {pd product} {ergonomic}
    uintx NonProfiledCodeHeapSize                  = 122027880                              {pd product} {ergonomic}
   size_t OldSize                                  = 70254592                                  {product} {ergonomic}
     bool PerfDisableSharedMem                     = true                                      {product} {ergonomic}
    uintx ProfiledCodeHeapSize                     = 122027880                              {pd product} {ergonomic}
    uintx ReservedCodeCacheSize                    = 251658240                              {pd product} {ergonomic}
     bool SegmentedCodeCache                       = true                                      {product} {ergonomic}
   size_t SoftMaxHeapSize                          = 2147483648                             {manageable} {ergonomic}
     bool UseCompressedOops                        = true                           {product lp64_product} {ergonomic}
     bool UseLargePagesIndividualAllocation        = false                                  {pd product} {ergonomic}
     bool UseParallelGC                            = true                                      {product} {command line}

Logging:
Log output configuration:
 #0: stdout all=off uptime,level,tags foldmultilines=false
 #1: stderr all=off uptime,level,tags foldmultilines=false

Release file:
JAVA_VERSION="21.0.10" 
MODULES="java.base java.compiler java.datatransfer java.xml java.prefs java.desktop java.instrument java.logging java.management java.security.sasl java.naming java.rmi java.management.rmi java.net.http java.scripting java.security.jgss java.transaction.xa java.sql java.sql.rowset java.xml.crypto java.se java.smartcardio jdk.accessibility jdk.internal.jvmstat jdk.attach jdk.charsets jdk.internal.opt jdk.zipfs jdk.compiler jdk.crypto.ec jdk.crypto.cryptoki jdk.crypto.mscapi jdk.dynalink jdk.internal.ed jdk.editpad jdk.hotspot.agent jdk.httpserver jdk.internal.le jdk.internal.vm.ci jdk.internal.vm.compiler jdk.internal.vm.compiler.management jdk.jartool jdk.javadoc jdk.jcmd jdk.management jdk.management.agent jdk.jconsole jdk.jdeps jdk.jdwp.agent jdk.jdi jdk.jfr jdk.jshell jdk.jsobject jdk.jstatd jdk.localedata jdk.management.jfr jdk.naming.dns jdk.naming.rmi jdk.net jdk.nio.mapmode jdk.random jdk.sctp jdk.security.auth jdk.security.jgss jdk.unsupported jdk.unsupported.desktop jdk.xml.dom" 

Environment Variables:
PATH=C:\Users\dellL\AppData\Local\Programs\Microsoft VS Code;C:\Program Files\Common Files\Oracle\Java\javapath;C:\Program Files (x86)\Common Files\Oracle\Java\java8path;C:\Program Files (x86)\Common Files\Oracle\Java\javapath;C:\WINDOWS\system32;C:\WINDOWS;C:\WINDOWS\System32\Wbem;C:\WINDOWS\System32\WindowsPowerShell\v1.0\;C:\WINDOWS\System32\OpenSSH\;C:\Program Files\dotnet\;C:\Program Files\Microsoft SQL Server\150\Tools\Binn\;C:\Program Files\Microsoft SQL Server\Client SDK\ODBC\170\Tools\Binn\;C:\Program Files\nodejs\;C:\Program Files\Git\cmd;C:\Program Files\Docker\Docker\resources\bin;C:\Program Files (x86)\Windows Kits\10\Windows Performance Toolkit\;C:\Program Files\Pandoc\;C:\Program Files\MiKTeX\miktex\bin\x64\;C:\Program Files\Microsoft SQL Server\170\Tools\Binn\;C:\Users\dellL\.cargo\bin;C:\Users\dellL\AppData\Local\Programs\Python\Python310\Scripts\;C:\Users\dellL\AppData\Local\Programs\Python\Python310\;c:\Users\dellL\AppData\Local\Programs\Trae\bin;C:\Users\dellL\AppData\Local\Programs\Python\Python313\Scripts\;C:\Users\dellL\AppData\Local\Programs\Python\Python313\;C:\msys64\ucrt64\bin;C:\Users\dellL\AppData\Local\Microsoft\WindowsApps;C:\Users\dellL\AppData\Local\Programs\Microsoft VS Code\bin;C:\MinGW\bin;C:\cygwin64\bin;C:\Users\dellL\.dotnet\tools;C:\Users\dellL\.lmstudio\bin;C:\Users\dellL\AppData\Roaming\npm;C:\msys64\mingw64\bin;C:\Users\dellL\AppData\Local\bin\NASM;C:\Program Files\Java\jdk-24\bin;C:\Program Files (x86)\Nmap;C:\Program Files\JetBrains\IntelliJ IDEA 2025.2\bin;C:\Users\dellL\.dotnet\tools;C:\Program Files\JetBrains\PyCharm 2025.3.1\bin
USERNAME=dellL
OS=Windows_NT
PROCESSOR_IDENTIFIER=Intel64 Family 6 Model 170 Stepping 4, GenuineIntel
TMP=C:\Users\dellL\AppData\Local\Temp
TEMP=C:\Users\dellL\AppData\Local\Temp




Periodic native trim disabled

---------------  S Y S T E M  ---------------

OS:
 Windows 11 , 64 bit Build 26100 (10.0.26100.7920)
OS uptime: 5 days 20:51 hours
Hyper-V role detected

CPU: total 22 (initial active 22) (11 cores per cpu, 2 threads per core) family 6 model 170 stepping 4 microcode 0x24, cx8, cmov, fxsr, ht, mmx, 3dnowpref, sse, sse2, sse3, ssse3, sse4.1, sse4.2, popcnt, lzcnt, tsc, tscinvbit, avx, avx2, aes, erms, clmul, bmi1, bmi2, adx, sha, fma, vzeroupper, clflush, clflushopt, clwb, hv, serialize, rdtscp, rdpid, fsrm, f16c, cet_ibt, cet_ss
Processor Information for processor 0
  Max Mhz: 1400, Current Mhz: 1400, Mhz Limit: 1400
Processor Information for processor 1
  Max Mhz: 1400, Current Mhz: 1400, Mhz Limit: 1400
Processor Information for processor 2
  Max Mhz: 3800, Current Mhz: 900, Mhz Limit: 874
Processor Information for processor 3
  Max Mhz: 3800, Current Mhz: 900, Mhz Limit: 874
Processor Information for processor 4
  Max Mhz: 3800, Current Mhz: 900, Mhz Limit: 874
Processor Information for processor 5
  Max Mhz: 3800, Current Mhz: 900, Mhz Limit: 874
Processor Information for processor 6
  Max Mhz: 3800, Current Mhz: 900, Mhz Limit: 874
Processor Information for processor 7
  Max Mhz: 3800, Current Mhz: 900, Mhz Limit: 874
Processor Information for processor 8
  Max Mhz: 3800, Current Mhz: 900, Mhz Limit: 874
Processor Information for processor 9
  Max Mhz: 3800, Current Mhz: 900, Mhz Limit: 874
Processor Information for processor 10
  Max Mhz: 1400, Current Mhz: 1400, Mhz Limit: 1400
Processor Information for processor 11
  Max Mhz: 1400, Current Mhz: 1400, Mhz Limit: 1400
Processor Information for processor 12
  Max Mhz: 1400, Current Mhz: 1400, Mhz Limit: 1400
Processor Information for processor 13
  Max Mhz: 1400, Current Mhz: 1400, Mhz Limit: 1400
Processor Information for processor 14
  Max Mhz: 1400, Current Mhz: 1400, Mhz Limit: 1400
Processor Information for processor 15
  Max Mhz: 1400, Current Mhz: 1400, Mhz Limit: 1400
Processor Information for processor 16
  Max Mhz: 1400, Current Mhz: 1400, Mhz Limit: 1400
Processor Information for processor 17
  Max Mhz: 1400, Current Mhz: 1400, Mhz Limit: 1400
Processor Information for processor 18
  Max Mhz: 1400, Current Mhz: 1400, Mhz Limit: 1400
Processor Information for processor 19
  Max Mhz: 1400, Current Mhz: 1400, Mhz Limit: 1400
Processor Information for processor 20
  Max Mhz: 2500, Current Mhz: 700, Mhz Limit: 700
Processor Information for processor 21
  Max Mhz: 2500, Current Mhz: 700, Mhz Limit: 700

Memory: 4k page, system-wide physical 15828M (541M free)
TotalPageFile size 64980M (AvailPageFile size 14M)
current process WorkingSet (physical memory assigned to process): 361M, peak: 381M
current process commit charge ("private bytes"): 464M, peak: 482M

vm_info: OpenJDK 64-Bit Server VM (21.0.10+7-LTS) for windows-amd64 JRE (21.0.10+7-LTS), built on 2026-01-20T00:00:00Z by "admin" with MS VC++ 17.12 (VS2022)

END.
