#
# There is insufficient memory for the Java Runtime Environment to continue.
# Native memory allocation (malloc) failed to allocate 2154608 bytes. Error detail: Chunk::new
# Possible reasons:
#   The system is out of physical RAM or swap space
#   This process is running with CompressedOops enabled, and the Java Heap may be blocking the growth of the native heap
# Possible solutions:
#   Reduce memory load on the system
#   Increase physical memory or swap space
#   Check if swap backing store is full
#   Decrease Java heap size (-Xmx/-Xms)
#   Decrease number of Java threads
#   Decrease Java thread stack sizes (-Xss)
#   Set larger code cache with -XX:ReservedCodeCacheSize=
#   JVM is running with Unscaled Compressed Oops mode in which the Java heap is
#     placed in the first 4GB address space. The Java Heap base address is the
#     maximum limit for the native heap growth. Please use -XX:HeapBaseMinAddress
#     to set the Java Heap base and to place the Java Heap above 4GB virtual address.
# This output file may be truncated or incomplete.
#
#  Out of Memory Error (arena.cpp:168), pid=29888, tid=36860
#
# JRE version: OpenJDK Runtime Environment Temurin-21.0.10+7 (21.0.10+7) (build 21.0.10+7-LTS)
# Java VM: OpenJDK 64-Bit Server VM Temurin-21.0.10+7 (21.0.10+7-LTS, mixed mode, sharing, tiered, compressed oops, compressed class ptrs, parallel gc, windows-amd64)
# No core dump will be written. Minidumps are not enabled by default on client versions of Windows
#

---------------  S U M M A R Y ------------

Command Line: --add-modules=ALL-SYSTEM --add-opens=java.base/java.util=ALL-UNNAMED --add-opens=java.base/java.lang=ALL-UNNAMED --add-opens=java.base/sun.nio.fs=ALL-UNNAMED -Declipse.application=org.eclipse.jdt.ls.core.id1 -Dosgi.bundles.defaultStartLevel=4 -Declipse.product=org.eclipse.jdt.ls.core.product -Djava.import.generatesMetadataFilesAtProjectRoot=false -DDetectVMInstallationsJob.disabled=true -Dfile.encoding=utf8 -XX:+UseParallelGC -XX:GCTimeRatio=4 -XX:AdaptiveSizePolicyWeight=90 -Dsun.zip.disableMemoryMapping=true -Xmx2G -Xms100m -Xlog:disable -javaagent:c:\Users\dellL\.vscode\extensions\redhat.java-1.53.0-win32-x64\lombok\lombok-1.18.39-4050.jar -XX:+HeapDumpOnOutOfMemoryError -XX:HeapDumpPath=c:\Users\dellL\AppData\Roaming\Code\User\workspaceStorage\52708e066fe511d177b12b427aa223b7\redhat.java -Daether.dependencyCollector.impl=bf c:\Users\dellL\.vscode\extensions\redhat.java-1.53.0-win32-x64\server\plugins\org.eclipse.equinox.launcher_1.7.100.v20251111-0406.jar -configuration c:\Users\dellL\AppData\Roaming\Code\User\globalStorage\redhat.java\1.53.0\config_win -data c:\Users\dellL\AppData\Roaming\Code\User\workspaceStorage\52708e066fe511d177b12b427aa223b7\redhat.java\jdt_ws --pipe=\\.\pipe\lsp-dacbd400c4d80303d07e58c6fce66c7d-sock

Host: Intel(R) Core(TM) Ultra 7 155H, 22 cores, 15G,  Windows 11 , 64 bit Build 26100 (10.0.26100.7920)
Time: Wed Apr  1 15:07:52 2026 W. Central Africa Standard Time elapsed time: 12.669394 seconds (0d 0h 0m 12s)

---------------  T H R E A D  ---------------

Current thread (0x00000211d0effaf0):  JavaThread "C2 CompilerThread0" daemon [_thread_in_native, id=36860, stack(0x000000c743900000,0x000000c743a00000) (1024K)]


Current CompileTask:
C2:12669 6640   !   4       org.eclipse.osgi.internal.loader.classpath.ClasspathManager::findClassImpl (328 bytes)

Stack: [0x000000c743900000,0x000000c743a00000]
Native frames: (J=compiled Java code, j=interpreted, Vv=VM code, C=native code)
V  [jvm.dll+0x6d7a39]
V  [jvm.dll+0x8b4b26]
V  [jvm.dll+0x8b70de]
V  [jvm.dll+0x8b77c3]
V  [jvm.dll+0x284346]
V  [jvm.dll+0xc66ed]
V  [jvm.dll+0xc6c31]
V  [jvm.dll+0x3bec3b]
V  [jvm.dll+0x1e3f69]
V  [jvm.dll+0x24c6b3]
V  [jvm.dll+0x24bb40]
V  [jvm.dll+0x1cb34e]
V  [jvm.dll+0x25b85d]
V  [jvm.dll+0x259dea]
V  [jvm.dll+0x3f857e]
V  [jvm.dll+0x85f59d]
V  [jvm.dll+0x6d626d]
C  [ucrtbase.dll+0x37b0]
C  [KERNEL32.DLL+0x2e8d7]
C  [ntdll.dll+0x8c48c]


---------------  P R O C E S S  ---------------

Threads class SMR info:
_java_thread_list=0x00000211da3d36e0, length=114, elements={
0x00000211f5b67040, 0x00000211f7ff2490, 0x00000211f7ff52c0, 0x00000211f7ff8990,
0x00000211f7ffd910, 0x00000211f7ffe840, 0x00000211d0ed8700, 0x00000211d0effaf0,
0x00000211d0f03fd0, 0x00000211d0fc4040, 0x00000211d1150370, 0x00000211d1175f60,
0x00000211d31f55a0, 0x00000211d80b8350, 0x00000211d827e9e0, 0x00000211d36a0120,
0x00000211d842e210, 0x00000211d88456f0, 0x00000211d88793e0, 0x00000211d862ae80,
0x00000211d8a0df50, 0x00000211d8a0d230, 0x00000211d8a0e5e0, 0x00000211d311c8e0,
0x00000211d8a0ec70, 0x00000211d9a3d5e0, 0x00000211d8a0be80, 0x00000211d8a0d8c0,
0x00000211d8a0cba0, 0x00000211d8c43150, 0x00000211d8c41710, 0x00000211d8c41da0,
0x00000211d8c42430, 0x00000211d8c42ac0, 0x00000211d8c44500, 0x00000211d8c41080,
0x00000211d8c46c60, 0x00000211d8c45f40, 0x00000211d8c45220, 0x00000211d8c437e0,
0x00000211d8c458b0, 0x00000211d8c465d0, 0x00000211d8c472f0, 0x00000211d8c43e70,
0x00000211d8c47980, 0x00000211d8c48010, 0x00000211d8c44b90, 0x00000211d8c486a0,
0x00000211dadf31a0, 0x00000211dadf10d0, 0x00000211dadf2b10, 0x00000211dadf1df0,
0x00000211dadf3830, 0x00000211dadf4550, 0x00000211dadf3ec0, 0x00000211dadf4be0,
0x00000211dadf2480, 0x00000211dadf1760, 0x00000211dadf86f0, 0x00000211dadf6cb0,
0x00000211dadf7340, 0x00000211dadf79d0, 0x00000211dadf5f90, 0x00000211dadf6620,
0x00000211dadf8060, 0x00000211dadf5270, 0x00000211dadf5900, 0x00000211daef1c80,
0x00000211daeefbb0, 0x00000211daef0240, 0x00000211daeeee90, 0x00000211daeef520,
0x00000211daef3030, 0x00000211daef2310, 0x00000211daef3d50, 0x00000211daef08d0,
0x00000211daef43e0, 0x00000211daef0f60, 0x00000211daef36c0, 0x00000211daef4a70,
0x00000211daef15f0, 0x00000211daef5790, 0x00000211daef29a0, 0x00000211daef5100,
0x00000211daef5e20, 0x00000211daef64b0, 0x00000211db2015b0, 0x00000211db2022d0,
0x00000211db202960, 0x00000211db200200, 0x00000211db202ff0, 0x00000211db200890,
0x00000211db203d10, 0x00000211db203680, 0x00000211db2043a0, 0x00000211db201c40,
0x00000211db200f20, 0x00000211db2050c0, 0x00000211db205750, 0x00000211db206470,
0x00000211db205de0, 0x00000211db206b00, 0x00000211db204a30, 0x00000211db207190,
0x00000211db207820, 0x00000211da0e73b0, 0x00000211da0e5970, 0x00000211da0e9480,
0x00000211da0e6690, 0x00000211da0e6d20, 0x00000211da0e8760, 0x00000211da0e7a40,
0x00000211da0e80d0, 0x00000211da0e8df0
}

Java Threads: ( => current thread )
  0x00000211f5b67040 JavaThread "main"                              [_thread_blocked, id=27796, stack(0x000000c742f00000,0x000000c743000000) (1024K)]
  0x00000211f7ff2490 JavaThread "Reference Handler"          daemon [_thread_blocked, id=36972, stack(0x000000c743300000,0x000000c743400000) (1024K)]
  0x00000211f7ff52c0 JavaThread "Finalizer"                  daemon [_thread_blocked, id=47116, stack(0x000000c743400000,0x000000c743500000) (1024K)]
  0x00000211f7ff8990 JavaThread "Signal Dispatcher"          daemon [_thread_blocked, id=37488, stack(0x000000c743500000,0x000000c743600000) (1024K)]
  0x00000211f7ffd910 JavaThread "Attach Listener"            daemon [_thread_blocked, id=45120, stack(0x000000c743600000,0x000000c743700000) (1024K)]
  0x00000211f7ffe840 JavaThread "Service Thread"             daemon [_thread_blocked, id=34480, stack(0x000000c743700000,0x000000c743800000) (1024K)]
  0x00000211d0ed8700 JavaThread "Monitor Deflation Thread"   daemon [_thread_blocked, id=19296, stack(0x000000c743800000,0x000000c743900000) (1024K)]
=>0x00000211d0effaf0 JavaThread "C2 CompilerThread0"         daemon [_thread_in_native, id=36860, stack(0x000000c743900000,0x000000c743a00000) (1024K)]
  0x00000211d0f03fd0 JavaThread "C1 CompilerThread0"         daemon [_thread_blocked, id=7968, stack(0x000000c743a00000,0x000000c743b00000) (1024K)]
  0x00000211d0fc4040 JavaThread "C1 CompilerThread1"         daemon [_thread_in_vm, id=34452, stack(0x000000c743b00000,0x000000c743c00000) (1024K)]
  0x00000211d1150370 JavaThread "Common-Cleaner"             daemon [_thread_blocked, id=20668, stack(0x000000c743d00000,0x000000c743e00000) (1024K)]
  0x00000211d1175f60 JavaThread "C1 CompilerThread2"         daemon [_thread_blocked, id=39940, stack(0x000000c743e00000,0x000000c743f00000) (1024K)]
  0x00000211d31f55a0 JavaThread "Notification Thread"        daemon [_thread_blocked, id=44072, stack(0x000000c744100000,0x000000c744200000) (1024K)]
  0x00000211d80b8350 JavaThread "Active Thread: Equinox Container: 7d882ce2-d884-477a-b23e-f53f85951593"        [_thread_blocked, id=32584, stack(0x000000c744800000,0x000000c744900000) (1024K)]
  0x00000211d827e9e0 JavaThread "Refresh Thread: Equinox Container: 7d882ce2-d884-477a-b23e-f53f85951593" daemon [_thread_blocked, id=5252, stack(0x000000c744a00000,0x000000c744b00000) (1024K)]
  0x00000211d36a0120 JavaThread "Framework Event Dispatcher: Equinox Container: 7d882ce2-d884-477a-b23e-f53f85951593" daemon [_thread_blocked, id=32132, stack(0x000000c744b00000,0x000000c744c00000) (1024K)]
  0x00000211d842e210 JavaThread "Start Level: Equinox Container: 7d882ce2-d884-477a-b23e-f53f85951593" daemon [_thread_blocked, id=48228, stack(0x000000c744c00000,0x000000c744d00000) (1024K)]
  0x00000211d88456f0 JavaThread "Bundle File Closer"         daemon [_thread_blocked, id=34688, stack(0x000000c745000000,0x000000c745100000) (1024K)]
  0x00000211d88793e0 JavaThread "SCR Component Actor"        daemon [_thread_blocked, id=43340, stack(0x000000c745100000,0x000000c745200000) (1024K)]
  0x00000211d862ae80 JavaThread "Worker-JM"                         [_thread_blocked, id=47540, stack(0x000000c745200000,0x000000c745300000) (1024K)]
  0x00000211d8a0df50 JavaThread "JNA Cleaner"                daemon [_thread_blocked, id=44412, stack(0x000000c743c00000,0x000000c743d00000) (1024K)]
  0x00000211d8a0d230 JavaThread "Worker-0"                          [_thread_blocked, id=23904, stack(0x000000c744000000,0x000000c744100000) (1024K)]
  0x00000211d8a0e5e0 JavaThread "Worker-1: Java indexing... "        [_thread_blocked, id=1688, stack(0x000000c745500000,0x000000c745600000) (1024K)]
  0x00000211d311c8e0 JavaThread "C2 CompilerThread1"         daemon [_thread_in_native, id=45336, stack(0x000000c745600000,0x000000c745700000) (1024K)]
  0x00000211d8a0ec70 JavaThread "Worker-2: Building"                [_thread_blocked, id=42472, stack(0x000000c745900000,0x000000c745a00000) (1024K)]
  0x00000211d9a3d5e0 JavaThread "C2 CompilerThread2"         daemon [_thread_in_native, id=20180, stack(0x000000c745b00000,0x000000c745c00000) (1024K)]
  0x00000211d8a0be80 JavaThread "Java indexing"              daemon [_thread_in_Java, id=42036, stack(0x000000c745c00000,0x000000c745d00000) (1024K)]
  0x00000211d8a0d8c0 JavaThread "Worker-3"                          [_thread_blocked, id=31456, stack(0x000000c745d00000,0x000000c745e00000) (1024K)]
  0x00000211d8a0cba0 JavaThread "Thread-1"                   daemon [_thread_in_native, id=40944, stack(0x000000c746000000,0x000000c746100000) (1024K)]
  0x00000211d8c43150 JavaThread "Thread-2"                   daemon [_thread_in_native, id=37092, stack(0x000000c746100000,0x000000c746200000) (1024K)]
  0x00000211d8c41710 JavaThread "Thread-3"                   daemon [_thread_in_native, id=41724, stack(0x000000c746200000,0x000000c746300000) (1024K)]
  0x00000211d8c41da0 JavaThread "Thread-4"                   daemon [_thread_in_native, id=37436, stack(0x000000c746300000,0x000000c746400000) (1024K)]
  0x00000211d8c42430 JavaThread "Thread-5"                   daemon [_thread_in_native, id=18820, stack(0x000000c746400000,0x000000c746500000) (1024K)]
  0x00000211d8c42ac0 JavaThread "Thread-6"                   daemon [_thread_in_native, id=48016, stack(0x000000c746500000,0x000000c746600000) (1024K)]
  0x00000211d8c44500 JavaThread "Thread-7"                   daemon [_thread_in_native, id=41684, stack(0x000000c746600000,0x000000c746700000) (1024K)]
  0x00000211d8c41080 JavaThread "Thread-8"                   daemon [_thread_in_native, id=16988, stack(0x000000c746700000,0x000000c746800000) (1024K)]
  0x00000211d8c46c60 JavaThread "Thread-9"                   daemon [_thread_in_native, id=37540, stack(0x000000c746800000,0x000000c746900000) (1024K)]
  0x00000211d8c45f40 JavaThread "Thread-10"                  daemon [_thread_in_native, id=15256, stack(0x000000c746900000,0x000000c746a00000) (1024K)]
  0x00000211d8c45220 JavaThread "Thread-11"                  daemon [_thread_in_native, id=27368, stack(0x000000c746a00000,0x000000c746b00000) (1024K)]
  0x00000211d8c437e0 JavaThread "Thread-12"                  daemon [_thread_in_native, id=43868, stack(0x000000c746b00000,0x000000c746c00000) (1024K)]
  0x00000211d8c458b0 JavaThread "Thread-13"                  daemon [_thread_in_native, id=47044, stack(0x000000c746c00000,0x000000c746d00000) (1024K)]
  0x00000211d8c465d0 JavaThread "Thread-14"                  daemon [_thread_in_native, id=43472, stack(0x000000c746d00000,0x000000c746e00000) (1024K)]
  0x00000211d8c472f0 JavaThread "Thread-15"                  daemon [_thread_in_native, id=24172, stack(0x000000c746e00000,0x000000c746f00000) (1024K)]
  0x00000211d8c43e70 JavaThread "Thread-16"                  daemon [_thread_in_native, id=34156, stack(0x000000c746f00000,0x000000c747000000) (1024K)]
  0x00000211d8c47980 JavaThread "Thread-17"                  daemon [_thread_in_native, id=44896, stack(0x000000c747000000,0x000000c747100000) (1024K)]
  0x00000211d8c48010 JavaThread "Thread-18"                  daemon [_thread_in_native, id=28004, stack(0x000000c747100000,0x000000c747200000) (1024K)]
  0x00000211d8c44b90 JavaThread "Thread-19"                  daemon [_thread_in_native, id=4840, stack(0x000000c747200000,0x000000c747300000) (1024K)]
  0x00000211d8c486a0 JavaThread "Thread-20"                  daemon [_thread_in_native, id=5664, stack(0x000000c747300000,0x000000c747400000) (1024K)]
  0x00000211dadf31a0 JavaThread "Thread-21"                  daemon [_thread_in_native, id=42304, stack(0x000000c747400000,0x000000c747500000) (1024K)]
  0x00000211dadf10d0 JavaThread "Thread-22"                  daemon [_thread_in_native, id=48520, stack(0x000000c747500000,0x000000c747600000) (1024K)]
  0x00000211dadf2b10 JavaThread "Thread-23"                  daemon [_thread_in_native, id=28188, stack(0x000000c747600000,0x000000c747700000) (1024K)]
  0x00000211dadf1df0 JavaThread "pool-2-thread-1"                   [_thread_blocked, id=47244, stack(0x000000c747700000,0x000000c747800000) (1024K)]
  0x00000211dadf3830 JavaThread "Worker-4: Repository registry initialization"        [_thread_in_vm, id=40548, stack(0x000000c747800000,0x000000c747900000) (1024K)]
  0x00000211dadf4550 JavaThread "WorkspaceEventsHandler"            [_thread_blocked, id=44824, stack(0x000000c747900000,0x000000c747a00000) (1024K)]
  0x00000211dadf3ec0 JavaThread "pool-1-thread-1"                   [_thread_blocked, id=32020, stack(0x000000c747a00000,0x000000c747b00000) (1024K)]
  0x00000211dadf4be0 JavaThread "LocalFile Deleter"          daemon [_thread_blocked, id=48356, stack(0x000000c747b00000,0x000000c747c00000) (1024K)]
  0x00000211dadf2480 JavaThread "LocalFile Deleter"          daemon [_thread_blocked, id=41184, stack(0x000000c747c00000,0x000000c747d00000) (1024K)]
  0x00000211dadf1760 JavaThread "LocalFile Deleter"          daemon [_thread_blocked, id=32456, stack(0x000000c747d00000,0x000000c747e00000) (1024K)]
  0x00000211dadf86f0 JavaThread "LocalFile Deleter"          daemon [_thread_blocked, id=40656, stack(0x000000c747e00000,0x000000c747f00000) (1024K)]
  0x00000211dadf6cb0 JavaThread "LocalFile Deleter"          daemon [_thread_blocked, id=36548, stack(0x000000c747f00000,0x000000c748000000) (1024K)]
  0x00000211dadf7340 JavaThread "LocalFile Deleter"          daemon [_thread_blocked, id=38900, stack(0x000000c748000000,0x000000c748100000) (1024K)]
  0x00000211dadf79d0 JavaThread "LocalFile Deleter"          daemon [_thread_blocked, id=35852, stack(0x000000c748100000,0x000000c748200000) (1024K)]
  0x00000211dadf5f90 JavaThread "LocalFile Deleter"          daemon [_thread_blocked, id=30336, stack(0x000000c748200000,0x000000c748300000) (1024K)]
  0x00000211dadf6620 JavaThread "LocalFile Deleter"          daemon [_thread_blocked, id=38180, stack(0x000000c748300000,0x000000c748400000) (1024K)]
  0x00000211dadf8060 JavaThread "LocalFile Deleter"          daemon [_thread_blocked, id=24796, stack(0x000000c748400000,0x000000c748500000) (1024K)]
  0x00000211dadf5270 JavaThread "LocalFile Deleter"          daemon [_thread_blocked, id=39136, stack(0x000000c748500000,0x000000c748600000) (1024K)]
  0x00000211dadf5900 JavaThread "LocalFile Deleter"          daemon [_thread_blocked, id=41896, stack(0x000000c748600000,0x000000c748700000) (1024K)]
  0x00000211daef1c80 JavaThread "LocalFile Deleter"          daemon [_thread_blocked, id=33456, stack(0x000000c748700000,0x000000c748800000) (1024K)]
  0x00000211daeefbb0 JavaThread "LocalFile Deleter"          daemon [_thread_blocked, id=30740, stack(0x000000c748800000,0x000000c748900000) (1024K)]
  0x00000211daef0240 JavaThread "LocalFile Deleter"          daemon [_thread_blocked, id=26852, stack(0x000000c748900000,0x000000c748a00000) (1024K)]
  0x00000211daeeee90 JavaThread "LocalFile Deleter"          daemon [_thread_blocked, id=40660, stack(0x000000c748a00000,0x000000c748b00000) (1024K)]
  0x00000211daeef520 JavaThread "LocalFile Deleter"          daemon [_thread_blocked, id=5892, stack(0x000000c748b00000,0x000000c748c00000) (1024K)]
  0x00000211daef3030 JavaThread "LocalFile Deleter"          daemon [_thread_blocked, id=42312, stack(0x000000c748c00000,0x000000c748d00000) (1024K)]
  0x00000211daef2310 JavaThread "LocalFile Deleter"          daemon [_thread_blocked, id=38024, stack(0x000000c748d00000,0x000000c748e00000) (1024K)]
  0x00000211daef3d50 JavaThread "LocalFile Deleter"          daemon [_thread_blocked, id=43480, stack(0x000000c748e00000,0x000000c748f00000) (1024K)]
  0x00000211daef08d0 JavaThread "LocalFile Deleter"          daemon [_thread_blocked, id=41532, stack(0x000000c748f00000,0x000000c749000000) (1024K)]
  0x00000211daef43e0 JavaThread "LocalFile Deleter"          daemon [_thread_blocked, id=26580, stack(0x000000c749000000,0x000000c749100000) (1024K)]
  0x00000211daef0f60 JavaThread "Compiler Source File Reader" daemon [_thread_blocked, id=7836, stack(0x000000c749100000,0x000000c749200000) (1024K)]
  0x00000211daef36c0 JavaThread "Compiler Source File Reader" daemon [_thread_blocked, id=580, stack(0x000000c749200000,0x000000c749300000) (1024K)]
  0x00000211daef4a70 JavaThread "Compiler Source File Reader" daemon [_thread_blocked, id=38776, stack(0x000000c749300000,0x000000c749400000) (1024K)]
  0x00000211daef15f0 JavaThread "Compiler Source File Reader" daemon [_thread_blocked, id=15152, stack(0x000000c749400000,0x000000c749500000) (1024K)]
  0x00000211daef5790 JavaThread "Compiler Source File Reader" daemon [_thread_blocked, id=46636, stack(0x000000c749500000,0x000000c749600000) (1024K)]
  0x00000211daef29a0 JavaThread "Compiler Source File Reader" daemon [_thread_blocked, id=48868, stack(0x000000c749600000,0x000000c749700000) (1024K)]
  0x00000211daef5100 JavaThread "Compiler Source File Reader" daemon [_thread_blocked, id=32392, stack(0x000000c749700000,0x000000c749800000) (1024K)]
  0x00000211daef5e20 JavaThread "Compiler Source File Reader" daemon [_thread_blocked, id=9064, stack(0x000000c749800000,0x000000c749900000) (1024K)]
  0x00000211daef64b0 JavaThread "Compiler Source File Reader" daemon [_thread_blocked, id=16612, stack(0x000000c749900000,0x000000c749a00000) (1024K)]
  0x00000211db2015b0 JavaThread "Compiler Source File Reader" daemon [_thread_blocked, id=27088, stack(0x000000c749a00000,0x000000c749b00000) (1024K)]
  0x00000211db2022d0 JavaThread "Compiler Source File Reader" daemon [_thread_blocked, id=34508, stack(0x000000c749b00000,0x000000c749c00000) (1024K)]
  0x00000211db202960 JavaThread "Compiler Source File Reader" daemon [_thread_blocked, id=38396, stack(0x000000c749c00000,0x000000c749d00000) (1024K)]
  0x00000211db200200 JavaThread "Compiler Source File Reader" daemon [_thread_blocked, id=44904, stack(0x000000c749d00000,0x000000c749e00000) (1024K)]
  0x00000211db202ff0 JavaThread "Compiler Source File Reader" daemon [_thread_blocked, id=48864, stack(0x000000c749e00000,0x000000c749f00000) (1024K)]
  0x00000211db200890 JavaThread "Compiler Source File Reader" daemon [_thread_blocked, id=24384, stack(0x000000c749f00000,0x000000c74a000000) (1024K)]
  0x00000211db203d10 JavaThread "Compiler Processing Task"   daemon [_thread_blocked, id=46748, stack(0x000000c74a000000,0x000000c74a100000) (1024K)]
  0x00000211db203680 JavaThread "Compiler Class File Writer" daemon [_thread_blocked, id=49056, stack(0x000000c74a100000,0x000000c74a200000) (1024K)]
  0x00000211db2043a0 JavaThread "ForkJoinPool.commonPool-worker-1" daemon [_thread_blocked, id=42524, stack(0x000000c74a200000,0x000000c74a300000) (1024K)]
  0x00000211db201c40 JavaThread "Compiler Class File Writer" daemon [_thread_blocked, id=46072, stack(0x000000c74a300000,0x000000c74a400000) (1024K)]
  0x00000211db200f20 JavaThread "Compiler Class File Writer" daemon [_thread_blocked, id=48420, stack(0x000000c74a400000,0x000000c74a500000) (1024K)]
  0x00000211db2050c0 JavaThread "Compiler Class File Writer" daemon [_thread_blocked, id=38548, stack(0x000000c74a500000,0x000000c74a600000) (1024K)]
  0x00000211db205750 JavaThread "Compiler Class File Writer" daemon [_thread_blocked, id=42972, stack(0x000000c74a600000,0x000000c74a700000) (1024K)]
  0x00000211db206470 JavaThread "Compiler Class File Writer" daemon [_thread_blocked, id=19368, stack(0x000000c74a700000,0x000000c74a800000) (1024K)]
  0x00000211db205de0 JavaThread "Compiler Class File Writer" daemon [_thread_blocked, id=24380, stack(0x000000c74a800000,0x000000c74a900000) (1024K)]
  0x00000211db206b00 JavaThread "Compiler Class File Writer" daemon [_thread_blocked, id=28060, stack(0x000000c74a900000,0x000000c74aa00000) (1024K)]
  0x00000211db204a30 JavaThread "Compiler Class File Writer" daemon [_thread_blocked, id=39696, stack(0x000000c74aa00000,0x000000c74ab00000) (1024K)]
  0x00000211db207190 JavaThread "Compiler Class File Writer" daemon [_thread_blocked, id=41560, stack(0x000000c74ab00000,0x000000c74ac00000) (1024K)]
  0x00000211db207820 JavaThread "Compiler Class File Writer" daemon [_thread_blocked, id=49116, stack(0x000000c74ac00000,0x000000c74ad00000) (1024K)]
  0x00000211da0e73b0 JavaThread "Compiler Class File Writer" daemon [_thread_blocked, id=46692, stack(0x000000c74ad00000,0x000000c74ae00000) (1024K)]
  0x00000211da0e5970 JavaThread "Compiler Class File Writer" daemon [_thread_blocked, id=32864, stack(0x000000c74ae00000,0x000000c74af00000) (1024K)]
  0x00000211da0e9480 JavaThread "Compiler Class File Writer" daemon [_thread_blocked, id=44792, stack(0x000000c74af00000,0x000000c74b000000) (1024K)]
  0x00000211da0e6690 JavaThread "Compiler Class File Writer" daemon [_thread_blocked, id=41444, stack(0x000000c74b000000,0x000000c74b100000) (1024K)]
  0x00000211da0e6d20 JavaThread "Compiler Class File Writer" daemon [_thread_blocked, id=22224, stack(0x000000c74b100000,0x000000c74b200000) (1024K)]
  0x00000211da0e8760 JavaThread "Compiler Class File Writer" daemon [_thread_blocked, id=46432, stack(0x000000c74b200000,0x000000c74b300000) (1024K)]
  0x00000211da0e7a40 JavaThread "Compiler Class File Writer" daemon [_thread_blocked, id=45456, stack(0x000000c74b300000,0x000000c74b400000) (1024K)]
  0x00000211da0e80d0 JavaThread "Compiler Class File Writer" daemon [_thread_blocked, id=6492, stack(0x000000c74b400000,0x000000c74b500000) (1024K)]
  0x00000211da0e8df0 JavaThread "Compiler Class File Writer" daemon [_thread_blocked, id=23980, stack(0x000000c74b500000,0x000000c74b600000) (1024K)]
Total: 114

Other Threads:
  0x00000211f80fa960 VMThread "VM Thread"                           [id=37844, stack(0x000000c743200000,0x000000c743300000) (1024K)]
  0x00000211f7edca00 WatcherThread "VM Periodic Task Thread"        [id=45504, stack(0x000000c743100000,0x000000c743200000) (1024K)]
  0x00000211f8076750 WorkerThread "GC Thread#0"                     [id=33432, stack(0x000000c743000000,0x000000c743100000) (1024K)]
  0x00000211d3527890 WorkerThread "GC Thread#1"                     [id=3792, stack(0x000000c744200000,0x000000c744300000) (1024K)]
  0x00000211d3528660 WorkerThread "GC Thread#2"                     [id=25156, stack(0x000000c744300000,0x000000c744400000) (1024K)]
  0x00000211d354b8b0 WorkerThread "GC Thread#3"                     [id=42268, stack(0x000000c744400000,0x000000c744500000) (1024K)]
  0x00000211d354c470 WorkerThread "GC Thread#4"                     [id=39128, stack(0x000000c744500000,0x000000c744600000) (1024K)]
  0x00000211d354c820 WorkerThread "GC Thread#5"                     [id=8268, stack(0x000000c744600000,0x000000c744700000) (1024K)]
  0x00000211d8042a80 WorkerThread "GC Thread#6"                     [id=27184, stack(0x000000c744700000,0x000000c744800000) (1024K)]
  0x00000211d80a3420 WorkerThread "GC Thread#7"                     [id=43120, stack(0x000000c744900000,0x000000c744a00000) (1024K)]
  0x00000211d80a1e00 WorkerThread "GC Thread#8"                     [id=15684, stack(0x000000c744d00000,0x000000c744e00000) (1024K)]
  0x00000211d80a3070 WorkerThread "GC Thread#9"                     [id=40308, stack(0x000000c744e00000,0x000000c744f00000) (1024K)]
  0x00000211d80a2cc0 WorkerThread "GC Thread#10"                    [id=28936, stack(0x000000c744f00000,0x000000c745000000) (1024K)]
  0x00000211d80a2560 WorkerThread "GC Thread#11"                    [id=43380, stack(0x000000c745300000,0x000000c745400000) (1024K)]
  0x00000211d80a2910 WorkerThread "GC Thread#12"                    [id=32428, stack(0x000000c745400000,0x000000c745500000) (1024K)]
  0x00000211d94cdc10 WorkerThread "GC Thread#13"                    [id=40512, stack(0x000000c745700000,0x000000c745800000) (1024K)]
  0x00000211d94cf5e0 WorkerThread "GC Thread#14"                    [id=46128, stack(0x000000c745800000,0x000000c745900000) (1024K)]
  0x00000211d94ccd50 WorkerThread "GC Thread#15"                    [id=10728, stack(0x000000c745a00000,0x000000c745b00000) (1024K)]
Total: 18

Threads with active compile tasks:
C2 CompilerThread0  13709 6640   !   4       org.eclipse.osgi.internal.loader.classpath.ClasspathManager::findClassImpl (328 bytes)
C1 CompilerThread0  13709 9363  s!   2       org.eclipse.jdt.internal.core.index.DiskIndex::readDocumentName (312 bytes)
C1 CompilerThread1  13710 9366       2       org.eclipse.jdt.internal.core.index.DiskIndex::addQueryResult (173 bytes)
C1 CompilerThread2  13710 9365       2       org.eclipse.jdt.internal.core.index.EntryResult::addDocumentName (29 bytes)
C2 CompilerThread1  13711 8738       4       org.eclipse.jdt.internal.compiler.lookup.BinaryTypeBinding::createMethod (1666 bytes)
C2 CompilerThread2  13712 8918       4       org.eclipse.jdt.internal.compiler.lookup.LookupEnvironment::getCachedType (122 bytes)
Total: 6

VM state: not at safepoint (normal execution)

VM Mutex/Monitor currently owned by a thread: None

Heap address: 0x0000000080000000, size: 2048 MB, Compressed Oops mode: 32-bit

CDS archive(s) mapped at: [0x000002118f000000-0x000002118fba0000-0x000002118fba0000), size 12189696, SharedBaseAddress: 0x000002118f000000, ArchiveRelocationMode: 1.
Compressed class space mapped at: 0x0000021190000000-0x00000211d0000000, reserved size: 1073741824
Narrow klass base: 0x000002118f000000, Narrow klass shift: 0, Narrow klass range: 0x100000000

GC Precious Log:
 CardTable entry size: 512
 CPUs: 22 total, 22 available
 Memory: 15828M
 Large Page Support: Disabled
 NUMA Support: Disabled
 Compressed Oops: Enabled (32-bit)
 Alignments: Space 512K, Generation 512K, Heap 2M
 Heap Min Capacity: 100M
 Heap Initial Capacity: 100M
 Heap Max Capacity: 2G
 Pre-touch: Disabled
 Parallel Workers: 16

Heap:
 PSYoungGen      total 17920K, used 3847K [0x00000000d5580000, 0x00000000d6a00000, 0x0000000100000000)
  eden space 14848K, 8% used [0x00000000d5580000,0x00000000d56c0e78,0x00000000d6400000)
  from space 3072K, 83% used [0x00000000d6400000,0x00000000d6681028,0x00000000d6700000)
  to   space 3072K, 0% used [0x00000000d6700000,0x00000000d6700000,0x00000000d6a00000)
 ParOldGen       total 68608K, used 56313K [0x0000000080000000, 0x0000000084300000, 0x00000000d5580000)
  object space 68608K, 82% used [0x0000000080000000,0x00000000836fe700,0x0000000084300000)
 Metaspace       used 55874K, committed 57280K, reserved 1114112K
  class space    used 5851K, committed 6464K, reserved 1048576K

Card table byte_map: [0x00000211f79f0000,0x00000211f7e00000] _byte_map_base: 0x00000211f75f0000

Marking Bits: (ParMarkBitMap*) 0x00007ffc63a03450
 Begin Bits: [0x00000211fb500000, 0x00000211fd500000)
 End Bits:   [0x00000211fd500000, 0x00000211ff500000)

Polling page: 0x00000211f5e00000

Metaspace:

Usage:
  Non-class:     48.85 MB used.
      Class:      5.71 MB used.
       Both:     54.56 MB used.

Virtual space:
  Non-class space:       64.00 MB reserved,      49.62 MB ( 78%) committed,  1 nodes.
      Class space:        1.00 GB reserved,       6.31 MB ( <1%) committed,  1 nodes.
             Both:        1.06 GB reserved,      55.94 MB (  5%) committed. 

Chunk freelists:
   Non-Class:  14.23 MB
       Class:  9.53 MB
        Both:  23.77 MB

MaxMetaspaceSize: unlimited
CompressedClassSpaceSize: 1.00 GB
Initial GC threshold: 21.00 MB
Current GC threshold: 58.38 MB
CDS: on
 - commit_granule_bytes: 65536.
 - commit_granule_words: 8192.
 - virtual_space_node_default_size: 8388608.
 - enlarge_chunks_in_place: 1.
 - use_allocation_guard: 0.


Internal statistics:

num_allocs_failed_limit: 6.
num_arena_births: 1128.
num_arena_deaths: 14.
num_vsnodes_births: 2.
num_vsnodes_deaths: 0.
num_space_committed: 895.
num_space_uncommitted: 0.
num_chunks_returned_to_freelist: 20.
num_chunks_taken_from_freelist: 3924.
num_chunk_merges: 11.
num_chunk_splits: 2274.
num_chunks_enlarged: 1104.
num_inconsistent_stats: 0.

CodeHeap 'non-profiled nmethods': size=119168Kb used=3591Kb max_used=3591Kb free=115576Kb
 bounds [0x0000021187ba0000, 0x0000021187f30000, 0x000002118f000000]
CodeHeap 'profiled nmethods': size=119104Kb used=18681Kb max_used=18681Kb free=100422Kb
 bounds [0x0000021180000000, 0x0000021181240000, 0x0000021187450000]
CodeHeap 'non-nmethods': size=7488Kb used=2540Kb max_used=3155Kb free=4947Kb
 bounds [0x0000021187450000, 0x0000021187770000, 0x0000021187ba0000]
CodeCache: size=245760Kb, used=24812Kb, max_used=25427Kb, free=220945Kb
 total_blobs=9349, nmethods=8626, adapters=626, full_count=0
Compilation: enabled, stopped_count=0, restarted_count=0

Compilation events (20 events):
Event: 11.637 Thread 0x00000211d11447c0 nmethod 9315 0x0000021181221990 code [0x0000021181221b60, 0x0000021181221f48]
Event: 11.637 Thread 0x00000211d1175f60 nmethod 9319 0x0000021181222190 code [0x0000021181222360, 0x0000021181222548]
Event: 11.637 Thread 0x00000211d0f03fd0 9318   !   2       jdk.proxy6.$Proxy25::annotationType (29 bytes)
Event: 11.637 Thread 0x00000211d11447c0 9317       1       com.google.inject.internal.KotlinSupport$KotlinUnsupported::isLocalClass (2 bytes)
Event: 11.637 Thread 0x00000211d1175f60 9320       2       java.lang.Class::getAnnotations (11 bytes)
Event: 11.637 Thread 0x00000211d11447c0 nmethod 9317 0x0000021187f21590 code [0x0000021187f21720, 0x0000021187f217e8]
Event: 11.637 Thread 0x00000211d0f03fd0 nmethod 9318 0x0000021181222690 code [0x0000021181222860, 0x0000021181222af0]
Event: 11.637 Thread 0x00000211d11447c0 9321       2       com.google.inject.internal.Annotations::findScopeAnnotation (9 bytes)
Event: 11.638 Thread 0x00000211d1175f60 nmethod 9320 0x0000021181222c90 code [0x0000021181222e60, 0x0000021181223048]
Event: 11.638 Thread 0x00000211d0f03fd0 9322       2       org.eclipse.jdt.internal.compiler.lookup.BinaryTypeBinding::getMethods (274 bytes)
Event: 11.638 Thread 0x00000211d11447c0 nmethod 9321 0x0000021181223190 code [0x0000021181223360, 0x0000021181223560]
Event: 11.638 Thread 0x00000211d0fc4040 nmethod 9316 0x0000021181223710 code [0x0000021181223a00, 0x0000021181224320]
Event: 11.638 Thread 0x00000211d11447c0 9323       2       org.eclipse.jdt.core.compiler.CharOperation::concat (71 bytes)
Event: 11.638 Thread 0x00000211d1175f60 9324       2       org.eclipse.jdt.internal.compiler.lookup.ConstraintTypeFormula::reduceSubType (911 bytes)
Event: 11.639 Thread 0x00000211d11447c0 nmethod 9323 0x0000021181224910 code [0x0000021181224b00, 0x0000021181224ec0]
Event: 11.639 Thread 0x00000211d9a3d5e0 8918       4       org.eclipse.jdt.internal.compiler.lookup.LookupEnvironment::getCachedType (122 bytes)
Event: 11.639 Thread 0x00000211d0f03fd0 nmethod 9322 0x0000021181225090 code [0x00000211812252e0, 0x0000021181225cb8]
Event: 11.641 Thread 0x00000211d1175f60 nmethod 9324 0x0000021181226290 code [0x0000021181226820, 0x0000021181228500]
Event: 11.642 Thread 0x00000211d11447c0 9325       1       org.eclipse.jdt.internal.compiler.lookup.LocalVariableBinding::kind (2 bytes)
Event: 11.642 Thread 0x00000211d11447c0 nmethod 9325 0x0000021187f21890 code [0x0000021187f21a20, 0x0000021187f21ae8]

GC Heap History (20 events):
Event: 5.421 GC heap after
{Heap after GC invocations=29 (full 2):
 PSYoungGen      total 20992K, used 1023K [0x00000000d5580000, 0x00000000d6d80000, 0x0000000100000000)
  eden space 19968K, 0% used [0x00000000d5580000,0x00000000d5580000,0x00000000d6900000)
  from space 1024K, 99% used [0x00000000d6c00000,0x00000000d6cffc00,0x00000000d6d00000)
  to   space 512K, 0% used [0x00000000d6d00000,0x00000000d6d00000,0x00000000d6d80000)
 ParOldGen       total 68608K, used 37783K [0x0000000080000000, 0x0000000084300000, 0x00000000d5580000)
  object space 68608K, 55% used [0x0000000080000000,0x00000000824e5dd0,0x0000000084300000)
 Metaspace       used 48766K, committed 49984K, reserved 1114112K
  class space    used 5132K, committed 5632K, reserved 1048576K
}
Event: 5.588 GC heap before
{Heap before GC invocations=30 (full 2):
 PSYoungGen      total 20992K, used 20991K [0x00000000d5580000, 0x00000000d6d80000, 0x0000000100000000)
  eden space 19968K, 100% used [0x00000000d5580000,0x00000000d6900000,0x00000000d6900000)
  from space 1024K, 99% used [0x00000000d6c00000,0x00000000d6cffc00,0x00000000d6d00000)
  to   space 512K, 0% used [0x00000000d6d00000,0x00000000d6d00000,0x00000000d6d80000)
 ParOldGen       total 68608K, used 37783K [0x0000000080000000, 0x0000000084300000, 0x00000000d5580000)
  object space 68608K, 55% used [0x0000000080000000,0x00000000824e5dd0,0x0000000084300000)
 Metaspace       used 50025K, committed 51328K, reserved 1114112K
  class space    used 5267K, committed 5824K, reserved 1048576K
}
Event: 5.591 GC heap after
{Heap after GC invocations=30 (full 2):
 PSYoungGen      total 15360K, used 487K [0x00000000d5580000, 0x00000000d7b00000, 0x0000000100000000)
  eden space 14848K, 0% used [0x00000000d5580000,0x00000000d5580000,0x00000000d6400000)
  from space 512K, 95% used [0x00000000d6d00000,0x00000000d6d79ce8,0x00000000d6d80000)
  to   space 9216K, 0% used [0x00000000d6400000,0x00000000d6400000,0x00000000d6d00000)
 ParOldGen       total 68608K, used 44983K [0x0000000080000000, 0x0000000084300000, 0x00000000d5580000)
  object space 68608K, 65% used [0x0000000080000000,0x0000000082bedca8,0x0000000084300000)
 Metaspace       used 50025K, committed 51328K, reserved 1114112K
  class space    used 5267K, committed 5824K, reserved 1048576K
}
Event: 5.680 GC heap before
{Heap before GC invocations=31 (full 2):
 PSYoungGen      total 15360K, used 15335K [0x00000000d5580000, 0x00000000d7b00000, 0x0000000100000000)
  eden space 14848K, 100% used [0x00000000d5580000,0x00000000d6400000,0x00000000d6400000)
  from space 512K, 95% used [0x00000000d6d00000,0x00000000d6d79ce8,0x00000000d6d80000)
  to   space 9216K, 0% used [0x00000000d6400000,0x00000000d6400000,0x00000000d6d00000)
 ParOldGen       total 68608K, used 44983K [0x0000000080000000, 0x0000000084300000, 0x00000000d5580000)
  object space 68608K, 65% used [0x0000000080000000,0x0000000082bedca8,0x0000000084300000)
 Metaspace       used 50372K, committed 51648K, reserved 1114112K
  class space    used 5312K, committed 5888K, reserved 1048576K
}
Event: 5.682 GC heap after
{Heap after GC invocations=31 (full 2):
 PSYoungGen      total 15872K, used 736K [0x00000000d5580000, 0x00000000d6d80000, 0x0000000100000000)
  eden space 14848K, 0% used [0x00000000d5580000,0x00000000d5580000,0x00000000d6400000)
  from space 1024K, 71% used [0x00000000d6400000,0x00000000d64b8000,0x00000000d6500000)
  to   space 3584K, 0% used [0x00000000d6a00000,0x00000000d6a00000,0x00000000d6d80000)
 ParOldGen       total 68608K, used 45470K [0x0000000080000000, 0x0000000084300000, 0x00000000d5580000)
  object space 68608K, 66% used [0x0000000080000000,0x0000000082c67a68,0x0000000084300000)
 Metaspace       used 50372K, committed 51648K, reserved 1114112K
  class space    used 5312K, committed 5888K, reserved 1048576K
}
Event: 5.747 GC heap before
{Heap before GC invocations=32 (full 2):
 PSYoungGen      total 15872K, used 15584K [0x00000000d5580000, 0x00000000d6d80000, 0x0000000100000000)
  eden space 14848K, 100% used [0x00000000d5580000,0x00000000d6400000,0x00000000d6400000)
  from space 1024K, 71% used [0x00000000d6400000,0x00000000d64b8000,0x00000000d6500000)
  to   space 3584K, 0% used [0x00000000d6a00000,0x00000000d6a00000,0x00000000d6d80000)
 ParOldGen       total 68608K, used 45470K [0x0000000080000000, 0x0000000084300000, 0x00000000d5580000)
  object space 68608K, 66% used [0x0000000080000000,0x0000000082c67a68,0x0000000084300000)
 Metaspace       used 50861K, committed 52096K, reserved 1114112K
  class space    used 5367K, committed 5888K, reserved 1048576K
}
Event: 5.749 GC heap after
{Heap after GC invocations=32 (full 2):
 PSYoungGen      total 15872K, used 718K [0x00000000d5580000, 0x00000000d6b00000, 0x0000000100000000)
  eden space 14848K, 0% used [0x00000000d5580000,0x00000000d5580000,0x00000000d6400000)
  from space 1024K, 70% used [0x00000000d6a00000,0x00000000d6ab3970,0x00000000d6b00000)
  to   space 1536K, 0% used [0x00000000d6800000,0x00000000d6800000,0x00000000d6980000)
 ParOldGen       total 68608K, used 45968K [0x0000000080000000, 0x0000000084300000, 0x00000000d5580000)
  object space 68608K, 67% used [0x0000000080000000,0x0000000082ce4340,0x0000000084300000)
 Metaspace       used 50861K, committed 52096K, reserved 1114112K
  class space    used 5367K, committed 5888K, reserved 1048576K
}
Event: 5.825 GC heap before
{Heap before GC invocations=33 (full 2):
 PSYoungGen      total 15872K, used 15566K [0x00000000d5580000, 0x00000000d6b00000, 0x0000000100000000)
  eden space 14848K, 100% used [0x00000000d5580000,0x00000000d6400000,0x00000000d6400000)
  from space 1024K, 70% used [0x00000000d6a00000,0x00000000d6ab3970,0x00000000d6b00000)
  to   space 1536K, 0% used [0x00000000d6800000,0x00000000d6800000,0x00000000d6980000)
 ParOldGen       total 68608K, used 45968K [0x0000000080000000, 0x0000000084300000, 0x00000000d5580000)
  object space 68608K, 67% used [0x0000000080000000,0x0000000082ce4340,0x0000000084300000)
 Metaspace       used 51770K, committed 53120K, reserved 1114112K
  class space    used 5478K, committed 6080K, reserved 1048576K
}
Event: 5.827 GC heap after
{Heap after GC invocations=33 (full 2):
 PSYoungGen      total 16384K, used 1512K [0x00000000d5580000, 0x00000000d6a80000, 0x0000000100000000)
  eden space 14848K, 0% used [0x00000000d5580000,0x00000000d5580000,0x00000000d6400000)
  from space 1536K, 98% used [0x00000000d6800000,0x00000000d697a020,0x00000000d6980000)
  to   space 1024K, 0% used [0x00000000d6980000,0x00000000d6980000,0x00000000d6a80000)
 ParOldGen       total 68608K, used 46575K [0x0000000080000000, 0x0000000084300000, 0x00000000d5580000)
  object space 68608K, 67% used [0x0000000080000000,0x0000000082d7bcb0,0x0000000084300000)
 Metaspace       used 51770K, committed 53120K, reserved 1114112K
  class space    used 5478K, committed 6080K, reserved 1048576K
}
Event: 5.950 GC heap before
{Heap before GC invocations=34 (full 2):
 PSYoungGen      total 16384K, used 16360K [0x00000000d5580000, 0x00000000d6a80000, 0x0000000100000000)
  eden space 14848K, 100% used [0x00000000d5580000,0x00000000d6400000,0x00000000d6400000)
  from space 1536K, 98% used [0x00000000d6800000,0x00000000d697a020,0x00000000d6980000)
  to   space 1024K, 0% used [0x00000000d6980000,0x00000000d6980000,0x00000000d6a80000)
 ParOldGen       total 68608K, used 46575K [0x0000000080000000, 0x0000000084300000, 0x00000000d5580000)
  object space 68608K, 67% used [0x0000000080000000,0x0000000082d7bcb0,0x0000000084300000)
 Metaspace       used 52376K, committed 53632K, reserved 1114112K
  class space    used 5541K, committed 6080K, reserved 1048576K
}
Event: 5.953 GC heap after
{Heap after GC invocations=34 (full 2):
 PSYoungGen      total 15872K, used 1022K [0x00000000d5580000, 0x00000000d6e00000, 0x0000000100000000)
  eden space 14848K, 0% used [0x00000000d5580000,0x00000000d5580000,0x00000000d6400000)
  from space 1024K, 99% used [0x00000000d6980000,0x00000000d6a7fbc0,0x00000000d6a80000)
  to   space 5120K, 0% used [0x00000000d6400000,0x00000000d6400000,0x00000000d6900000)
 ParOldGen       total 68608K, used 49965K [0x0000000080000000, 0x0000000084300000, 0x00000000d5580000)
  object space 68608K, 72% used [0x0000000080000000,0x00000000830cb6f0,0x0000000084300000)
 Metaspace       used 52376K, committed 53632K, reserved 1114112K
  class space    used 5541K, committed 6080K, reserved 1048576K
}
Event: 6.063 GC heap before
{Heap before GC invocations=35 (full 2):
 PSYoungGen      total 15872K, used 15870K [0x00000000d5580000, 0x00000000d6e00000, 0x0000000100000000)
  eden space 14848K, 100% used [0x00000000d5580000,0x00000000d6400000,0x00000000d6400000)
  from space 1024K, 99% used [0x00000000d6980000,0x00000000d6a7fbc0,0x00000000d6a80000)
  to   space 5120K, 0% used [0x00000000d6400000,0x00000000d6400000,0x00000000d6900000)
 ParOldGen       total 68608K, used 49965K [0x0000000080000000, 0x0000000084300000, 0x00000000d5580000)
  object space 68608K, 72% used [0x0000000080000000,0x00000000830cb6f0,0x0000000084300000)
 Metaspace       used 53102K, committed 54400K, reserved 1114112K
  class space    used 5633K, committed 6208K, reserved 1048576K
}
Event: 6.066 GC heap after
{Heap after GC invocations=35 (full 2):
 PSYoungGen      total 17408K, used 2239K [0x00000000d5580000, 0x00000000d6a00000, 0x0000000100000000)
  eden space 14848K, 0% used [0x00000000d5580000,0x00000000d5580000,0x00000000d6400000)
  from space 2560K, 87% used [0x00000000d6400000,0x00000000d662fdc8,0x00000000d6680000)
  to   space 3072K, 0% used [0x00000000d6700000,0x00000000d6700000,0x00000000d6a00000)
 ParOldGen       total 68608K, used 50933K [0x0000000080000000, 0x0000000084300000, 0x00000000d5580000)
  object space 68608K, 74% used [0x0000000080000000,0x00000000831bd620,0x0000000084300000)
 Metaspace       used 53102K, committed 54400K, reserved 1114112K
  class space    used 5633K, committed 6208K, reserved 1048576K
}
Event: 6.205 GC heap before
{Heap before GC invocations=36 (full 2):
 PSYoungGen      total 17408K, used 17087K [0x00000000d5580000, 0x00000000d6a00000, 0x0000000100000000)
  eden space 14848K, 100% used [0x00000000d5580000,0x00000000d6400000,0x00000000d6400000)
  from space 2560K, 87% used [0x00000000d6400000,0x00000000d662fdc8,0x00000000d6680000)
  to   space 3072K, 0% used [0x00000000d6700000,0x00000000d6700000,0x00000000d6a00000)
 ParOldGen       total 68608K, used 50933K [0x0000000080000000, 0x0000000084300000, 0x00000000d5580000)
  object space 68608K, 74% used [0x0000000080000000,0x00000000831bd620,0x0000000084300000)
 Metaspace       used 53986K, committed 55232K, reserved 1114112K
  class space    used 5710K, committed 6272K, reserved 1048576K
}
Event: 6.207 GC heap after
{Heap after GC invocations=36 (full 2):
 PSYoungGen      total 17920K, used 2713K [0x00000000d5580000, 0x00000000d6a00000, 0x0000000100000000)
  eden space 14848K, 0% used [0x00000000d5580000,0x00000000d5580000,0x00000000d6400000)
  from space 3072K, 88% used [0x00000000d6700000,0x00000000d69a6700,0x00000000d6a00000)
  to   space 3072K, 0% used [0x00000000d6400000,0x00000000d6400000,0x00000000d6700000)
 ParOldGen       total 68608K, used 52822K [0x0000000080000000, 0x0000000084300000, 0x00000000d5580000)
  object space 68608K, 76% used [0x0000000080000000,0x0000000083395af0,0x0000000084300000)
 Metaspace       used 53986K, committed 55232K, reserved 1114112K
  class space    used 5710K, committed 6272K, reserved 1048576K
}
Event: 6.277 GC heap before
{Heap before GC invocations=37 (full 2):
 PSYoungGen      total 17920K, used 17561K [0x00000000d5580000, 0x00000000d6a00000, 0x0000000100000000)
  eden space 14848K, 100% used [0x00000000d5580000,0x00000000d6400000,0x00000000d6400000)
  from space 3072K, 88% used [0x00000000d6700000,0x00000000d69a6700,0x00000000d6a00000)
  to   space 3072K, 0% used [0x00000000d6400000,0x00000000d6400000,0x00000000d6700000)
 ParOldGen       total 68608K, used 52822K [0x0000000080000000, 0x0000000084300000, 0x00000000d5580000)
  object space 68608K, 76% used [0x0000000080000000,0x0000000083395af0,0x0000000084300000)
 Metaspace       used 54432K, committed 55744K, reserved 1114112K
  class space    used 5747K, committed 6336K, reserved 1048576K
}
Event: 6.278 GC heap after
{Heap after GC invocations=37 (full 2):
 PSYoungGen      total 17920K, used 2793K [0x00000000d5580000, 0x00000000d6a00000, 0x0000000100000000)
  eden space 14848K, 0% used [0x00000000d5580000,0x00000000d5580000,0x00000000d6400000)
  from space 3072K, 90% used [0x00000000d6400000,0x00000000d66ba538,0x00000000d6700000)
  to   space 3072K, 0% used [0x00000000d6700000,0x00000000d6700000,0x00000000d6a00000)
 ParOldGen       total 68608K, used 54292K [0x0000000080000000, 0x0000000084300000, 0x00000000d5580000)
  object space 68608K, 79% used [0x0000000080000000,0x0000000083505328,0x0000000084300000)
 Metaspace       used 54432K, committed 55744K, reserved 1114112K
  class space    used 5747K, committed 6336K, reserved 1048576K
}
Event: 7.398 GC heap before
{Heap before GC invocations=38 (full 2):
 PSYoungGen      total 17920K, used 17641K [0x00000000d5580000, 0x00000000d6a00000, 0x0000000100000000)
  eden space 14848K, 100% used [0x00000000d5580000,0x00000000d6400000,0x00000000d6400000)
  from space 3072K, 90% used [0x00000000d6400000,0x00000000d66ba538,0x00000000d6700000)
  to   space 3072K, 0% used [0x00000000d6700000,0x00000000d6700000,0x00000000d6a00000)
 ParOldGen       total 68608K, used 54292K [0x0000000080000000, 0x0000000084300000, 0x00000000d5580000)
  object space 68608K, 79% used [0x0000000080000000,0x0000000083505328,0x0000000084300000)
 Metaspace       used 54865K, committed 56192K, reserved 1114112K
  class space    used 5770K, committed 6336K, reserved 1048576K
}
Event: 9.410 GC heap after
{Heap after GC invocations=38 (full 2):
 PSYoungGen      total 17920K, used 3038K [0x00000000d5580000, 0x00000000d6a00000, 0x0000000100000000)
  eden space 14848K, 0% used [0x00000000d5580000,0x00000000d5580000,0x00000000d6400000)
  from space 3072K, 98% used [0x00000000d6700000,0x00000000d69f7a88,0x00000000d6a00000)
  to   space 3072K, 0% used [0x00000000d6400000,0x00000000d6400000,0x00000000d6700000)
 ParOldGen       total 68608K, used 55246K [0x0000000080000000, 0x0000000084300000, 0x00000000d5580000)
  object space 68608K, 80% used [0x0000000080000000,0x00000000835f39e0,0x0000000084300000)
 Metaspace       used 54865K, committed 56192K, reserved 1114112K
  class space    used 5770K, committed 6336K, reserved 1048576K
}
Event: 11.667 GC heap before
{Heap before GC invocations=39 (full 2):
 PSYoungGen      total 17920K, used 17886K [0x00000000d5580000, 0x00000000d6a00000, 0x0000000100000000)
  eden space 14848K, 100% used [0x00000000d5580000,0x00000000d6400000,0x00000000d6400000)
  from space 3072K, 98% used [0x00000000d6700000,0x00000000d69f7a88,0x00000000d6a00000)
  to   space 3072K, 0% used [0x00000000d6400000,0x00000000d6400000,0x00000000d6700000)
 ParOldGen       total 68608K, used 55246K [0x0000000080000000, 0x0000000084300000, 0x00000000d5580000)
  object space 68608K, 80% used [0x0000000080000000,0x00000000835f39e0,0x0000000084300000)
 Metaspace       used 55775K, committed 57088K, reserved 1114112K
  class space    used 5841K, committed 6464K, reserved 1048576K
}

Dll operation events (10 events):
Event: 0.009 Loaded shared library c:\Users\dellL\.vscode\extensions\redhat.java-1.53.0-win32-x64\jre\21.0.10-win32-x86_64\bin\java.dll
Event: 0.065 Loaded shared library c:\Users\dellL\.vscode\extensions\redhat.java-1.53.0-win32-x64\jre\21.0.10-win32-x86_64\bin\zip.dll
Event: 0.078 Loaded shared library C:\Users\dellL\.vscode\extensions\redhat.java-1.53.0-win32-x64\jre\21.0.10-win32-x86_64\bin\instrument.dll
Event: 0.083 Loaded shared library C:\Users\dellL\.vscode\extensions\redhat.java-1.53.0-win32-x64\jre\21.0.10-win32-x86_64\bin\net.dll
Event: 0.085 Loaded shared library C:\Users\dellL\.vscode\extensions\redhat.java-1.53.0-win32-x64\jre\21.0.10-win32-x86_64\bin\nio.dll
Event: 0.088 Loaded shared library C:\Users\dellL\.vscode\extensions\redhat.java-1.53.0-win32-x64\jre\21.0.10-win32-x86_64\bin\zip.dll
Event: 0.100 Loaded shared library C:\Users\dellL\.vscode\extensions\redhat.java-1.53.0-win32-x64\jre\21.0.10-win32-x86_64\bin\jimage.dll
Event: 0.155 Loaded shared library c:\Users\dellL\.vscode\extensions\redhat.java-1.53.0-win32-x64\jre\21.0.10-win32-x86_64\bin\verify.dll
Event: 1.083 Loaded shared library C:\Users\dellL\AppData\Roaming\Code\User\globalStorage\redhat.java\1.53.0\config_win\org.eclipse.equinox.launcher\org.eclipse.equinox.launcher.win32.win32.x86_64_1.3.0.v20260203-2149\eclipse_11919.dll
Event: 2.409 Loaded shared library C:\Users\dellL\AppData\Local\Temp\jna-95468203\jna14825838549207783470.dll

Deoptimization events (20 events):
Event: 6.184 Thread 0x00000211d8a0be80 DEOPT PACKING pc=0x0000021180cd1db5 sp=0x000000c745cfe4b0
Event: 6.184 Thread 0x00000211d8a0be80 DEOPT UNPACKING pc=0x00000211874a4242 sp=0x000000c745cfd958 mode 0
Event: 6.295 Thread 0x00000211d8a0be80 DEOPT PACKING pc=0x0000021180cb05b0 sp=0x000000c745cfe710
Event: 6.295 Thread 0x00000211d8a0be80 DEOPT UNPACKING pc=0x00000211874a4242 sp=0x000000c745cfdbf8 mode 0
Event: 7.327 Thread 0x00000211dadf3830 Uncommon trap: trap_request=0xffffff45 fr.pc=0x0000021187ce9a84 relative=0x00000000000002a4
Event: 7.327 Thread 0x00000211dadf3830 Uncommon trap: reason=unstable_if action=reinterpret pc=0x0000021187ce9a84 method=java.lang.ClassLoader.checkName(Ljava/lang/String;)Z @ 1 c2
Event: 7.327 Thread 0x00000211dadf3830 DEOPT PACKING pc=0x0000021187ce9a84 sp=0x000000c7478fdd20
Event: 7.327 Thread 0x00000211dadf3830 DEOPT UNPACKING pc=0x00000211874a3aa2 sp=0x000000c7478fdcb8 mode 2
Event: 7.327 Thread 0x00000211dadf3830 Uncommon trap: trap_request=0xffffff45 fr.pc=0x0000021187c55448 relative=0x0000000000000f88
Event: 7.327 Thread 0x00000211dadf3830 Uncommon trap: reason=unstable_if action=reinterpret pc=0x0000021187c55448 method=lombok.patcher.ScriptManager$OurClassFileTransformer.transform(Ljava/lang/ClassLoader;Ljava/lang/String;Ljava/lang/Class;Ljava/security/ProtectionDomain;[B)[B @ 1 c2
Event: 7.328 Thread 0x00000211dadf3830 DEOPT PACKING pc=0x0000021187c55448 sp=0x000000c7478fc8b0
Event: 7.328 Thread 0x00000211dadf3830 DEOPT UNPACKING pc=0x00000211874a3aa2 sp=0x000000c7478fc830 mode 2
Event: 7.329 Thread 0x00000211db203d10 DEOPT PACKING pc=0x0000021180eeacab sp=0x000000c74a0fe900
Event: 7.329 Thread 0x00000211db203d10 DEOPT UNPACKING pc=0x00000211874a4242 sp=0x000000c74a0fdd98 mode 0
Event: 9.416 Thread 0x00000211db203d10 DEOPT PACKING pc=0x000002118102fb5d sp=0x000000c74a0fe980
Event: 9.416 Thread 0x00000211db203d10 DEOPT UNPACKING pc=0x00000211874a4242 sp=0x000000c74a0fdee8 mode 0
Event: 9.421 Thread 0x00000211db203d10 DEOPT PACKING pc=0x0000021180de1084 sp=0x000000c74a0fe8c0
Event: 9.421 Thread 0x00000211db203d10 DEOPT UNPACKING pc=0x00000211874a4242 sp=0x000000c74a0fdcf8 mode 0
Event: 11.557 Thread 0x00000211d8a0be80 DEOPT PACKING pc=0x0000021180d4d240 sp=0x000000c745cfdbc0
Event: 11.557 Thread 0x00000211d8a0be80 DEOPT UNPACKING pc=0x00000211874a4242 sp=0x000000c745cfd0e0 mode 0

Classes loaded (20 events):
Event: 5.734 Loading class java/util/concurrent/ArrayBlockingQueue
Event: 5.737 Loading class java/util/concurrent/ArrayBlockingQueue done
Event: 5.738 Loading class sun/reflect/generics/scope/ConstructorScope
Event: 5.738 Loading class sun/reflect/generics/scope/ConstructorScope done
Event: 5.738 Loading class sun/reflect/generics/tree/VoidDescriptor
Event: 5.738 Loading class sun/reflect/generics/tree/VoidDescriptor done
Event: 5.801 Loading class java/util/Hashtable$ValueCollection
Event: 5.801 Loading class java/util/Hashtable$ValueCollection done
Event: 5.804 Loading class java/util/concurrent/ConcurrentHashMap$KeySpliterator
Event: 5.804 Loading class java/util/concurrent/ConcurrentHashMap$KeySpliterator done
Event: 5.823 Loading class sun/nio/ch/ChannelOutputStream
Event: 5.824 Loading class sun/nio/ch/ChannelOutputStream done
Event: 5.866 Loading class java/nio/file/FileTreeIterator
Event: 5.867 Loading class java/nio/file/FileTreeIterator done
Event: 5.971 Loading class java/nio/channels/ServerSocketChannel
Event: 5.972 Loading class java/nio/channels/ServerSocketChannel done
Event: 6.128 Loading class sun/nio/fs/WindowsFileCopy
Event: 6.128 Loading class sun/nio/fs/WindowsFileCopy done
Event: 6.304 Loading class jdk/internal/org/objectweb/asm/ClassReader
Event: 6.305 Loading class jdk/internal/org/objectweb/asm/ClassReader done

Classes unloaded (7 events):
Event: 2.886 Thread 0x00000211f80fa960 Unloading class 0x00000211901a4800 'java/lang/invoke/LambdaForm$MH+0x00000211901a4800'
Event: 2.886 Thread 0x00000211f80fa960 Unloading class 0x00000211901a4400 'java/lang/invoke/LambdaForm$MH+0x00000211901a4400'
Event: 2.886 Thread 0x00000211f80fa960 Unloading class 0x00000211901a4000 'java/lang/invoke/LambdaForm$MH+0x00000211901a4000'
Event: 2.886 Thread 0x00000211f80fa960 Unloading class 0x00000211901a3c00 'java/lang/invoke/LambdaForm$MH+0x00000211901a3c00'
Event: 2.886 Thread 0x00000211f80fa960 Unloading class 0x00000211901a3800 'java/lang/invoke/LambdaForm$BMH+0x00000211901a3800'
Event: 2.886 Thread 0x00000211f80fa960 Unloading class 0x00000211901a3400 'java/lang/invoke/LambdaForm$DMH+0x00000211901a3400'
Event: 2.886 Thread 0x00000211f80fa960 Unloading class 0x00000211901a2000 'java/lang/invoke/LambdaForm$DMH+0x00000211901a2000'

Classes redefined (0 events):
No events

Internal exceptions (20 events):
Event: 6.084 Thread 0x00000211db203d10 Exception <a 'java/lang/NoSuchMethodError'{0x00000000d573de28}: 'java.lang.Object java.lang.invoke.DirectMethodHandle$Holder.invokeStatic(java.lang.Object, java.lang.Object, int, java.lang.Object)'> (0x00000000d573de28) 
thrown [s\src\hotspot\share\interpreter\linkResolver.cpp, line 773]
Event: 6.084 Thread 0x00000211db203d10 Exception <a 'java/lang/NoSuchMethodError'{0x00000000d5744878}: 'java.lang.Object java.lang.invoke.DirectMethodHandle$Holder.newInvokeSpecial(java.lang.Object, java.lang.Object, int)'> (0x00000000d5744878) 
thrown [s\src\hotspot\share\interpreter\linkResolver.cpp, line 773]
Event: 6.129 Thread 0x00000211d8a0be80 Exception <a 'sun/nio/fs/WindowsException'{0x00000000d57a2ef0}> (0x00000000d57a2ef0) 
thrown [s\src\hotspot\share\prims\jni.cpp, line 520]
Event: 6.236 Thread 0x00000211db203d10 Exception <a 'java/lang/NoSuchMethodError'{0x00000000d5944078}: 'void java.lang.invoke.DirectMethodHandle$Holder.invokeVirtual(java.lang.Object, java.lang.Object, java.lang.Object, java.lang.Object, java.lang.Object)'> (0x00000000d5944078) 
thrown [s\src\hotspot\share\interpreter\linkResolver.cpp, line 773]
Event: 6.268 Thread 0x00000211dadf3830 Exception <a 'java/lang/ExceptionInInitializerError'{0x00000000d616f230}> (0x00000000d616f230) 
thrown [s\src\hotspot\share\oops\instanceKlass.cpp, line 1220]
Event: 7.327 Thread 0x00000211dadf3830 Implicit null exception at 0x0000021187ce97fe to 0x0000021187ce9a70
Event: 7.327 Thread 0x00000211dadf3830 Implicit null exception at 0x0000021187c5451c to 0x0000021187c55438
Event: 7.333 Thread 0x00000211dadf3830 Exception <a 'java/lang/NoSuchMethodError'{0x00000000d5db24d0}: 'java.lang.Object java.lang.invoke.Invokers$Holder.invokeExact_MT(java.lang.Object, int, java.lang.Object)'> (0x00000000d5db24d0) 
thrown [s\src\hotspot\share\interpreter\linkResolver.cpp, line 773]
Event: 11.587 Thread 0x00000211d8a0ec70 Exception <a 'sun/nio/fs/WindowsException'{0x00000000d616e5f0}> (0x00000000d616e5f0) 
thrown [s\src\hotspot\share\prims\jni.cpp, line 520]
Event: 11.587 Thread 0x00000211d8a0ec70 Exception <a 'sun/nio/fs/WindowsException'{0x00000000d616f090}> (0x00000000d616f090) 
thrown [s\src\hotspot\share\prims\jni.cpp, line 520]
Event: 11.588 Thread 0x00000211d8a0ec70 Exception <a 'sun/nio/fs/WindowsException'{0x00000000d6170150}> (0x00000000d6170150) 
thrown [s\src\hotspot\share\prims\jni.cpp, line 520]
Event: 11.588 Thread 0x00000211d8a0ec70 Exception <a 'sun/nio/fs/WindowsException'{0x00000000d6170780}> (0x00000000d6170780) 
thrown [s\src\hotspot\share\prims\jni.cpp, line 520]
Event: 11.590 Thread 0x00000211d8a0ec70 Exception <a 'sun/nio/fs/WindowsException'{0x00000000d617d3a0}> (0x00000000d617d3a0) 
thrown [s\src\hotspot\share\prims\jni.cpp, line 520]
Event: 11.590 Thread 0x00000211d8a0ec70 Exception <a 'sun/nio/fs/WindowsException'{0x00000000d617d9e0}> (0x00000000d617d9e0) 
thrown [s\src\hotspot\share\prims\jni.cpp, line 520]
Event: 11.590 Thread 0x00000211d8a0ec70 Exception <a 'sun/nio/fs/WindowsException'{0x00000000d61b2770}> (0x00000000d61b2770) 
thrown [s\src\hotspot\share\prims\jni.cpp, line 520]
Event: 11.590 Thread 0x00000211d8a0ec70 Exception <a 'sun/nio/fs/WindowsException'{0x00000000d61b2db0}> (0x00000000d61b2db0) 
thrown [s\src\hotspot\share\prims\jni.cpp, line 520]
Event: 11.591 Thread 0x00000211d8a0ec70 Exception <a 'java/io/FileNotFoundException'{0x00000000d61b49c0}> (0x00000000d61b49c0) 
thrown [s\src\hotspot\share\prims\jni.cpp, line 520]
Event: 11.591 Thread 0x00000211d8a0ec70 Exception <a 'java/io/FileNotFoundException'{0x00000000d61b59c0}> (0x00000000d61b59c0) 
thrown [s\src\hotspot\share\prims\jni.cpp, line 520]
Event: 11.594 Thread 0x00000211d8a0ec70 Exception <a 'sun/nio/fs/WindowsException'{0x00000000d61c5df0}> (0x00000000d61c5df0) 
thrown [s\src\hotspot\share\prims\jni.cpp, line 520]
Event: 11.594 Thread 0x00000211d8a0ec70 Exception <a 'sun/nio/fs/WindowsException'{0x00000000d61c6430}> (0x00000000d61c6430) 
thrown [s\src\hotspot\share\prims\jni.cpp, line 520]

ZGC Phase Switch (0 events):
No events

VM Operations (20 events):
Event: 6.066 Executing safepoint VM operation: ParallelGCFailedAllocation (Allocation Failure) done
Event: 6.187 Executing safepoint VM operation: ICBufferFull
Event: 6.187 Executing safepoint VM operation: ICBufferFull done
Event: 6.204 Executing safepoint VM operation: ParallelGCFailedAllocation (Allocation Failure)
Event: 6.207 Executing safepoint VM operation: ParallelGCFailedAllocation (Allocation Failure) done
Event: 6.267 Executing non-safepoint VM operation: HandshakeAllThreads (Deoptimize)
Event: 6.267 Executing non-safepoint VM operation: HandshakeAllThreads (Deoptimize) done
Event: 6.276 Executing safepoint VM operation: ParallelGCFailedAllocation (Allocation Failure)
Event: 6.278 Executing safepoint VM operation: ParallelGCFailedAllocation (Allocation Failure) done
Event: 6.319 Executing safepoint VM operation: ICBufferFull
Event: 7.325 Executing safepoint VM operation: ICBufferFull done
Event: 7.374 Executing safepoint VM operation: ParallelGCFailedAllocation (Allocation Failure)
Event: 9.411 Executing safepoint VM operation: ParallelGCFailedAllocation (Allocation Failure) done
Event: 11.413 Executing safepoint VM operation: Cleanup
Event: 11.462 Executing safepoint VM operation: Cleanup done
Event: 11.539 Executing non-safepoint VM operation: HandshakeAllThreads (Deoptimize)
Event: 11.539 Executing non-safepoint VM operation: HandshakeAllThreads (Deoptimize) done
Event: 11.544 Executing safepoint VM operation: ICBufferFull
Event: 11.544 Executing safepoint VM operation: ICBufferFull done
Event: 11.651 Executing safepoint VM operation: ParallelGCFailedAllocation (Allocation Failure)

Memory protections (0 events):
No events

Nmethod flushes (20 events):
Event: 3.931 Thread 0x00000211f80fa960 flushing  nmethod 0x00000211806def90
Event: 3.931 Thread 0x00000211f80fa960 flushing  nmethod 0x00000211806f5790
Event: 3.931 Thread 0x00000211f80fa960 flushing  nmethod 0x00000211806faf10
Event: 3.931 Thread 0x00000211f80fa960 flushing  nmethod 0x0000021180728610
Event: 3.931 Thread 0x00000211f80fa960 flushing  nmethod 0x0000021180728a10
Event: 3.931 Thread 0x00000211f80fa960 flushing  nmethod 0x0000021180729310
Event: 3.931 Thread 0x00000211f80fa960 flushing  nmethod 0x000002118072a510
Event: 3.931 Thread 0x00000211f80fa960 flushing  nmethod 0x000002118072b190
Event: 3.931 Thread 0x00000211f80fa960 flushing  nmethod 0x000002118072d390
Event: 3.931 Thread 0x00000211f80fa960 flushing  nmethod 0x000002118072d890
Event: 3.931 Thread 0x00000211f80fa960 flushing  nmethod 0x000002118072dc90
Event: 3.931 Thread 0x00000211f80fa960 flushing  nmethod 0x000002118072ec90
Event: 3.931 Thread 0x00000211f80fa960 flushing  nmethod 0x0000021180731610
Event: 3.931 Thread 0x00000211f80fa960 flushing  nmethod 0x0000021180733090
Event: 3.931 Thread 0x00000211f80fa960 flushing  nmethod 0x000002118076d190
Event: 3.931 Thread 0x00000211f80fa960 flushing  nmethod 0x000002118078ba10
Event: 3.931 Thread 0x00000211f80fa960 flushing  nmethod 0x000002118078e990
Event: 3.931 Thread 0x00000211f80fa960 flushing  nmethod 0x0000021180795a10
Event: 3.931 Thread 0x00000211f80fa960 flushing  nmethod 0x0000021180836410
Event: 3.931 Thread 0x00000211f80fa960 flushing  nmethod 0x0000021180836890

Events (20 events):
Event: 5.832 Thread 0x00000211d8a0be80 Thread added: 0x00000211db2043a0
Event: 5.969 Thread 0x00000211d8a0ec70 Thread added: 0x00000211db201c40
Event: 6.037 Thread 0x00000211d8a0ec70 Thread added: 0x00000211db200f20
Event: 6.097 Thread 0x00000211d8a0ec70 Thread added: 0x00000211db2050c0
Event: 6.134 Thread 0x00000211d8a0ec70 Thread added: 0x00000211db205750
Event: 6.152 Thread 0x00000211d8a0ec70 Thread added: 0x00000211db206470
Event: 6.189 Thread 0x00000211d8a0ec70 Thread added: 0x00000211db205de0
Event: 6.204 Thread 0x00000211d8a0ec70 Thread added: 0x00000211db206b00
Event: 6.242 Thread 0x00000211d8a0ec70 Thread added: 0x00000211db204a30
Event: 6.271 Thread 0x00000211d8a0ec70 Thread added: 0x00000211db207190
Event: 6.272 Thread 0x00000211d8a0ec70 Thread added: 0x00000211db207820
Event: 6.301 Thread 0x00000211d8a0ec70 Thread added: 0x00000211da0e73b0
Event: 6.304 Thread 0x00000211d8a0ec70 Thread added: 0x00000211da0e5970
Event: 6.307 Thread 0x00000211d8a0ec70 Thread added: 0x00000211da0e9480
Event: 7.329 Thread 0x00000211d8a0ec70 Thread added: 0x00000211da0e6690
Event: 7.329 Thread 0x00000211d8a0ec70 Thread added: 0x00000211da0e6d20
Event: 7.334 Thread 0x00000211d8a0ec70 Thread added: 0x00000211da0e8760
Event: 7.340 Thread 0x00000211d8a0ec70 Thread added: 0x00000211da0e7a40
Event: 7.345 Thread 0x00000211d8a0ec70 Thread added: 0x00000211da0e80d0
Event: 7.360 Thread 0x00000211d8a0ec70 Thread added: 0x00000211da0e8df0


Dynamic libraries:
0x00007ff60a0b0000 - 0x00007ff60a0be000 	c:\Users\dellL\.vscode\extensions\redhat.java-1.53.0-win32-x64\jre\21.0.10-win32-x86_64\bin\java.exe
0x00007ffd6ab00000 - 0x00007ffd6ad67000 	C:\WINDOWS\SYSTEM32\ntdll.dll
0x00007ffd69670000 - 0x00007ffd69739000 	C:\WINDOWS\System32\KERNEL32.DLL
0x00007ffd67610000 - 0x00007ffd67a01000 	C:\WINDOWS\System32\KERNELBASE.dll
0x00007ffd643c0000 - 0x00007ffd6445f000 	C:\WINDOWS\SYSTEM32\apphelp.dll
0x00007ffd67d80000 - 0x00007ffd67ecb000 	C:\WINDOWS\System32\ucrtbase.dll
0x00007ffd4d890000 - 0x00007ffd4d8a8000 	c:\Users\dellL\.vscode\extensions\redhat.java-1.53.0-win32-x64\jre\21.0.10-win32-x86_64\bin\jli.dll
0x00007ffd4d870000 - 0x00007ffd4d88e000 	c:\Users\dellL\.vscode\extensions\redhat.java-1.53.0-win32-x64\jre\21.0.10-win32-x86_64\bin\VCRUNTIME140.dll
0x00007ffd69010000 - 0x00007ffd691d5000 	C:\WINDOWS\System32\USER32.dll
0x00007ffd67ed0000 - 0x00007ffd67ef7000 	C:\WINDOWS\System32\win32u.dll
0x00007ffd69630000 - 0x00007ffd6965b000 	C:\WINDOWS\System32\GDI32.dll
0x00007ffd43d30000 - 0x00007ffd43fc3000 	C:\WINDOWS\WinSxS\amd64_microsoft.windows.common-controls_6595b64144ccf1df_6.0.26100.8037_none_3e092faae333b53b\COMCTL32.dll
0x00007ffd68770000 - 0x00007ffd6889b000 	C:\WINDOWS\System32\gdi32full.dll
0x00007ffd68f50000 - 0x00007ffd68ff9000 	C:\WINDOWS\System32\msvcrt.dll
0x00007ffd67aa0000 - 0x00007ffd67b43000 	C:\WINDOWS\System32\msvcp_win.dll
0x00007ffd69570000 - 0x00007ffd695a1000 	C:\WINDOWS\System32\IMM32.DLL
0x00007ffd62160000 - 0x00007ffd6216c000 	c:\Users\dellL\.vscode\extensions\redhat.java-1.53.0-win32-x64\jre\21.0.10-win32-x86_64\bin\vcruntime140_1.dll
0x00007ffd4d730000 - 0x00007ffd4d7bd000 	c:\Users\dellL\.vscode\extensions\redhat.java-1.53.0-win32-x64\jre\21.0.10-win32-x86_64\bin\msvcp140.dll
0x00007ffc62d40000 - 0x00007ffc63ae1000 	c:\Users\dellL\.vscode\extensions\redhat.java-1.53.0-win32-x64\jre\21.0.10-win32-x86_64\bin\server\jvm.dll
0x00007ffd6aa00000 - 0x00007ffd6aabb000 	C:\WINDOWS\System32\ADVAPI32.dll
0x00007ffd68b00000 - 0x00007ffd68ba7000 	C:\WINDOWS\System32\sechost.dll
0x00007ffd697d0000 - 0x00007ffd698e8000 	C:\WINDOWS\System32\RPCRT4.dll
0x00007ffd69f70000 - 0x00007ffd69fe4000 	C:\WINDOWS\System32\WS2_32.dll
0x00007ffd64520000 - 0x00007ffd64555000 	C:\WINDOWS\SYSTEM32\WINMM.dll
0x00007ffd67240000 - 0x00007ffd6729e000 	C:\WINDOWS\SYSTEM32\POWRPROF.dll
0x00007ffd55ea0000 - 0x00007ffd55eab000 	C:\WINDOWS\SYSTEM32\VERSION.dll
0x00007ffd67220000 - 0x00007ffd67234000 	C:\WINDOWS\SYSTEM32\UMPDC.dll
0x00007ffd66170000 - 0x00007ffd6618b000 	C:\WINDOWS\SYSTEM32\kernel.appcore.dll
0x00007ffd62070000 - 0x00007ffd6207a000 	c:\Users\dellL\.vscode\extensions\redhat.java-1.53.0-win32-x64\jre\21.0.10-win32-x86_64\bin\jimage.dll
0x00007ffd64f40000 - 0x00007ffd65182000 	C:\WINDOWS\SYSTEM32\DBGHELP.DLL
0x00007ffd691e0000 - 0x00007ffd69562000 	C:\WINDOWS\System32\combase.dll
0x00007ffd68bb0000 - 0x00007ffd68c87000 	C:\WINDOWS\System32\OLEAUT32.dll
0x00007ffd644e0000 - 0x00007ffd6451b000 	C:\WINDOWS\SYSTEM32\dbgcore.DLL
0x00007ffd67cd0000 - 0x00007ffd67d75000 	C:\WINDOWS\System32\bcryptPrimitives.dll
0x00007ffd62060000 - 0x00007ffd6206f000 	c:\Users\dellL\.vscode\extensions\redhat.java-1.53.0-win32-x64\jre\21.0.10-win32-x86_64\bin\instrument.dll
0x00007ffd4d850000 - 0x00007ffd4d870000 	c:\Users\dellL\.vscode\extensions\redhat.java-1.53.0-win32-x64\jre\21.0.10-win32-x86_64\bin\java.dll
0x00007ffd6a290000 - 0x00007ffd6a9ef000 	C:\WINDOWS\System32\SHELL32.dll
0x00007ffd673e0000 - 0x00007ffd6754a000 	C:\WINDOWS\System32\wintypes.dll
0x00007ffd67f00000 - 0x00007ffd68764000 	C:\WINDOWS\System32\windows.storage.dll
0x00007ffd688a0000 - 0x00007ffd68997000 	C:\WINDOWS\System32\SHCORE.dll
0x00007ffd69760000 - 0x00007ffd697c7000 	C:\WINDOWS\System32\shlwapi.dll
0x00007ffd67300000 - 0x00007ffd67329000 	C:\WINDOWS\SYSTEM32\profapi.dll
0x00007ffd62080000 - 0x00007ffd62098000 	c:\Users\dellL\.vscode\extensions\redhat.java-1.53.0-win32-x64\jre\21.0.10-win32-x86_64\bin\zip.dll
0x00007ffd5fa60000 - 0x00007ffd5fa70000 	C:\Users\dellL\.vscode\extensions\redhat.java-1.53.0-win32-x64\jre\21.0.10-win32-x86_64\bin\net.dll
0x00007ffd61930000 - 0x00007ffd61a57000 	C:\WINDOWS\SYSTEM32\WINHTTP.dll
0x00007ffd666e0000 - 0x00007ffd6674b000 	C:\WINDOWS\system32\mswsock.dll
0x00007ffd4d970000 - 0x00007ffd4d986000 	C:\Users\dellL\.vscode\extensions\redhat.java-1.53.0-win32-x64\jre\21.0.10-win32-x86_64\bin\nio.dll
0x00007ffd57d10000 - 0x00007ffd57d20000 	c:\Users\dellL\.vscode\extensions\redhat.java-1.53.0-win32-x64\jre\21.0.10-win32-x86_64\bin\verify.dll
0x00007ffd4d8e0000 - 0x00007ffd4d925000 	C:\Users\dellL\AppData\Roaming\Code\User\globalStorage\redhat.java\1.53.0\config_win\org.eclipse.equinox.launcher\org.eclipse.equinox.launcher.win32.win32.x86_64_1.3.0.v20260203-2149\eclipse_11919.dll
0x00007ffd6a090000 - 0x00007ffd6a225000 	C:\WINDOWS\System32\ole32.dll
0x00007ffd669c0000 - 0x00007ffd669db000 	C:\WINDOWS\SYSTEM32\CRYPTSP.dll
0x00007ffd660d0000 - 0x00007ffd66109000 	C:\WINDOWS\system32\rsaenh.dll
0x00007ffd66790000 - 0x00007ffd667c2000 	C:\WINDOWS\SYSTEM32\USERENV.dll
0x00007ffd672d0000 - 0x00007ffd672fa000 	C:\WINDOWS\SYSTEM32\bcrypt.dll
0x00007ffd669e0000 - 0x00007ffd669ec000 	C:\WINDOWS\SYSTEM32\CRYPTBASE.dll
0x00007ffd65b70000 - 0x00007ffd65ba3000 	C:\WINDOWS\SYSTEM32\IPHLPAPI.DLL
0x00007ffd6a080000 - 0x00007ffd6a08a000 	C:\WINDOWS\System32\NSI.dll
0x00007ffd4d440000 - 0x00007ffd4d489000 	C:\Users\dellL\AppData\Local\Temp\jna-95468203\jna14825838549207783470.dll
0x00007ffd69660000 - 0x00007ffd69668000 	C:\WINDOWS\System32\PSAPI.DLL
0x00007ffd61da0000 - 0x00007ffd61dbd000 	C:\WINDOWS\SYSTEM32\dhcpcsvc6.DLL
0x00007ffd61c00000 - 0x00007ffd61c23000 	C:\WINDOWS\SYSTEM32\dhcpcsvc.DLL

JVMTI agents:
c:\Users\dellL\.vscode\extensions\redhat.java-1.53.0-win32-x64\lombok\lombok-1.18.39-4050.jar path:c:\Users\dellL\.vscode\extensions\redhat.java-1.53.0-win32-x64\jre\21.0.10-win32-x86_64\bin\instrument.dll, loaded, initialized, instrumentlib options:none

dbghelp: loaded successfully - version: 4.0.5 - missing functions: none
symbol engine: initialized successfully - sym options: 0x614 - pdb path: .;c:\Users\dellL\.vscode\extensions\redhat.java-1.53.0-win32-x64\jre\21.0.10-win32-x86_64\bin;C:\WINDOWS\SYSTEM32;C:\WINDOWS\WinSxS\amd64_microsoft.windows.common-controls_6595b64144ccf1df_6.0.26100.8037_none_3e092faae333b53b;c:\Users\dellL\.vscode\extensions\redhat.java-1.53.0-win32-x64\jre\21.0.10-win32-x86_64\bin\server;C:\Users\dellL\AppData\Roaming\Code\User\globalStorage\redhat.java\1.53.0\config_win\org.eclipse.equinox.launcher\org.eclipse.equinox.launcher.win32.win32.x86_64_1.3.0.v20260203-2149;C:\Users\dellL\AppData\Local\Temp\jna-95468203

VM Arguments:
jvm_args: --add-modules=ALL-SYSTEM --add-opens=java.base/java.util=ALL-UNNAMED --add-opens=java.base/java.lang=ALL-UNNAMED --add-opens=java.base/sun.nio.fs=ALL-UNNAMED -Declipse.application=org.eclipse.jdt.ls.core.id1 -Dosgi.bundles.defaultStartLevel=4 -Declipse.product=org.eclipse.jdt.ls.core.product -Djava.import.generatesMetadataFilesAtProjectRoot=false -DDetectVMInstallationsJob.disabled=true -Dfile.encoding=utf8 -XX:+UseParallelGC -XX:GCTimeRatio=4 -XX:AdaptiveSizePolicyWeight=90 -Dsun.zip.disableMemoryMapping=true -Xmx2G -Xms100m -Xlog:disable -javaagent:c:\Users\dellL\.vscode\extensions\redhat.java-1.53.0-win32-x64\lombok\lombok-1.18.39-4050.jar -XX:+HeapDumpOnOutOfMemoryError -XX:HeapDumpPath=c:\Users\dellL\AppData\Roaming\Code\User\workspaceStorage\52708e066fe511d177b12b427aa223b7\redhat.java -Daether.dependencyCollector.impl=bf 
java_command: c:\Users\dellL\.vscode\extensions\redhat.java-1.53.0-win32-x64\server\plugins\org.eclipse.equinox.launcher_1.7.100.v20251111-0406.jar -configuration c:\Users\dellL\AppData\Roaming\Code\User\globalStorage\redhat.java\1.53.0\config_win -data c:\Users\dellL\AppData\Roaming\Code\User\workspaceStorage\52708e066fe511d177b12b427aa223b7\redhat.java\jdt_ws --pipe=\\.\pipe\lsp-dacbd400c4d80303d07e58c6fce66c7d-sock
java_class_path (initial): c:\Users\dellL\.vscode\extensions\redhat.java-1.53.0-win32-x64\server\plugins\org.eclipse.equinox.launcher_1.7.100.v20251111-0406.jar
Launcher Type: SUN_STANDARD

[Global flags]
    uintx AdaptiveSizePolicyWeight                 = 90                                        {product} {command line}
     intx CICompilerCount                          = 12                                        {product} {ergonomic}
    uintx GCTimeRatio                              = 4                                         {product} {command line}
     bool HeapDumpOnOutOfMemoryError               = true                                   {manageable} {command line}
    ccstr HeapDumpPath                             = c:\Users\dellL\AppData\Roaming\Code\User\workspaceStorage\52708e066fe511d177b12b427aa223b7\redhat.java         {manageable} {command line}
   size_t InitialHeapSize                          = 104857600                                 {product} {command line}
   size_t MaxHeapSize                              = 2147483648                                {product} {command line}
   size_t MaxNewSize                               = 715653120                                 {product} {ergonomic}
   size_t MinHeapDeltaBytes                        = 524288                                    {product} {ergonomic}
   size_t MinHeapSize                              = 104857600                                 {product} {command line}
   size_t NewSize                                  = 34603008                                  {product} {ergonomic}
    uintx NonNMethodCodeHeapSize                   = 7602480                                {pd product} {ergonomic}
    uintx NonProfiledCodeHeapSize                  = 122027880                              {pd product} {ergonomic}
   size_t OldSize                                  = 70254592                                  {product} {ergonomic}
     bool PerfDisableSharedMem                     = true                                      {product} {ergonomic}
    uintx ProfiledCodeHeapSize                     = 122027880                              {pd product} {ergonomic}
    uintx ReservedCodeCacheSize                    = 251658240                              {pd product} {ergonomic}
     bool SegmentedCodeCache                       = true                                      {product} {ergonomic}
   size_t SoftMaxHeapSize                          = 2147483648                             {manageable} {ergonomic}
     bool UseCompressedOops                        = true                           {product lp64_product} {ergonomic}
     bool UseLargePagesIndividualAllocation        = false                                  {pd product} {ergonomic}
     bool UseParallelGC                            = true                                      {product} {command line}

Logging:
Log output configuration:
 #0: stdout all=off uptime,level,tags foldmultilines=false
 #1: stderr all=off uptime,level,tags foldmultilines=false

Release file:
JAVA_VERSION="21.0.10" 
MODULES="java.base java.compiler java.datatransfer java.xml java.prefs java.desktop java.instrument java.logging java.management java.security.sasl java.naming java.rmi java.management.rmi java.net.http java.scripting java.security.jgss java.transaction.xa java.sql java.sql.rowset java.xml.crypto java.se java.smartcardio jdk.accessibility jdk.internal.jvmstat jdk.attach jdk.charsets jdk.internal.opt jdk.zipfs jdk.compiler jdk.crypto.ec jdk.crypto.cryptoki jdk.crypto.mscapi jdk.dynalink jdk.internal.ed jdk.editpad jdk.hotspot.agent jdk.httpserver jdk.internal.le jdk.internal.vm.ci jdk.internal.vm.compiler jdk.internal.vm.compiler.management jdk.jartool jdk.javadoc jdk.jcmd jdk.management jdk.management.agent jdk.jconsole jdk.jdeps jdk.jdwp.agent jdk.jdi jdk.jfr jdk.jshell jdk.jsobject jdk.jstatd jdk.localedata jdk.management.jfr jdk.naming.dns jdk.naming.rmi jdk.net jdk.nio.mapmode jdk.random jdk.sctp jdk.security.auth jdk.security.jgss jdk.unsupported jdk.unsupported.desktop jdk.xml.dom" 

Environment Variables:
PATH=C:\Users\dellL\AppData\Local\Programs\Microsoft VS Code;C:\Program Files\Common Files\Oracle\Java\javapath;C:\Program Files (x86)\Common Files\Oracle\Java\java8path;C:\Program Files (x86)\Common Files\Oracle\Java\javapath;C:\WINDOWS\system32;C:\WINDOWS;C:\WINDOWS\System32\Wbem;C:\WINDOWS\System32\WindowsPowerShell\v1.0\;C:\WINDOWS\System32\OpenSSH\;C:\Program Files\dotnet\;C:\Program Files\Microsoft SQL Server\150\Tools\Binn\;C:\Program Files\Microsoft SQL Server\Client SDK\ODBC\170\Tools\Binn\;C:\Program Files\nodejs\;C:\Program Files\Git\cmd;C:\Program Files\Docker\Docker\resources\bin;C:\Program Files (x86)\Windows Kits\10\Windows Performance Toolkit\;C:\Program Files\Pandoc\;C:\Program Files\MiKTeX\miktex\bin\x64\;C:\Program Files\Microsoft SQL Server\170\Tools\Binn\;C:\Users\dellL\.cargo\bin;C:\Users\dellL\AppData\Local\Programs\Python\Python310\Scripts\;C:\Users\dellL\AppData\Local\Programs\Python\Python310\;c:\Users\dellL\AppData\Local\Programs\Trae\bin;C:\Users\dellL\AppData\Local\Programs\Python\Python313\Scripts\;C:\Users\dellL\AppData\Local\Programs\Python\Python313\;C:\msys64\ucrt64\bin;C:\Users\dellL\AppData\Local\Microsoft\WindowsApps;C:\Users\dellL\AppData\Local\Programs\Microsoft VS Code\bin;C:\MinGW\bin;C:\cygwin64\bin;C:\Users\dellL\.dotnet\tools;C:\Users\dellL\.lmstudio\bin;C:\Users\dellL\AppData\Roaming\npm;C:\msys64\mingw64\bin;C:\Users\dellL\AppData\Local\bin\NASM;C:\Program Files\Java\jdk-24\bin;C:\Program Files (x86)\Nmap;C:\Program Files\JetBrains\IntelliJ IDEA 2025.2\bin;C:\Users\dellL\.dotnet\tools;C:\Program Files\JetBrains\PyCharm 2025.3.1\bin
USERNAME=dellL
OS=Windows_NT
PROCESSOR_IDENTIFIER=Intel64 Family 6 Model 170 Stepping 4, GenuineIntel
TMP=C:\Users\dellL\AppData\Local\Temp
TEMP=C:\Users\dellL\AppData\Local\Temp




Periodic native trim disabled

---------------  S Y S T E M  ---------------

OS:
 Windows 11 , 64 bit Build 26100 (10.0.26100.7920)
OS uptime: 5 days 20:51 hours
Hyper-V role detected

CPU: total 22 (initial active 22) (11 cores per cpu, 2 threads per core) family 6 model 170 stepping 4 microcode 0x24, cx8, cmov, fxsr, ht, mmx, 3dnowpref, sse, sse2, sse3, ssse3, sse4.1, sse4.2, popcnt, lzcnt, tsc, tscinvbit, avx, avx2, aes, erms, clmul, bmi1, bmi2, adx, sha, fma, vzeroupper, clflush, clflushopt, clwb, hv, serialize, rdtscp, rdpid, fsrm, f16c, cet_ibt, cet_ss
Processor Information for processor 0
  Max Mhz: 1400, Current Mhz: 1400, Mhz Limit: 1400
Processor Information for processor 1
  Max Mhz: 1400, Current Mhz: 1400, Mhz Limit: 1400
Processor Information for processor 2
  Max Mhz: 3800, Current Mhz: 900, Mhz Limit: 874
Processor Information for processor 3
  Max Mhz: 3800, Current Mhz: 900, Mhz Limit: 874
Processor Information for processor 4
  Max Mhz: 3800, Current Mhz: 900, Mhz Limit: 874
Processor Information for processor 5
  Max Mhz: 3800, Current Mhz: 900, Mhz Limit: 874
Processor Information for processor 6
  Max Mhz: 3800, Current Mhz: 900, Mhz Limit: 874
Processor Information for processor 7
  Max Mhz: 3800, Current Mhz: 900, Mhz Limit: 874
Processor Information for processor 8
  Max Mhz: 3800, Current Mhz: 900, Mhz Limit: 874
Processor Information for processor 9
  Max Mhz: 3800, Current Mhz: 900, Mhz Limit: 874
Processor Information for processor 10
  Max Mhz: 1400, Current Mhz: 1400, Mhz Limit: 1400
Processor Information for processor 11
  Max Mhz: 1400, Current Mhz: 1400, Mhz Limit: 1400
Processor Information for processor 12
  Max Mhz: 1400, Current Mhz: 1400, Mhz Limit: 1400
Processor Information for processor 13
  Max Mhz: 1400, Current Mhz: 1400, Mhz Limit: 1400
Processor Information for processor 14
  Max Mhz: 1400, Current Mhz: 1400, Mhz Limit: 1400
Processor Information for processor 15
  Max Mhz: 1400, Current Mhz: 1400, Mhz Limit: 1400
Processor Information for processor 16
  Max Mhz: 1400, Current Mhz: 1400, Mhz Limit: 1400
Processor Information for processor 17
  Max Mhz: 1400, Current Mhz: 1400, Mhz Limit: 1400
Processor Information for processor 18
  Max Mhz: 1400, Current Mhz: 1400, Mhz Limit: 1400
Processor Information for processor 19
  Max Mhz: 1400, Current Mhz: 1400, Mhz Limit: 1400
Processor Information for processor 20
  Max Mhz: 2500, Current Mhz: 700, Mhz Limit: 700
Processor Information for processor 21
  Max Mhz: 2500, Current Mhz: 700, Mhz Limit: 700

Memory: 4k page, system-wide physical 15828M (511M free)
TotalPageFile size 64980M (AvailPageFile size 29M)
current process WorkingSet (physical memory assigned to process): 297M, peak: 299M
current process commit charge ("private bytes"): 407M, peak: 409M

vm_info: OpenJDK 64-Bit Server VM (21.0.10+7-LTS) for windows-amd64 JRE (21.0.10+7-LTS), built on 2026-01-20T00:00:00Z by "admin" with MS VC++ 17.12 (VS2022)

END.
