#
# There is insufficient memory for the Java Runtime Environment to continue.
# Native memory allocation (malloc) failed to allocate 1957776 bytes. Error detail: Chunk::new
# Possible reasons:
#   The system is out of physical RAM or swap space
#   This process is running with CompressedOops enabled, and the Java Heap may be blocking the growth of the native heap
# Possible solutions:
#   Reduce memory load on the system
#   Increase physical memory or swap space
#   Check if swap backing store is full
#   Decrease Java heap size (-Xmx/-Xms)
#   Decrease number of Java threads
#   Decrease Java thread stack sizes (-Xss)
#   Set larger code cache with -XX:ReservedCodeCacheSize=
#   JVM is running with Unscaled Compressed Oops mode in which the Java heap is
#     placed in the first 4GB address space. The Java Heap base address is the
#     maximum limit for the native heap growth. Please use -XX:HeapBaseMinAddress
#     to set the Java Heap base and to place the Java Heap above 4GB virtual address.
# This output file may be truncated or incomplete.
#
#  Out of Memory Error (arena.cpp:168), pid=47304, tid=42824
#
# JRE version: OpenJDK Runtime Environment Temurin-21.0.10+7 (21.0.10+7) (build 21.0.10+7-LTS)
# Java VM: OpenJDK 64-Bit Server VM Temurin-21.0.10+7 (21.0.10+7-LTS, mixed mode, sharing, tiered, compressed oops, compressed class ptrs, parallel gc, windows-amd64)
# No core dump will be written. Minidumps are not enabled by default on client versions of Windows
#

---------------  S U M M A R Y ------------

Command Line: --add-modules=ALL-SYSTEM --add-opens=java.base/java.util=ALL-UNNAMED --add-opens=java.base/java.lang=ALL-UNNAMED --add-opens=java.base/sun.nio.fs=ALL-UNNAMED -Declipse.application=org.eclipse.jdt.ls.core.id1 -Dosgi.bundles.defaultStartLevel=4 -Declipse.product=org.eclipse.jdt.ls.core.product -Djava.import.generatesMetadataFilesAtProjectRoot=false -DDetectVMInstallationsJob.disabled=true -Dfile.encoding=utf8 -XX:+UseParallelGC -XX:GCTimeRatio=4 -XX:AdaptiveSizePolicyWeight=90 -Dsun.zip.disableMemoryMapping=true -Xmx2G -Xms100m -Xlog:disable -javaagent:c:\Users\dellL\.vscode\extensions\redhat.java-1.53.0-win32-x64\lombok\lombok-1.18.39-4050.jar -XX:+HeapDumpOnOutOfMemoryError -XX:HeapDumpPath=c:\Users\dellL\AppData\Roaming\Code\User\workspaceStorage\52708e066fe511d177b12b427aa223b7\redhat.java -Daether.dependencyCollector.impl=bf c:\Users\dellL\.vscode\extensions\redhat.java-1.53.0-win32-x64\server\plugins\org.eclipse.equinox.launcher_1.7.100.v20251111-0406.jar -configuration c:\Users\dellL\AppData\Roaming\Code\User\globalStorage\redhat.java\1.53.0\config_win -data c:\Users\dellL\AppData\Roaming\Code\User\workspaceStorage\52708e066fe511d177b12b427aa223b7\redhat.java\jdt_ws --pipe=\\.\pipe\lsp-31da87b66164d1f1e38fcced236901f0-sock

Host: Intel(R) Core(TM) Ultra 7 155H, 22 cores, 15G,  Windows 11 , 64 bit Build 26100 (10.0.26100.7920)
Time: Wed Apr  1 15:06:29 2026 W. Central Africa Standard Time elapsed time: 64954.264444 seconds (0d 18h 2m 34s)

---------------  T H R E A D  ---------------

Current thread (0x000002e18c864810):  JavaThread "C2 CompilerThread0" daemon [_thread_in_native, id=42824, stack(0x000000e936400000,0x000000e936500000) (1024K)]


Current CompileTask:
C2:64954264 38735       4       org.eclipse.jdt.internal.core.BufferCache::closeBuffers (59 bytes)

Stack: [0x000000e936400000,0x000000e936500000]
Native frames: (J=compiled Java code, j=interpreted, Vv=VM code, C=native code)
V  [jvm.dll+0x6d7a39]
V  [jvm.dll+0x8b4b26]
V  [jvm.dll+0x8b70de]
V  [jvm.dll+0x8b77c3]
V  [jvm.dll+0x284346]
V  [jvm.dll+0xc66ed]
V  [jvm.dll+0xc6c31]
V  [jvm.dll+0x3bec01]
V  [jvm.dll+0x38b162]
V  [jvm.dll+0x38a5aa]
V  [jvm.dll+0x24c560]
V  [jvm.dll+0x24bb40]
V  [jvm.dll+0x1cb34e]
V  [jvm.dll+0x25b85d]
V  [jvm.dll+0x259dea]
V  [jvm.dll+0x3f857e]
V  [jvm.dll+0x85f59d]
V  [jvm.dll+0x6d626d]
C  [ucrtbase.dll+0x37b0]
C  [KERNEL32.DLL+0x2e8d7]
C  [ntdll.dll+0x8c48c]


---------------  P R O C E S S  ---------------

Threads class SMR info:
_java_thread_list=0x000002e195e57ae0, length=62, elements={
0x000002e1314b5870, 0x000002e133a0f250, 0x000002e133a12090, 0x000002e133a15950,
0x000002e133a18dd0, 0x000002e18c85ee00, 0x000002e18c85d3c0, 0x000002e18c864810,
0x000002e18c865770, 0x000002e18c85f490, 0x000002e18c85da50, 0x000002e18c85c010,
0x000002e18c85c6a0, 0x000002e18c85cd30, 0x000002e18c85e0e0, 0x000002e18c85e770,
0x000002e193f4ddf0, 0x000002e193f4e480, 0x000002e193f4f830, 0x000002e193f50550,
0x000002e193f50be0, 0x000002e1951a9580, 0x000002e1951a9c10, 0x000002e1951aa2a0,
0x000002e1951a74b0, 0x000002e1951aafc0, 0x000002e1951aa930, 0x000002e1951a7b40,
0x000002e1951a8860, 0x000002e1951ab650, 0x000002e1951a8ef0, 0x000002e1951a81d0,
0x000002e1951ac370, 0x000002e1951aead0, 0x000002e1951ad720, 0x000002e1951aca00,
0x000002e1951abce0, 0x000002e1951ae440, 0x000002e1951ad090, 0x000002e1951addb0,
0x000002e1946f2c50, 0x000002e1946f25c0, 0x000002e1946f32e0, 0x000002e1946f3970,
0x000002e1946f4000, 0x000002e1946f1f30, 0x000002e19610b2a0, 0x000002e1946f7b10,
0x000002e1946f7480, 0x000002e1946f4690, 0x000002e1945de680, 0x000002e1a106aef0,
0x000002e196589220, 0x000002e19658a5d0, 0x000002e196107e20, 0x000002e196106a70,
0x000002e1961091d0, 0x000002e19610a580, 0x000002e19610ac10, 0x000002e1961084b0,
0x000002e19610c650, 0x000002e19610cce0
}

Java Threads: ( => current thread )
  0x000002e1314b5870 JavaThread "main"                              [_thread_blocked, id=7060, stack(0x000000e935a00000,0x000000e935b00000) (1024K)]
  0x000002e133a0f250 JavaThread "Reference Handler"          daemon [_thread_blocked, id=10448, stack(0x000000e935e00000,0x000000e935f00000) (1024K)]
  0x000002e133a12090 JavaThread "Finalizer"                  daemon [_thread_blocked, id=47244, stack(0x000000e935f00000,0x000000e936000000) (1024K)]
  0x000002e133a15950 JavaThread "Signal Dispatcher"          daemon [_thread_blocked, id=44208, stack(0x000000e936000000,0x000000e936100000) (1024K)]
  0x000002e133a18dd0 JavaThread "Attach Listener"            daemon [_thread_blocked, id=36036, stack(0x000000e936100000,0x000000e936200000) (1024K)]
  0x000002e18c85ee00 JavaThread "Service Thread"             daemon [_thread_blocked, id=47420, stack(0x000000e936200000,0x000000e936300000) (1024K)]
  0x000002e18c85d3c0 JavaThread "Monitor Deflation Thread"   daemon [_thread_blocked, id=43340, stack(0x000000e936300000,0x000000e936400000) (1024K)]
=>0x000002e18c864810 JavaThread "C2 CompilerThread0"         daemon [_thread_in_native, id=42824, stack(0x000000e936400000,0x000000e936500000) (1024K)]
  0x000002e18c865770 JavaThread "C1 CompilerThread0"         daemon [_thread_blocked, id=45488, stack(0x000000e936500000,0x000000e936600000) (1024K)]
  0x000002e18c85f490 JavaThread "Common-Cleaner"             daemon [_thread_blocked, id=32588, stack(0x000000e936800000,0x000000e936900000) (1024K)]
  0x000002e18c85da50 JavaThread "Notification Thread"        daemon [_thread_blocked, id=47540, stack(0x000000e936b00000,0x000000e936c00000) (1024K)]
  0x000002e18c85c010 JavaThread "Active Thread: Equinox Container: 5a1597d0-c157-4ffa-931c-2fe7b193ff73"        [_thread_blocked, id=40512, stack(0x000000e937300000,0x000000e937400000) (1024K)]
  0x000002e18c85c6a0 JavaThread "Refresh Thread: Equinox Container: 5a1597d0-c157-4ffa-931c-2fe7b193ff73" daemon [_thread_blocked, id=46128, stack(0x000000e936600000,0x000000e936700000) (1024K)]
  0x000002e18c85cd30 JavaThread "Framework Event Dispatcher: Equinox Container: 5a1597d0-c157-4ffa-931c-2fe7b193ff73" daemon [_thread_blocked, id=40956, stack(0x000000e936700000,0x000000e936800000) (1024K)]
  0x000002e18c85e0e0 JavaThread "Start Level: Equinox Container: 5a1597d0-c157-4ffa-931c-2fe7b193ff73" daemon [_thread_blocked, id=48536, stack(0x000000e936900000,0x000000e936a00000) (1024K)]
  0x000002e18c85e770 JavaThread "Bundle File Closer"         daemon [_thread_blocked, id=30276, stack(0x000000e937800000,0x000000e937900000) (1024K)]
  0x000002e193f4ddf0 JavaThread "SCR Component Actor"        daemon [_thread_blocked, id=42472, stack(0x000000e937700000,0x000000e937800000) (1024K)]
  0x000002e193f4e480 JavaThread "Worker-JM"                         [_thread_blocked, id=32208, stack(0x000000e937b00000,0x000000e937c00000) (1024K)]
  0x000002e193f4f830 JavaThread "Java indexing"              daemon [_thread_blocked, id=42036, stack(0x000000e938500000,0x000000e938600000) (1024K)]
  0x000002e193f50550 JavaThread "JNA Cleaner"                daemon [_thread_blocked, id=31456, stack(0x000000e938600000,0x000000e938700000) (1024K)]
  0x000002e193f50be0 JavaThread "Thread-1"                   daemon [_thread_in_native, id=14208, stack(0x000000e938b00000,0x000000e938c00000) (1024K)]
  0x000002e1951a9580 JavaThread "Thread-2"                   daemon [_thread_in_native, id=40944, stack(0x000000e938c00000,0x000000e938d00000) (1024K)]
  0x000002e1951a9c10 JavaThread "Thread-3"                   daemon [_thread_in_native, id=37092, stack(0x000000e938d00000,0x000000e938e00000) (1024K)]
  0x000002e1951aa2a0 JavaThread "Thread-4"                   daemon [_thread_in_native, id=41724, stack(0x000000e938e00000,0x000000e938f00000) (1024K)]
  0x000002e1951a74b0 JavaThread "Thread-5"                   daemon [_thread_in_native, id=37436, stack(0x000000e938f00000,0x000000e939000000) (1024K)]
  0x000002e1951aafc0 JavaThread "Thread-6"                   daemon [_thread_in_native, id=18820, stack(0x000000e939000000,0x000000e939100000) (1024K)]
  0x000002e1951aa930 JavaThread "Thread-7"                   daemon [_thread_in_native, id=48016, stack(0x000000e939100000,0x000000e939200000) (1024K)]
  0x000002e1951a7b40 JavaThread "Thread-8"                   daemon [_thread_in_native, id=41684, stack(0x000000e939200000,0x000000e939300000) (1024K)]
  0x000002e1951a8860 JavaThread "Thread-9"                   daemon [_thread_in_native, id=16988, stack(0x000000e939300000,0x000000e939400000) (1024K)]
  0x000002e1951ab650 JavaThread "Thread-10"                  daemon [_thread_in_native, id=37540, stack(0x000000e939400000,0x000000e939500000) (1024K)]
  0x000002e1951a8ef0 JavaThread "Thread-11"                  daemon [_thread_in_native, id=15256, stack(0x000000e939500000,0x000000e939600000) (1024K)]
  0x000002e1951a81d0 JavaThread "Thread-12"                  daemon [_thread_in_native, id=27368, stack(0x000000e939600000,0x000000e939700000) (1024K)]
  0x000002e1951ac370 JavaThread "Thread-13"                  daemon [_thread_in_native, id=43868, stack(0x000000e939700000,0x000000e939800000) (1024K)]
  0x000002e1951aead0 JavaThread "Thread-14"                  daemon [_thread_in_native, id=47044, stack(0x000000e939800000,0x000000e939900000) (1024K)]
  0x000002e1951ad720 JavaThread "Thread-15"                  daemon [_thread_in_native, id=43472, stack(0x000000e939900000,0x000000e939a00000) (1024K)]
  0x000002e1951aca00 JavaThread "Thread-16"                  daemon [_thread_in_native, id=24172, stack(0x000000e939a00000,0x000000e939b00000) (1024K)]
  0x000002e1951abce0 JavaThread "Thread-17"                  daemon [_thread_in_native, id=34156, stack(0x000000e939b00000,0x000000e939c00000) (1024K)]
  0x000002e1951ae440 JavaThread "Thread-18"                  daemon [_thread_in_native, id=44896, stack(0x000000e939c00000,0x000000e939d00000) (1024K)]
  0x000002e1951ad090 JavaThread "Thread-19"                  daemon [_thread_in_native, id=28004, stack(0x000000e939d00000,0x000000e939e00000) (1024K)]
  0x000002e1951addb0 JavaThread "Thread-20"                  daemon [_thread_in_native, id=4840, stack(0x000000e939e00000,0x000000e939f00000) (1024K)]
  0x000002e1946f2c50 JavaThread "Thread-21"                  daemon [_thread_in_native, id=5664, stack(0x000000e939f00000,0x000000e93a000000) (1024K)]
  0x000002e1946f25c0 JavaThread "Thread-22"                  daemon [_thread_in_native, id=42304, stack(0x000000e93a000000,0x000000e93a100000) (1024K)]
  0x000002e1946f32e0 JavaThread "Thread-23"                  daemon [_thread_in_native, id=48520, stack(0x000000e93a100000,0x000000e93a200000) (1024K)]
  0x000002e1946f3970 JavaThread "pool-2-thread-1"                   [_thread_blocked, id=28188, stack(0x000000e93a300000,0x000000e93a400000) (1024K)]
  0x000002e1946f4000 JavaThread "WorkspaceEventsHandler"            [_thread_blocked, id=14916, stack(0x000000e93a500000,0x000000e93a600000) (1024K)]
  0x000002e1946f1f30 JavaThread "pool-1-thread-1"                   [_thread_blocked, id=5272, stack(0x000000e93a600000,0x000000e93a700000) (1024K)]
  0x000002e19610b2a0 JavaThread "Cleaner-0"                  daemon [_thread_blocked, id=35912, stack(0x000000e93ee00000,0x000000e93ef00000) (1024K)]
  0x000002e1946f7b10 JavaThread "Java Debug Server"          daemon [_thread_in_native, id=5288, stack(0x000000e93ab00000,0x000000e93ac00000) (1024K)]
  0x000002e1946f7480 JavaThread "RxSchedulerPurge-1"         daemon [_thread_blocked, id=22776, stack(0x000000e93ae00000,0x000000e93af00000) (1024K)]
  0x000002e1946f4690 JavaThread "RxCachedWorkerPoolEvictor-1" daemon [_thread_blocked, id=41008, stack(0x000000e93af00000,0x000000e93b000000) (1024K)]
  0x000002e1945de680 JavaThread "ForkJoinPool.commonPool-worker-108" daemon [_thread_blocked, id=41328, stack(0x000000e938a00000,0x000000e938b00000) (1024K)]
  0x000002e1a106aef0 JavaThread "ForkJoinPool.commonPool-worker-112" daemon [_thread_blocked, id=36848, stack(0x000000e935900000,0x000000e935a00000) (1024K)]
  0x000002e196589220 JavaThread "Worker-67"                         [_thread_blocked, id=48908, stack(0x000000e93a800000,0x000000e93a900000) (1024K)]
  0x000002e19658a5d0 JavaThread "Worker-69"                         [_thread_blocked, id=41352, stack(0x000000e937a00000,0x000000e937b00000) (1024K)]
  0x000002e196107e20 JavaThread "ForkJoinPool.commonPool-worker-114" daemon [_thread_blocked, id=30412, stack(0x000000e935700000,0x000000e935800000) (1024K)]
  0x000002e196106a70 JavaThread "ForkJoinPool.commonPool-worker-115" daemon [_thread_blocked, id=7572, stack(0x000000e935800000,0x000000e935900000) (1024K)]
  0x000002e1961091d0 JavaThread "ForkJoinPool.commonPool-worker-116" daemon [_thread_blocked, id=30188, stack(0x000000e936a00000,0x000000e936b00000) (1024K)]
  0x000002e19610a580 JavaThread "ForkJoinPool.commonPool-worker-117" daemon [_thread_blocked, id=13136, stack(0x000000e937900000,0x000000e937a00000) (1024K)]
  0x000002e19610ac10 JavaThread "Worker-70"                         [_thread_blocked, id=47368, stack(0x000000e937f00000,0x000000e938000000) (1024K)]
  0x000002e1961084b0 JavaThread "ForkJoinPool.commonPool-worker-118" daemon [_thread_blocked, id=21004, stack(0x000000e938000000,0x000000e938100000) (1024K)]
  0x000002e19610c650 JavaThread "ForkJoinPool.commonPool-worker-120" daemon [_thread_blocked, id=41380, stack(0x000000e938100000,0x000000e938200000) (1024K)]
  0x000002e19610cce0 JavaThread "ForkJoinPool.commonPool-worker-119" daemon [_thread_blocked, id=4120, stack(0x000000e938200000,0x000000e938300000) (1024K)]
Total: 62

Other Threads:
  0x000002e18c856dc0 VMThread "VM Thread"                           [id=37548, stack(0x000000e935d00000,0x000000e935e00000) (1024K)]
  0x000002e1338fca00 WatcherThread "VM Periodic Task Thread"        [id=39292, stack(0x000000e935c00000,0x000000e935d00000) (1024K)]
  0x000002e133a96dc0 WorkerThread "GC Thread#0"                     [id=12160, stack(0x000000e935b00000,0x000000e935c00000) (1024K)]
  0x000002e1938e7c70 WorkerThread "GC Thread#1"                     [id=43380, stack(0x000000e936d00000,0x000000e936e00000) (1024K)]
  0x000002e1938e7510 WorkerThread "GC Thread#2"                     [id=32428, stack(0x000000e936e00000,0x000000e936f00000) (1024K)]
  0x000002e1938e83d0 WorkerThread "GC Thread#3"                     [id=30536, stack(0x000000e936f00000,0x000000e937000000) (1024K)]
  0x000002e1938e8b30 WorkerThread "GC Thread#4"                     [id=44412, stack(0x000000e937000000,0x000000e937100000) (1024K)]
  0x000002e1938e8020 WorkerThread "GC Thread#5"                     [id=23904, stack(0x000000e937100000,0x000000e937200000) (1024K)]
  0x000002e1938e8ee0 WorkerThread "GC Thread#6"                     [id=1688, stack(0x000000e937200000,0x000000e937300000) (1024K)]
  0x000002e1939e07a0 WorkerThread "GC Thread#7"                     [id=45336, stack(0x000000e937400000,0x000000e937500000) (1024K)]
  0x000002e1939e03f0 WorkerThread "GC Thread#8"                     [id=48396, stack(0x000000e936c00000,0x000000e936d00000) (1024K)]
  0x000002e1939e1dc0 WorkerThread "GC Thread#9"                     [id=46552, stack(0x000000e937500000,0x000000e937600000) (1024K)]
  0x000002e1939e2170 WorkerThread "GC Thread#10"                    [id=13456, stack(0x000000e937600000,0x000000e937700000) (1024K)]
  0x000002e1939e3030 WorkerThread "GC Thread#11"                    [id=15248, stack(0x000000e937c00000,0x000000e937d00000) (1024K)]
  0x000002e1939e1660 WorkerThread "GC Thread#12"                    [id=10728, stack(0x000000e937d00000,0x000000e937e00000) (1024K)]
  0x000002e1939e3b40 WorkerThread "GC Thread#13"                    [id=20180, stack(0x000000e937e00000,0x000000e937f00000) (1024K)]
  0x000002e1939e2520 WorkerThread "GC Thread#14"                    [id=10740, stack(0x000000e938300000,0x000000e938400000) (1024K)]
  0x000002e1939e2c80 WorkerThread "GC Thread#15"                    [id=3136, stack(0x000000e938400000,0x000000e938500000) (1024K)]
Total: 18

Threads with active compile tasks:
C2 CompilerThread0  64954326 38735       4       org.eclipse.jdt.internal.core.BufferCache::closeBuffers (59 bytes)
Total: 1

VM state: not at safepoint (normal execution)

VM Mutex/Monitor currently owned by a thread: None

Heap address: 0x0000000080000000, size: 2048 MB, Compressed Oops mode: 32-bit

CDS archive(s) mapped at: [0x000002e14b000000-0x000002e14bba0000-0x000002e14bba0000), size 12189696, SharedBaseAddress: 0x000002e14b000000, ArchiveRelocationMode: 1.
Compressed class space mapped at: 0x000002e14c000000-0x000002e18c000000, reserved size: 1073741824
Narrow klass base: 0x000002e14b000000, Narrow klass shift: 0, Narrow klass range: 0x100000000

GC Precious Log:
 CardTable entry size: 512
 CPUs: 22 total, 22 available
 Memory: 15828M
 Large Page Support: Disabled
 NUMA Support: Disabled
 Compressed Oops: Enabled (32-bit)
 Alignments: Space 512K, Generation 512K, Heap 2M
 Heap Min Capacity: 100M
 Heap Initial Capacity: 100M
 Heap Max Capacity: 2G
 Pre-touch: Disabled
 Parallel Workers: 16

Heap:
 PSYoungGen      total 6144K, used 3492K [0x00000000d5580000, 0x00000000d5d00000, 0x0000000100000000)
  eden space 4608K, 56% used [0x00000000d5580000,0x00000000d580d070,0x00000000d5a00000)
  from space 1536K, 57% used [0x00000000d5a00000,0x00000000d5adc010,0x00000000d5b80000)
  to   space 1024K, 0% used [0x00000000d5c00000,0x00000000d5c00000,0x00000000d5d00000)
 ParOldGen       total 1303552K, used 1303332K [0x0000000080000000, 0x00000000cf900000, 0x00000000d5580000)
  object space 1303552K, 99% used [0x0000000080000000,0x00000000cf8c9170,0x00000000cf900000)
 Metaspace       used 111679K, committed 113472K, reserved 1179648K
  class space    used 10963K, committed 11840K, reserved 1048576K

Card table byte_map: [0x000002e133410000,0x000002e133820000] _byte_map_base: 0x000002e133010000

Marking Bits: (ParMarkBitMap*) 0x00007ffc5d3d3450
 Begin Bits: [0x000002e145f20000, 0x000002e147f20000)
 End Bits:   [0x000002e147f20000, 0x000002e149f20000)

Polling page: 0x000002e131820000

Metaspace:

Usage:
  Non-class:     98.36 MB used.
      Class:     10.71 MB used.
       Both:    109.06 MB used.

Virtual space:
  Non-class space:      128.00 MB reserved,      99.25 MB ( 78%) committed,  2 nodes.
      Class space:        1.00 GB reserved,      11.56 MB (  1%) committed,  1 nodes.
             Both:        1.12 GB reserved,     110.81 MB ( 10%) committed. 

Chunk freelists:
   Non-Class:  12.63 MB
       Class:  4.35 MB
        Both:  16.98 MB

MaxMetaspaceSize: unlimited
CompressedClassSpaceSize: 1.00 GB
Initial GC threshold: 21.00 MB
Current GC threshold: 184.00 MB
CDS: on
 - commit_granule_bytes: 65536.
 - commit_granule_words: 8192.
 - virtual_space_node_default_size: 8388608.
 - enlarge_chunks_in_place: 1.
 - use_allocation_guard: 0.


Internal statistics:

num_allocs_failed_limit: 13.
num_arena_births: 2302.
num_arena_deaths: 608.
num_vsnodes_births: 3.
num_vsnodes_deaths: 0.
num_space_committed: 1780.
num_space_uncommitted: 5.
num_chunks_returned_to_freelist: 811.
num_chunks_taken_from_freelist: 8281.
num_chunk_merges: 193.
num_chunk_splits: 4709.
num_chunks_enlarged: 2625.
num_inconsistent_stats: 0.

CodeHeap 'non-profiled nmethods': size=119168Kb used=35345Kb max_used=35345Kb free=83822Kb
 bounds [0x000002e13e810000, 0x000002e140aa0000, 0x000002e145c70000]
CodeHeap 'profiled nmethods': size=119104Kb used=56928Kb max_used=65194Kb free=62175Kb
 bounds [0x000002e136c70000, 0x000002e13ac30000, 0x000002e13e0c0000]
CodeHeap 'non-nmethods': size=7488Kb used=1573Kb max_used=3323Kb free=5914Kb
 bounds [0x000002e13e0c0000, 0x000002e13e430000, 0x000002e13e810000]
CodeCache: size=245760Kb, used=93846Kb, max_used=103862Kb, free=151911Kb
 total_blobs=23907, nmethods=23009, adapters=798, full_count=0
Compilation: enabled, stopped_count=0, restarted_count=0

Compilation events (20 events):
Event: 64947.312 Thread 0x000002e18c864810 nmethod 38725 0x000002e140a8b010 code [0x000002e140a8b1e0, 0x000002e140a8b4b8]
Event: 64947.707 Thread 0x000002e18c864810 38726       4       org.eclipse.jdt.internal.compiler.lookup.LookupEnvironment::createWildcard (64 bytes)
Event: 64947.711 Thread 0x000002e18c864810 nmethod 38726 0x000002e140a8b710 code [0x000002e140a8b8e0, 0x000002e140a8bb10]
Event: 64949.848 Thread 0x000002e18c864810 38727   !   4       org.eclipse.jdt.internal.core.BinaryType::getDeclaringType (236 bytes)
Event: 64949.922 Thread 0x000002e18c864810 nmethod 38727 0x000002e140a8bd90 code [0x000002e140a8c2c0, 0x000002e140a8eee8]
Event: 64950.196 Thread 0x000002e18c864810 38728       4       org.eclipse.jdt.internal.compiler.lookup.BoundSet::condition18_5_2_bullet_3_3_1 (343 bytes)
Event: 64950.245 Thread 0x000002e18c864810 nmethod 38728 0x000002e140a90990 code [0x000002e140a90ce0, 0x000002e140a92120]
Event: 64950.245 Thread 0x000002e18c864810 38729       4       org.eclipse.jdt.internal.compiler.lookup.MethodVerifier::collectAllDistinctSuperInterfaces (58 bytes)
Event: 64950.249 Thread 0x000002e18c864810 nmethod 38729 0x000002e140a93290 code [0x000002e140a93460, 0x000002e140a936a0]
Event: 64950.407 Thread 0x000002e18c864810 38730       4       org.eclipse.jdt.internal.core.util.ReferenceInfoAdapter::acceptUnknownReference (1 bytes)
Event: 64950.407 Thread 0x000002e18c864810 nmethod 38730 0x000002e140a93890 code [0x000002e140a93a20, 0x000002e140a93aa8]
Event: 64950.432 Thread 0x000002e18c865770 38731       3       org.eclipse.jdt.internal.compiler.parser.RecoveredField::updateParseTree (14 bytes)
Event: 64950.433 Thread 0x000002e18c865770 nmethod 38731 0x000002e138fa7b10 code [0x000002e138fa7d00, 0x000002e138fa8260]
Event: 64951.085 Thread 0x000002e18c864810 38732       4       lombok.core.LombokNode::rebuild (47 bytes)
Event: 64951.101 Thread 0x000002e18c864810 nmethod 38732 0x000002e140a93b90 code [0x000002e140a93da0, 0x000002e140a94258]
Event: 64951.791 Thread 0x000002e18c865770 38734       3       org.eclipse.jdt.internal.core.ModuleSourcePathManager::seekModule (155 bytes)
Event: 64951.803 Thread 0x000002e18c865770 nmethod 38734 0x000002e139c18490 code [0x000002e139c18800, 0x000002e139c1a160]
Event: 64951.803 Thread 0x000002e18c865770 38733   !   3       org.eclipse.jdt.internal.core.JavaModelManager::getModulePathManager (40 bytes)
Event: 64951.804 Thread 0x000002e18c865770 nmethod 38733 0x000002e13904b710 code [0x000002e13904b8e0, 0x000002e13904be38]
Event: 64953.067 Thread 0x000002e18c864810 38735       4       org.eclipse.jdt.internal.core.BufferCache::closeBuffers (59 bytes)

GC Heap History (20 events):
Event: 64951.376 GC heap before
{Heap before GC invocations=9455 (full 10):
 PSYoungGen      total 4096K, used 3933K [0x00000000d5580000, 0x00000000d5a80000, 0x0000000100000000)
  eden space 3072K, 100% used [0x00000000d5580000,0x00000000d5880000,0x00000000d5880000)
  from space 1024K, 84% used [0x00000000d5980000,0x00000000d5a576f0,0x00000000d5a80000)
  to   space 1024K, 0% used [0x00000000d5880000,0x00000000d5880000,0x00000000d5980000)
 ParOldGen       total 1297920K, used 1297626K [0x0000000080000000, 0x00000000cf380000, 0x00000000d5580000)
  object space 1297920K, 99% used [0x0000000080000000,0x00000000cf336b08,0x00000000cf380000)
 Metaspace       used 111679K, committed 113472K, reserved 1179648K
  class space    used 10963K, committed 11840K, reserved 1048576K
}
Event: 64951.379 GC heap after
{Heap after GC invocations=9455 (full 10):
 PSYoungGen      total 4096K, used 468K [0x00000000d5580000, 0x00000000d5b80000, 0x0000000100000000)
  eden space 3072K, 0% used [0x00000000d5580000,0x00000000d5580000,0x00000000d5880000)
  from space 1024K, 45% used [0x00000000d5880000,0x00000000d58f5108,0x00000000d5980000)
  to   space 1024K, 0% used [0x00000000d5a80000,0x00000000d5a80000,0x00000000d5b80000)
 ParOldGen       total 1297920K, used 1297674K [0x0000000080000000, 0x00000000cf380000, 0x00000000d5580000)
  object space 1297920K, 99% used [0x0000000080000000,0x00000000cf342b08,0x00000000cf380000)
 Metaspace       used 111679K, committed 113472K, reserved 1179648K
  class space    used 10963K, committed 11840K, reserved 1048576K
}
Event: 64951.718 GC heap before
{Heap before GC invocations=9456 (full 10):
 PSYoungGen      total 4096K, used 3540K [0x00000000d5580000, 0x00000000d5b80000, 0x0000000100000000)
  eden space 3072K, 100% used [0x00000000d5580000,0x00000000d5880000,0x00000000d5880000)
  from space 1024K, 45% used [0x00000000d5880000,0x00000000d58f5108,0x00000000d5980000)
  to   space 1024K, 0% used [0x00000000d5a80000,0x00000000d5a80000,0x00000000d5b80000)
 ParOldGen       total 1297920K, used 1297674K [0x0000000080000000, 0x00000000cf380000, 0x00000000d5580000)
  object space 1297920K, 99% used [0x0000000080000000,0x00000000cf342b08,0x00000000cf380000)
 Metaspace       used 111679K, committed 113472K, reserved 1179648K
  class space    used 10963K, committed 11840K, reserved 1048576K
}
Event: 64951.731 GC heap after
{Heap after GC invocations=9456 (full 10):
 PSYoungGen      total 5120K, used 576K [0x00000000d5580000, 0x00000000d5b80000, 0x0000000100000000)
  eden space 4096K, 0% used [0x00000000d5580000,0x00000000d5580000,0x00000000d5980000)
  from space 1024K, 56% used [0x00000000d5a80000,0x00000000d5b10000,0x00000000d5b80000)
  to   space 1024K, 0% used [0x00000000d5980000,0x00000000d5980000,0x00000000d5a80000)
 ParOldGen       total 1297920K, used 1297799K [0x0000000080000000, 0x00000000cf380000, 0x00000000d5580000)
  object space 1297920K, 99% used [0x0000000080000000,0x00000000cf361c10,0x00000000cf380000)
 Metaspace       used 111679K, committed 113472K, reserved 1179648K
  class space    used 10963K, committed 11840K, reserved 1048576K
}
Event: 64951.805 GC heap before
{Heap before GC invocations=9457 (full 10):
 PSYoungGen      total 5120K, used 4672K [0x00000000d5580000, 0x00000000d5b80000, 0x0000000100000000)
  eden space 4096K, 100% used [0x00000000d5580000,0x00000000d5980000,0x00000000d5980000)
  from space 1024K, 56% used [0x00000000d5a80000,0x00000000d5b10000,0x00000000d5b80000)
  to   space 1024K, 0% used [0x00000000d5980000,0x00000000d5980000,0x00000000d5a80000)
 ParOldGen       total 1297920K, used 1297799K [0x0000000080000000, 0x00000000cf380000, 0x00000000d5580000)
  object space 1297920K, 99% used [0x0000000080000000,0x00000000cf361c10,0x00000000cf380000)
 Metaspace       used 111679K, committed 113472K, reserved 1179648K
  class space    used 10963K, committed 11840K, reserved 1048576K
}
Event: 64951.808 GC heap after
{Heap after GC invocations=9457 (full 10):
 PSYoungGen      total 5120K, used 1014K [0x00000000d5580000, 0x00000000d5d80000, 0x0000000100000000)
  eden space 4096K, 0% used [0x00000000d5580000,0x00000000d5580000,0x00000000d5980000)
  from space 1024K, 99% used [0x00000000d5980000,0x00000000d5a7db70,0x00000000d5a80000)
  to   space 2048K, 0% used [0x00000000d5b80000,0x00000000d5b80000,0x00000000d5d80000)
 ParOldGen       total 1298432K, used 1298423K [0x0000000080000000, 0x00000000cf400000, 0x00000000d5580000)
  object space 1298432K, 99% used [0x0000000080000000,0x00000000cf3fdc10,0x00000000cf400000)
 Metaspace       used 111679K, committed 113472K, reserved 1179648K
  class space    used 10963K, committed 11840K, reserved 1048576K
}
Event: 64951.832 GC heap before
{Heap before GC invocations=9458 (full 10):
 PSYoungGen      total 5120K, used 5110K [0x00000000d5580000, 0x00000000d5d80000, 0x0000000100000000)
  eden space 4096K, 100% used [0x00000000d5580000,0x00000000d5980000,0x00000000d5980000)
  from space 1024K, 99% used [0x00000000d5980000,0x00000000d5a7db70,0x00000000d5a80000)
  to   space 2048K, 0% used [0x00000000d5b80000,0x00000000d5b80000,0x00000000d5d80000)
 ParOldGen       total 1298432K, used 1298423K [0x0000000080000000, 0x00000000cf400000, 0x00000000d5580000)
  object space 1298432K, 99% used [0x0000000080000000,0x00000000cf3fdc10,0x00000000cf400000)
 Metaspace       used 111679K, committed 113472K, reserved 1179648K
  class space    used 10963K, committed 11840K, reserved 1048576K
}
Event: 64951.840 GC heap after
{Heap after GC invocations=9458 (full 10):
 PSYoungGen      total 5632K, used 1312K [0x00000000d5580000, 0x00000000d5d00000, 0x0000000100000000)
  eden space 4096K, 0% used [0x00000000d5580000,0x00000000d5580000,0x00000000d5980000)
  from space 1536K, 85% used [0x00000000d5b80000,0x00000000d5cc8060,0x00000000d5d00000)
  to   space 1536K, 0% used [0x00000000d5a00000,0x00000000d5a00000,0x00000000d5b80000)
 ParOldGen       total 1299968K, used 1299511K [0x0000000080000000, 0x00000000cf580000, 0x00000000d5580000)
  object space 1299968K, 99% used [0x0000000080000000,0x00000000cf50df58,0x00000000cf580000)
 Metaspace       used 111679K, committed 113472K, reserved 1179648K
  class space    used 10963K, committed 11840K, reserved 1048576K
}
Event: 64952.473 GC heap before
{Heap before GC invocations=9459 (full 10):
 PSYoungGen      total 5632K, used 5408K [0x00000000d5580000, 0x00000000d5d00000, 0x0000000100000000)
  eden space 4096K, 100% used [0x00000000d5580000,0x00000000d5980000,0x00000000d5980000)
  from space 1536K, 85% used [0x00000000d5b80000,0x00000000d5cc8060,0x00000000d5d00000)
  to   space 1536K, 0% used [0x00000000d5a00000,0x00000000d5a00000,0x00000000d5b80000)
 ParOldGen       total 1299968K, used 1299511K [0x0000000080000000, 0x00000000cf580000, 0x00000000d5580000)
  object space 1299968K, 99% used [0x0000000080000000,0x00000000cf50df58,0x00000000cf580000)
 Metaspace       used 111679K, committed 113472K, reserved 1179648K
  class space    used 10963K, committed 11840K, reserved 1048576K
}
Event: 64952.476 GC heap after
{Heap after GC invocations=9459 (full 10):
 PSYoungGen      total 5120K, used 800K [0x00000000d5580000, 0x00000000d5c00000, 0x0000000100000000)
  eden space 4096K, 0% used [0x00000000d5580000,0x00000000d5580000,0x00000000d5980000)
  from space 1024K, 78% used [0x00000000d5a00000,0x00000000d5ac8000,0x00000000d5b00000)
  to   space 1024K, 0% used [0x00000000d5b00000,0x00000000d5b00000,0x00000000d5c00000)
 ParOldGen       total 1300480K, used 1300145K [0x0000000080000000, 0x00000000cf600000, 0x00000000d5580000)
  object space 1300480K, 99% used [0x0000000080000000,0x00000000cf5ac760,0x00000000cf600000)
 Metaspace       used 111679K, committed 113472K, reserved 1179648K
  class space    used 10963K, committed 11840K, reserved 1048576K
}
Event: 64953.040 GC heap before
{Heap before GC invocations=9460 (full 10):
 PSYoungGen      total 5120K, used 4896K [0x00000000d5580000, 0x00000000d5c00000, 0x0000000100000000)
  eden space 4096K, 100% used [0x00000000d5580000,0x00000000d5980000,0x00000000d5980000)
  from space 1024K, 78% used [0x00000000d5a00000,0x00000000d5ac8000,0x00000000d5b00000)
  to   space 1024K, 0% used [0x00000000d5b00000,0x00000000d5b00000,0x00000000d5c00000)
 ParOldGen       total 1300480K, used 1300145K [0x0000000080000000, 0x00000000cf600000, 0x00000000d5580000)
  object space 1300480K, 99% used [0x0000000080000000,0x00000000cf5ac760,0x00000000cf600000)
 Metaspace       used 111679K, committed 113472K, reserved 1179648K
  class space    used 10963K, committed 11840K, reserved 1048576K
}
Event: 64953.043 GC heap after
{Heap after GC invocations=9460 (full 10):
 PSYoungGen      total 5120K, used 976K [0x00000000d5580000, 0x00000000d5c00000, 0x0000000100000000)
  eden space 4096K, 0% used [0x00000000d5580000,0x00000000d5580000,0x00000000d5980000)
  from space 1024K, 95% used [0x00000000d5b00000,0x00000000d5bf4010,0x00000000d5c00000)
  to   space 1024K, 0% used [0x00000000d5a00000,0x00000000d5a00000,0x00000000d5b00000)
 ParOldGen       total 1300480K, used 1300382K [0x0000000080000000, 0x00000000cf600000, 0x00000000d5580000)
  object space 1300480K, 99% used [0x0000000080000000,0x00000000cf5e7928,0x00000000cf600000)
 Metaspace       used 111679K, committed 113472K, reserved 1179648K
  class space    used 10963K, committed 11840K, reserved 1048576K
}
Event: 64953.056 GC heap before
{Heap before GC invocations=9461 (full 10):
 PSYoungGen      total 5120K, used 5072K [0x00000000d5580000, 0x00000000d5c00000, 0x0000000100000000)
  eden space 4096K, 100% used [0x00000000d5580000,0x00000000d5980000,0x00000000d5980000)
  from space 1024K, 95% used [0x00000000d5b00000,0x00000000d5bf4010,0x00000000d5c00000)
  to   space 1024K, 0% used [0x00000000d5a00000,0x00000000d5a00000,0x00000000d5b00000)
 ParOldGen       total 1300480K, used 1300382K [0x0000000080000000, 0x00000000cf600000, 0x00000000d5580000)
  object space 1300480K, 99% used [0x0000000080000000,0x00000000cf5e7928,0x00000000cf600000)
 Metaspace       used 111679K, committed 113472K, reserved 1179648K
  class space    used 10963K, committed 11840K, reserved 1048576K
}
Event: 64953.060 GC heap after
{Heap after GC invocations=9461 (full 10):
 PSYoungGen      total 5120K, used 1014K [0x00000000d5580000, 0x00000000d5d80000, 0x0000000100000000)
  eden space 4096K, 0% used [0x00000000d5580000,0x00000000d5580000,0x00000000d5980000)
  from space 1024K, 99% used [0x00000000d5a00000,0x00000000d5afdbf8,0x00000000d5b00000)
  to   space 2048K, 0% used [0x00000000d5b80000,0x00000000d5b80000,0x00000000d5d80000)
 ParOldGen       total 1301504K, used 1301203K [0x0000000080000000, 0x00000000cf700000, 0x00000000d5580000)
  object space 1301504K, 99% used [0x0000000080000000,0x00000000cf6b4cd8,0x00000000cf700000)
 Metaspace       used 111679K, committed 113472K, reserved 1179648K
  class space    used 10963K, committed 11840K, reserved 1048576K
}
Event: 64953.072 GC heap before
{Heap before GC invocations=9462 (full 10):
 PSYoungGen      total 5120K, used 3910K [0x00000000d5580000, 0x00000000d5d80000, 0x0000000100000000)
  eden space 4096K, 70% used [0x00000000d5580000,0x00000000d5853dc0,0x00000000d5980000)
  from space 1024K, 99% used [0x00000000d5a00000,0x00000000d5afdbf8,0x00000000d5b00000)
  to   space 2048K, 0% used [0x00000000d5b80000,0x00000000d5b80000,0x00000000d5d80000)
 ParOldGen       total 1301504K, used 1301203K [0x0000000080000000, 0x00000000cf700000, 0x00000000d5580000)
  object space 1301504K, 99% used [0x0000000080000000,0x00000000cf6b4cd8,0x00000000cf700000)
 Metaspace       used 111679K, committed 113472K, reserved 1179648K
  class space    used 10963K, committed 11840K, reserved 1048576K
}
Event: 64953.075 GC heap after
{Heap after GC invocations=9462 (full 10):
 PSYoungGen      total 5632K, used 1029K [0x00000000d5580000, 0x00000000d5d00000, 0x0000000100000000)
  eden space 4096K, 0% used [0x00000000d5580000,0x00000000d5580000,0x00000000d5980000)
  from space 1536K, 67% used [0x00000000d5b80000,0x00000000d5c814b8,0x00000000d5d00000)
  to   space 1536K, 0% used [0x00000000d5a00000,0x00000000d5a00000,0x00000000d5b80000)
 ParOldGen       total 1302528K, used 1302123K [0x0000000080000000, 0x00000000cf800000, 0x00000000d5580000)
  object space 1302528K, 99% used [0x0000000080000000,0x00000000cf79aec0,0x00000000cf800000)
 Metaspace       used 111679K, committed 113472K, reserved 1179648K
  class space    used 10963K, committed 11840K, reserved 1048576K
}
Event: 64953.090 GC heap before
{Heap before GC invocations=9463 (full 10):
 PSYoungGen      total 5632K, used 5125K [0x00000000d5580000, 0x00000000d5d00000, 0x0000000100000000)
  eden space 4096K, 100% used [0x00000000d5580000,0x00000000d5980000,0x00000000d5980000)
  from space 1536K, 67% used [0x00000000d5b80000,0x00000000d5c814b8,0x00000000d5d00000)
  to   space 1536K, 0% used [0x00000000d5a00000,0x00000000d5a00000,0x00000000d5b80000)
 ParOldGen       total 1302528K, used 1302123K [0x0000000080000000, 0x00000000cf800000, 0x00000000d5580000)
  object space 1302528K, 99% used [0x0000000080000000,0x00000000cf79aec0,0x00000000cf800000)
 Metaspace       used 111679K, committed 113472K, reserved 1179648K
  class space    used 10963K, committed 11840K, reserved 1048576K
}
Event: 64953.093 GC heap after
{Heap after GC invocations=9463 (full 10):
 PSYoungGen      total 5632K, used 1242K [0x00000000d5580000, 0x00000000d5c80000, 0x0000000100000000)
  eden space 4096K, 0% used [0x00000000d5580000,0x00000000d5580000,0x00000000d5980000)
  from space 1536K, 80% used [0x00000000d5a00000,0x00000000d5b36828,0x00000000d5b80000)
  to   space 1024K, 0% used [0x00000000d5b80000,0x00000000d5b80000,0x00000000d5c80000)
 ParOldGen       total 1303040K, used 1302952K [0x0000000080000000, 0x00000000cf880000, 0x00000000d5580000)
  object space 1303040K, 99% used [0x0000000080000000,0x00000000cf86a378,0x00000000cf880000)
 Metaspace       used 111679K, committed 113472K, reserved 1179648K
  class space    used 10963K, committed 11840K, reserved 1048576K
}
Event: 64953.389 GC heap before
{Heap before GC invocations=9464 (full 10):
 PSYoungGen      total 5632K, used 5338K [0x00000000d5580000, 0x00000000d5c80000, 0x0000000100000000)
  eden space 4096K, 100% used [0x00000000d5580000,0x00000000d5980000,0x00000000d5980000)
  from space 1536K, 80% used [0x00000000d5a00000,0x00000000d5b36828,0x00000000d5b80000)
  to   space 1024K, 0% used [0x00000000d5b80000,0x00000000d5b80000,0x00000000d5c80000)
 ParOldGen       total 1303040K, used 1302952K [0x0000000080000000, 0x00000000cf880000, 0x00000000d5580000)
  object space 1303040K, 99% used [0x0000000080000000,0x00000000cf86a378,0x00000000cf880000)
 Metaspace       used 111679K, committed 113472K, reserved 1179648K
  class space    used 10963K, committed 11840K, reserved 1048576K
}
Event: 64954.257 GC heap after
{Heap after GC invocations=9464 (full 10):
 PSYoungGen      total 5632K, used 1012K [0x00000000d5580000, 0x00000000d5d80000, 0x0000000100000000)
  eden space 4608K, 0% used [0x00000000d5580000,0x00000000d5580000,0x00000000d5a00000)
  from space 1024K, 98% used [0x00000000d5b80000,0x00000000d5c7d108,0x00000000d5c80000)
  to   space 1536K, 0% used [0x00000000d5a00000,0x00000000d5a00000,0x00000000d5b80000)
 ParOldGen       total 1303552K, used 1303159K [0x0000000080000000, 0x00000000cf900000, 0x00000000d5580000)
  object space 1303552K, 99% used [0x0000000080000000,0x00000000cf89dd90,0x00000000cf900000)
 Metaspace       used 111679K, committed 113472K, reserved 1179648K
  class space    used 10963K, committed 11840K, reserved 1048576K
}

Dll operation events (14 events):
Event: 0.006 Loaded shared library c:\Users\dellL\.vscode\extensions\redhat.java-1.53.0-win32-x64\jre\21.0.10-win32-x86_64\bin\java.dll
Event: 0.071 Loaded shared library c:\Users\dellL\.vscode\extensions\redhat.java-1.53.0-win32-x64\jre\21.0.10-win32-x86_64\bin\zip.dll
Event: 0.090 Loaded shared library C:\Users\dellL\.vscode\extensions\redhat.java-1.53.0-win32-x64\jre\21.0.10-win32-x86_64\bin\instrument.dll
Event: 0.095 Loaded shared library C:\Users\dellL\.vscode\extensions\redhat.java-1.53.0-win32-x64\jre\21.0.10-win32-x86_64\bin\net.dll
Event: 0.098 Loaded shared library C:\Users\dellL\.vscode\extensions\redhat.java-1.53.0-win32-x64\jre\21.0.10-win32-x86_64\bin\nio.dll
Event: 0.103 Loaded shared library C:\Users\dellL\.vscode\extensions\redhat.java-1.53.0-win32-x64\jre\21.0.10-win32-x86_64\bin\zip.dll
Event: 0.120 Loaded shared library C:\Users\dellL\.vscode\extensions\redhat.java-1.53.0-win32-x64\jre\21.0.10-win32-x86_64\bin\jimage.dll
Event: 0.194 Loaded shared library c:\Users\dellL\.vscode\extensions\redhat.java-1.53.0-win32-x64\jre\21.0.10-win32-x86_64\bin\verify.dll
Event: 11.112 Loaded shared library C:\Users\dellL\AppData\Roaming\Code\User\globalStorage\redhat.java\1.53.0\config_win\org.eclipse.equinox.launcher\org.eclipse.equinox.launcher.win32.win32.x86_64_1.3.0.v20260203-2149\eclipse_11919.dll
Event: 23.595 Loaded shared library C:\Users\dellL\.vscode\extensions\redhat.java-1.53.0-win32-x64\jre\21.0.10-win32-x86_64\bin\management.dll
Event: 23.598 Loaded shared library C:\Users\dellL\.vscode\extensions\redhat.java-1.53.0-win32-x64\jre\21.0.10-win32-x86_64\bin\management_ext.dll
Event: 24.928 Loaded shared library C:\Users\dellL\AppData\Local\Temp\jna-95468203\jna17550917241688500975.dll
Event: 25.068 Loaded shared library C:\Users\dellL\.vscode\extensions\redhat.java-1.53.0-win32-x64\jre\21.0.10-win32-x86_64\bin\sunmscapi.dll
Event: 25.662 Loaded shared library C:\Users\dellL\.vscode\extensions\redhat.java-1.53.0-win32-x64\jre\21.0.10-win32-x86_64\bin\extnet.dll

Deoptimization events (20 events):
Event: 64445.692 Thread 0x000002e1945ded10 DEOPT PACKING pc=0x000002e13fa36908 sp=0x000000e9382fe3a0
Event: 64445.692 Thread 0x000002e1945ded10 DEOPT UNPACKING pc=0x000002e13e113aa2 sp=0x000000e9382fe2c0 mode 2
Event: 64515.111 Thread 0x000002e1945ded10 Uncommon trap: trap_request=0xffffff45 fr.pc=0x000002e13f5a7f50 relative=0x0000000000000b10
Event: 64515.112 Thread 0x000002e1945ded10 Uncommon trap: reason=unstable_if action=reinterpret pc=0x000002e13f5a7f50 method=org.eclipse.jdt.core.dom.DefaultCommentMapper.initialize(Lorg/eclipse/jdt/core/dom/CompilationUnit;Lorg/eclipse/jdt/internal/compiler/parser/Scanner;)V @ 86 c2
Event: 64515.112 Thread 0x000002e1945ded10 DEOPT PACKING pc=0x000002e13f5a7f50 sp=0x000000e9382fe9c0
Event: 64515.112 Thread 0x000002e1945ded10 DEOPT UNPACKING pc=0x000002e13e113aa2 sp=0x000000e9382fe960 mode 2
Event: 64519.215 Thread 0x000002e193f4f830 DEOPT PACKING pc=0x000002e139c283f1 sp=0x000000e9385fe0a0
Event: 64519.215 Thread 0x000002e193f4f830 DEOPT UNPACKING pc=0x000002e13e114242 sp=0x000000e9385fd550 mode 0
Event: 64523.418 Thread 0x000002e1946f1f30 Uncommon trap: trap_request=0xffffff76 fr.pc=0x000002e13f8650d0 relative=0x0000000000000310
Event: 64523.418 Thread 0x000002e1946f1f30 Uncommon trap: reason=predicate action=maybe_recompile pc=0x000002e13f8650d0 method=org.eclipse.jdt.internal.compiler.SourceElementNotifier.getTypeParameterInfos([Lorg/eclipse/jdt/internal/compiler/ast/TypeParameter;)[Lorg/eclipse/jdt/internal/compiler/IS
Event: 64523.418 Thread 0x000002e1946f1f30 DEOPT PACKING pc=0x000002e13f8650d0 sp=0x000000e93a6fe3c0
Event: 64523.418 Thread 0x000002e1946f1f30 DEOPT UNPACKING pc=0x000002e13e113aa2 sp=0x000000e93a6fe348 mode 2
Event: 64523.422 Thread 0x000002e1946f1f30 Uncommon trap: trap_request=0xffffffde fr.pc=0x000002e140789534 relative=0x0000000000002e54
Event: 64523.422 Thread 0x000002e1946f1f30 Uncommon trap: reason=class_check action=maybe_recompile pc=0x000002e140789534 method=org.eclipse.jdt.internal.compiler.SourceElementNotifier.notifySourceElementRequestor(Lorg/eclipse/jdt/internal/compiler/ast/CompilationUnitDeclaration;Lorg/eclipse/jdt/i
Event: 64523.422 Thread 0x000002e1946f1f30 DEOPT PACKING pc=0x000002e140789534 sp=0x000000e93a6fe560
Event: 64523.422 Thread 0x000002e1946f1f30 DEOPT UNPACKING pc=0x000002e13e113aa2 sp=0x000000e93a6fe518 mode 2
Event: 64523.448 Thread 0x000002e1945d97c0 Uncommon trap: trap_request=0xffffff45 fr.pc=0x000002e13fdea584 relative=0x00000000000019c4
Event: 64523.448 Thread 0x000002e1945d97c0 Uncommon trap: reason=unstable_if action=reinterpret pc=0x000002e13fdea584 method=org.eclipse.jdt.internal.compiler.ast.MethodDeclaration.analyseCode(Lorg/eclipse/jdt/internal/compiler/lookup/ClassScope;Lorg/eclipse/jdt/internal/compiler/flow/FlowContext;
Event: 64523.448 Thread 0x000002e1945d97c0 DEOPT PACKING pc=0x000002e13fdea584 sp=0x000000e9379feae0
Event: 64523.448 Thread 0x000002e1945d97c0 DEOPT UNPACKING pc=0x000002e13e113aa2 sp=0x000000e9379fea78 mode 2

Classes loaded (20 events):
Event: 5067.066 Loading class sun/security/ssl/PreSharedKeyExtension$CHPreSharedKeySpec
Event: 5067.068 Loading class sun/security/ssl/PreSharedKeyExtension$CHPreSharedKeySpec done
Event: 5067.068 Loading class sun/security/ssl/PreSharedKeyExtension$PartialClientHelloMessage
Event: 5067.068 Loading class sun/security/ssl/PreSharedKeyExtension$PartialClientHelloMessage done
Event: 5067.097 Loading class sun/security/ssl/PreSharedKeyExtension$SHPreSharedKeySpec
Event: 5067.097 Loading class sun/security/ssl/PreSharedKeyExtension$SHPreSharedKeySpec done
Event: 5069.855 Loading class jdk/internal/math/FDBigInteger
Event: 5069.856 Loading class jdk/internal/math/FDBigInteger done
Event: 5074.643 Loading class java/util/concurrent/LinkedBlockingQueue$Itr
Event: 5074.643 Loading class java/util/concurrent/LinkedBlockingQueue$Itr done
Event: 6252.945 Loading class java/util/stream/DoubleStream
Event: 6252.950 Loading class java/util/stream/DoubleStream done
Event: 6252.950 Loading class java/util/function/DoubleBinaryOperator
Event: 6252.952 Loading class java/util/function/DoubleBinaryOperator done
Event: 6252.952 Loading class java/util/function/IntToDoubleFunction
Event: 6252.952 Loading class java/util/function/IntToDoubleFunction done
Event: 6252.952 Loading class java/util/function/IntToLongFunction
Event: 6252.952 Loading class java/util/function/IntToLongFunction done
Event: 64813.685 Loading class java/util/DualPivotQuicksort$Sorter
Event: 64813.692 Loading class java/util/DualPivotQuicksort$Sorter done

Classes unloaded (20 events):
Event: 9594.976 Thread 0x000002e18c856dc0 Unloading class 0x000002e14cabec00 'java/lang/invoke/LambdaForm$MH+0x000002e14cabec00'
Event: 9594.976 Thread 0x000002e18c856dc0 Unloading class 0x000002e14cb56400 'jdk/internal/reflect/GeneratedSerializationConstructorAccessor38'
Event: 9594.976 Thread 0x000002e18c856dc0 Unloading class 0x000002e14cb56000 'jdk/internal/reflect/GeneratedSerializationConstructorAccessor37'
Event: 9594.976 Thread 0x000002e18c856dc0 Unloading class 0x000002e14cb55c00 'jdk/internal/reflect/GeneratedSerializationConstructorAccessor36'
Event: 9594.976 Thread 0x000002e18c856dc0 Unloading class 0x000002e14cb55800 'jdk/internal/reflect/GeneratedSerializationConstructorAccessor35'
Event: 9594.976 Thread 0x000002e18c856dc0 Unloading class 0x000002e14c172000 'java/lang/invoke/LambdaForm$MH+0x000002e14c172000'
Event: 11540.668 Thread 0x000002e18c856dc0 Unloading class 0x000002e14cb90800 'java/lang/invoke/LambdaForm$MH+0x000002e14cb90800'
Event: 11540.668 Thread 0x000002e18c856dc0 Unloading class 0x000002e14cb91400 'java/lang/invoke/LambdaForm$MH+0x000002e14cb91400'
Event: 11540.668 Thread 0x000002e18c856dc0 Unloading class 0x000002e14c000400 'java/lang/invoke/LambdaForm$MH+0x000002e14c000400'
Event: 11540.668 Thread 0x000002e18c856dc0 Unloading class 0x000002e14c014800 'java/lang/invoke/LambdaForm$MH+0x000002e14c014800'
Event: 11540.668 Thread 0x000002e18c856dc0 Unloading class 0x000002e14c16c000 'java/lang/invoke/LambdaForm$MH+0x000002e14c16c000'
Event: 11540.668 Thread 0x000002e18c856dc0 Unloading class 0x000002e14c899000 'java/lang/invoke/LambdaForm$MH+0x000002e14c899000'
Event: 11540.668 Thread 0x000002e18c856dc0 Unloading class 0x000002e14c998400 'java/lang/invoke/LambdaForm$MH+0x000002e14c998400'
Event: 11540.668 Thread 0x000002e18c856dc0 Unloading class 0x000002e14c999400 'java/lang/invoke/LambdaForm$MH+0x000002e14c999400'
Event: 11540.668 Thread 0x000002e18c856dc0 Unloading class 0x000002e14c16d800 'java/lang/invoke/LambdaForm$MH+0x000002e14c16d800'
Event: 11540.668 Thread 0x000002e18c856dc0 Unloading class 0x000002e14c01f800 'java/lang/invoke/LambdaForm$MH+0x000002e14c01f800'
Event: 11540.668 Thread 0x000002e18c856dc0 Unloading class 0x000002e14c01e800 'java/lang/invoke/LambdaForm$MH+0x000002e14c01e800'
Event: 11540.668 Thread 0x000002e18c856dc0 Unloading class 0x000002e14c01e400 'java/lang/invoke/LambdaForm$MH+0x000002e14c01e400'
Event: 11540.668 Thread 0x000002e18c856dc0 Unloading class 0x000002e14c01dc00 'java/lang/invoke/LambdaForm$MH+0x000002e14c01dc00'
Event: 11540.669 Thread 0x000002e18c856dc0 Unloading class 0x000002e14c01d400 'java/lang/invoke/LambdaForm$MH+0x000002e14c01d400'

Classes redefined (0 events):
No events

Internal exceptions (20 events):
Event: 63931.899 Thread 0x000002e193f4f830 Exception <a 'sun/nio/fs/WindowsException'{0x00000000d5778578}> (0x00000000d5778578) 
thrown [s\src\hotspot\share\prims\jni.cpp, line 520]
Event: 63931.989 Thread 0x000002e193f4f830 Exception <a 'sun/nio/fs/WindowsException'{0x00000000d5861538}> (0x00000000d5861538) 
thrown [s\src\hotspot\share\prims\jni.cpp, line 520]
Event: 63936.232 Thread 0x000002e193f4f830 Exception <a 'sun/nio/fs/WindowsException'{0x00000000d5b6aec8}> (0x00000000d5b6aec8) 
thrown [s\src\hotspot\share\prims\jni.cpp, line 520]
Event: 63936.321 Thread 0x000002e193f4f830 Exception <a 'sun/nio/fs/WindowsException'{0x00000000d55805a0}> (0x00000000d55805a0) 
thrown [s\src\hotspot\share\prims\jni.cpp, line 520]
Event: 64042.963 Thread 0x000002e193f4f830 Exception <a 'sun/nio/fs/WindowsException'{0x00000000d57f6ab0}> (0x00000000d57f6ab0) 
thrown [s\src\hotspot\share\prims\jni.cpp, line 520]
Event: 64043.097 Thread 0x000002e193f4f830 Exception <a 'sun/nio/fs/WindowsException'{0x00000000d55d9008}> (0x00000000d55d9008) 
thrown [s\src\hotspot\share\prims\jni.cpp, line 520]
Event: 64231.861 Thread 0x000002e1945d8410 Exception <a 'sun/nio/fs/WindowsException'{0x00000000d5978668}> (0x00000000d5978668) 
thrown [s\src\hotspot\share\prims\jni.cpp, line 520]
Event: 64231.861 Thread 0x000002e1945d8410 Exception <a 'sun/nio/fs/WindowsException'{0x00000000d5978f40}> (0x00000000d5978f40) 
thrown [s\src\hotspot\share\prims\jni.cpp, line 520]
Event: 64366.129 Thread 0x000002e193f4f830 Exception <a 'sun/nio/fs/WindowsException'{0x00000000d5580780}> (0x00000000d5580780) 
thrown [s\src\hotspot\share\prims\jni.cpp, line 520]
Event: 64366.237 Thread 0x000002e193f4f830 Exception <a 'sun/nio/fs/WindowsException'{0x00000000d57b3110}> (0x00000000d57b3110) 
thrown [s\src\hotspot\share\prims\jni.cpp, line 520]
Event: 64378.233 Thread 0x000002e193f4f830 Exception <a 'sun/nio/fs/WindowsException'{0x00000000d59ba7b8}> (0x00000000d59ba7b8) 
thrown [s\src\hotspot\share\prims\jni.cpp, line 520]
Event: 64378.333 Thread 0x000002e193f4f830 Exception <a 'sun/nio/fs/WindowsException'{0x00000000d5580750}> (0x00000000d5580750) 
thrown [s\src\hotspot\share\prims\jni.cpp, line 520]
Event: 64482.764 Thread 0x000002e193f4f830 Exception <a 'sun/nio/fs/WindowsException'{0x00000000d589e7f8}> (0x00000000d589e7f8) 
thrown [s\src\hotspot\share\prims\jni.cpp, line 520]
Event: 64482.895 Thread 0x000002e193f4f830 Exception <a 'sun/nio/fs/WindowsException'{0x00000000d58342b8}> (0x00000000d58342b8) 
thrown [s\src\hotspot\share\prims\jni.cpp, line 520]
Event: 64519.119 Thread 0x000002e193f4f830 Exception <a 'sun/nio/fs/WindowsException'{0x00000000d57ac9c8}> (0x00000000d57ac9c8) 
thrown [s\src\hotspot\share\prims\jni.cpp, line 520]
Event: 64519.194 Thread 0x000002e193f4f830 Exception <a 'sun/nio/fs/WindowsException'{0x00000000d5b823e0}> (0x00000000d5b823e0) 
thrown [s\src\hotspot\share\prims\jni.cpp, line 520]
Event: 64527.668 Thread 0x000002e193f4f830 Exception <a 'sun/nio/fs/WindowsException'{0x00000000d5aad9a0}> (0x00000000d5aad9a0) 
thrown [s\src\hotspot\share\prims\jni.cpp, line 520]
Event: 64527.758 Thread 0x000002e193f4f830 Exception <a 'sun/nio/fs/WindowsException'{0x00000000d579e088}> (0x00000000d579e088) 
thrown [s\src\hotspot\share\prims\jni.cpp, line 520]
Event: 64666.106 Thread 0x000002e196589220 Exception <a 'sun/nio/fs/WindowsException'{0x00000000d58edaa0}> (0x00000000d58edaa0) 
thrown [s\src\hotspot\share\prims\jni.cpp, line 520]
Event: 64666.106 Thread 0x000002e196589220 Exception <a 'sun/nio/fs/WindowsException'{0x00000000d58ee5d0}> (0x00000000d58ee5d0) 
thrown [s\src\hotspot\share\prims\jni.cpp, line 520]

ZGC Phase Switch (0 events):
No events

VM Operations (20 events):
Event: 64951.376 Executing safepoint VM operation: ParallelGCFailedAllocation (Allocation Failure)
Event: 64951.379 Executing safepoint VM operation: ParallelGCFailedAllocation (Allocation Failure) done
Event: 64951.718 Executing safepoint VM operation: ParallelGCFailedAllocation (Allocation Failure)
Event: 64951.731 Executing safepoint VM operation: ParallelGCFailedAllocation (Allocation Failure) done
Event: 64951.805 Executing safepoint VM operation: ParallelGCFailedAllocation (Allocation Failure)
Event: 64951.808 Executing safepoint VM operation: ParallelGCFailedAllocation (Allocation Failure) done
Event: 64951.832 Executing safepoint VM operation: ParallelGCFailedAllocation (Allocation Failure)
Event: 64951.840 Executing safepoint VM operation: ParallelGCFailedAllocation (Allocation Failure) done
Event: 64952.473 Executing safepoint VM operation: ParallelGCFailedAllocation (Allocation Failure)
Event: 64952.476 Executing safepoint VM operation: ParallelGCFailedAllocation (Allocation Failure) done
Event: 64953.040 Executing safepoint VM operation: ParallelGCFailedAllocation (Allocation Failure)
Event: 64953.043 Executing safepoint VM operation: ParallelGCFailedAllocation (Allocation Failure) done
Event: 64953.056 Executing safepoint VM operation: ParallelGCFailedAllocation (Allocation Failure)
Event: 64953.060 Executing safepoint VM operation: ParallelGCFailedAllocation (Allocation Failure) done
Event: 64953.072 Executing safepoint VM operation: ParallelGCFailedAllocation (Allocation Failure)
Event: 64953.075 Executing safepoint VM operation: ParallelGCFailedAllocation (Allocation Failure) done
Event: 64953.090 Executing safepoint VM operation: ParallelGCFailedAllocation (Allocation Failure)
Event: 64953.093 Executing safepoint VM operation: ParallelGCFailedAllocation (Allocation Failure) done
Event: 64953.389 Executing safepoint VM operation: ParallelGCFailedAllocation (Allocation Failure)
Event: 64954.257 Executing safepoint VM operation: ParallelGCFailedAllocation (Allocation Failure) done

Memory protections (0 events):
No events

Nmethod flushes (20 events):
Event: 11540.759 Thread 0x000002e18c856dc0 flushing  nmethod 0x000002e13a353690
Event: 11540.759 Thread 0x000002e18c856dc0 flushing  nmethod 0x000002e13a41c610
Event: 11540.759 Thread 0x000002e18c856dc0 flushing  nmethod 0x000002e13a4b0110
Event: 11540.759 Thread 0x000002e18c856dc0 flushing  nmethod 0x000002e13a509190
Event: 11540.759 Thread 0x000002e18c856dc0 flushing  nmethod 0x000002e13a556210
Event: 11540.759 Thread 0x000002e18c856dc0 flushing  nmethod 0x000002e13a60c290
Event: 11540.759 Thread 0x000002e18c856dc0 flushing  nmethod 0x000002e13a69b090
Event: 11540.759 Thread 0x000002e18c856dc0 flushing  nmethod 0x000002e13a7cbf10
Event: 11540.759 Thread 0x000002e18c856dc0 flushing  nmethod 0x000002e13a7fa810
Event: 11540.759 Thread 0x000002e18c856dc0 flushing  nmethod 0x000002e13a9d4410
Event: 11540.759 Thread 0x000002e18c856dc0 flushing  nmethod 0x000002e13a9d9510
Event: 11540.759 Thread 0x000002e18c856dc0 flushing  nmethod 0x000002e13a9dc590
Event: 11540.759 Thread 0x000002e18c856dc0 flushing  nmethod 0x000002e13a9e0510
Event: 11540.759 Thread 0x000002e18c856dc0 flushing  nmethod 0x000002e13a9f0590
Event: 11540.759 Thread 0x000002e18c856dc0 flushing  nmethod 0x000002e13aa78010
Event: 11540.759 Thread 0x000002e18c856dc0 flushing  nmethod 0x000002e13aaeef10
Event: 11540.759 Thread 0x000002e18c856dc0 flushing  nmethod 0x000002e13ab37b10
Event: 11540.759 Thread 0x000002e18c856dc0 flushing  nmethod 0x000002e13abce790
Event: 11540.759 Thread 0x000002e18c856dc0 flushing  nmethod 0x000002e13abddb10
Event: 11540.759 Thread 0x000002e18c856dc0 flushing  nmethod 0x000002e13ac18e90

Events (20 events):
Event: 64819.264 Thread 0x000002e19658cd30 Thread exited: 0x000002e19658cd30
Event: 64819.264 Thread 0x000002e19610ac10 Thread exited: 0x000002e19610ac10
Event: 64819.264 Thread 0x000002e196109860 Thread exited: 0x000002e196109860
Event: 64819.265 Thread 0x000002e196589f40 Thread exited: 0x000002e196589f40
Event: 64819.265 Thread 0x000002e19610a580 Thread exited: 0x000002e19610a580
Event: 64819.265 Thread 0x000002e1961091d0 Thread exited: 0x000002e1961091d0
Event: 64819.265 Thread 0x000002e196109ef0 Thread exited: 0x000002e196109ef0
Event: 64819.265 Thread 0x000002e196106a70 Thread exited: 0x000002e196106a70
Event: 64819.265 Thread 0x000002e19658d3c0 Thread exited: 0x000002e19658d3c0
Event: 64819.265 Thread 0x000002e196587e70 Thread exited: 0x000002e196587e70
Event: 64827.744 Thread 0x000002e196585da0 Thread exited: 0x000002e196585da0
Event: 64906.927 Thread 0x000002e1945dbf20 Thread exited: 0x000002e1945dbf20
Event: 64947.206 Thread 0x000002e1a106aef0 Thread added: 0x000002e196107e20
Event: 64947.206 Thread 0x000002e196107e20 Thread added: 0x000002e196106a70
Event: 64947.211 Thread 0x000002e1946f1f30 Thread added: 0x000002e1961091d0
Event: 64947.272 Thread 0x000002e1a106aef0 Thread added: 0x000002e19610a580
Event: 64950.172 Thread 0x000002e196589220 Thread added: 0x000002e19610ac10
Event: 64950.439 Thread 0x000002e19610a580 Thread added: 0x000002e1961084b0
Event: 64950.834 Thread 0x000002e19610a580 Thread added: 0x000002e19610c650
Event: 64950.834 Thread 0x000002e1945de680 Thread added: 0x000002e19610cce0


Dynamic libraries:
0x00007ff60a0b0000 - 0x00007ff60a0be000 	c:\Users\dellL\.vscode\extensions\redhat.java-1.53.0-win32-x64\jre\21.0.10-win32-x86_64\bin\java.exe
0x00007ffd6ab00000 - 0x00007ffd6ad67000 	C:\WINDOWS\SYSTEM32\ntdll.dll
0x00007ffd69670000 - 0x00007ffd69739000 	C:\WINDOWS\System32\KERNEL32.DLL
0x00007ffd67610000 - 0x00007ffd67a01000 	C:\WINDOWS\System32\KERNELBASE.dll
0x00007ffd643c0000 - 0x00007ffd6445f000 	C:\WINDOWS\SYSTEM32\apphelp.dll
0x00007ffd67d80000 - 0x00007ffd67ecb000 	C:\WINDOWS\System32\ucrtbase.dll
0x00007ffd38e90000 - 0x00007ffd38eae000 	c:\Users\dellL\.vscode\extensions\redhat.java-1.53.0-win32-x64\jre\21.0.10-win32-x86_64\bin\VCRUNTIME140.dll
0x00007ffd394b0000 - 0x00007ffd394c8000 	c:\Users\dellL\.vscode\extensions\redhat.java-1.53.0-win32-x64\jre\21.0.10-win32-x86_64\bin\jli.dll
0x00007ffd69010000 - 0x00007ffd691d5000 	C:\WINDOWS\System32\USER32.dll
0x00007ffd67ed0000 - 0x00007ffd67ef7000 	C:\WINDOWS\System32\win32u.dll
0x00007ffd43d30000 - 0x00007ffd43fc3000 	C:\WINDOWS\WinSxS\amd64_microsoft.windows.common-controls_6595b64144ccf1df_6.0.26100.8037_none_3e092faae333b53b\COMCTL32.dll
0x00007ffd69630000 - 0x00007ffd6965b000 	C:\WINDOWS\System32\GDI32.dll
0x00007ffd68f50000 - 0x00007ffd68ff9000 	C:\WINDOWS\System32\msvcrt.dll
0x00007ffd68770000 - 0x00007ffd6889b000 	C:\WINDOWS\System32\gdi32full.dll
0x00007ffd67aa0000 - 0x00007ffd67b43000 	C:\WINDOWS\System32\msvcp_win.dll
0x00007ffd69570000 - 0x00007ffd695a1000 	C:\WINDOWS\System32\IMM32.DLL
0x00007ffd4a6b0000 - 0x00007ffd4a6bc000 	c:\Users\dellL\.vscode\extensions\redhat.java-1.53.0-win32-x64\jre\21.0.10-win32-x86_64\bin\vcruntime140_1.dll
0x00007ffd0bc80000 - 0x00007ffd0bd0d000 	c:\Users\dellL\.vscode\extensions\redhat.java-1.53.0-win32-x64\jre\21.0.10-win32-x86_64\bin\msvcp140.dll
0x00007ffc5c710000 - 0x00007ffc5d4b1000 	c:\Users\dellL\.vscode\extensions\redhat.java-1.53.0-win32-x64\jre\21.0.10-win32-x86_64\bin\server\jvm.dll
0x00007ffd6aa00000 - 0x00007ffd6aabb000 	C:\WINDOWS\System32\ADVAPI32.dll
0x00007ffd68b00000 - 0x00007ffd68ba7000 	C:\WINDOWS\System32\sechost.dll
0x00007ffd697d0000 - 0x00007ffd698e8000 	C:\WINDOWS\System32\RPCRT4.dll
0x00007ffd69f70000 - 0x00007ffd69fe4000 	C:\WINDOWS\System32\WS2_32.dll
0x00007ffd64520000 - 0x00007ffd64555000 	C:\WINDOWS\SYSTEM32\WINMM.dll
0x00007ffd67240000 - 0x00007ffd6729e000 	C:\WINDOWS\SYSTEM32\POWRPROF.dll
0x00007ffd55ea0000 - 0x00007ffd55eab000 	C:\WINDOWS\SYSTEM32\VERSION.dll
0x00007ffd67220000 - 0x00007ffd67234000 	C:\WINDOWS\SYSTEM32\UMPDC.dll
0x00007ffd66170000 - 0x00007ffd6618b000 	C:\WINDOWS\SYSTEM32\kernel.appcore.dll
0x00007ffd4a660000 - 0x00007ffd4a66a000 	c:\Users\dellL\.vscode\extensions\redhat.java-1.53.0-win32-x64\jre\21.0.10-win32-x86_64\bin\jimage.dll
0x00007ffd64f40000 - 0x00007ffd65182000 	C:\WINDOWS\SYSTEM32\DBGHELP.DLL
0x00007ffd691e0000 - 0x00007ffd69562000 	C:\WINDOWS\System32\combase.dll
0x00007ffd68bb0000 - 0x00007ffd68c87000 	C:\WINDOWS\System32\OLEAUT32.dll
0x00007ffd644e0000 - 0x00007ffd6451b000 	C:\WINDOWS\SYSTEM32\dbgcore.DLL
0x00007ffd67cd0000 - 0x00007ffd67d75000 	C:\WINDOWS\System32\bcryptPrimitives.dll
0x00007ffd39600000 - 0x00007ffd3960f000 	c:\Users\dellL\.vscode\extensions\redhat.java-1.53.0-win32-x64\jre\21.0.10-win32-x86_64\bin\instrument.dll
0x00007ffd38da0000 - 0x00007ffd38dc0000 	c:\Users\dellL\.vscode\extensions\redhat.java-1.53.0-win32-x64\jre\21.0.10-win32-x86_64\bin\java.dll
0x00007ffd6a290000 - 0x00007ffd6a9ef000 	C:\WINDOWS\System32\SHELL32.dll
0x00007ffd673e0000 - 0x00007ffd6754a000 	C:\WINDOWS\System32\wintypes.dll
0x00007ffd67f00000 - 0x00007ffd68764000 	C:\WINDOWS\System32\windows.storage.dll
0x00007ffd688a0000 - 0x00007ffd68997000 	C:\WINDOWS\System32\SHCORE.dll
0x00007ffd69760000 - 0x00007ffd697c7000 	C:\WINDOWS\System32\shlwapi.dll
0x00007ffd67300000 - 0x00007ffd67329000 	C:\WINDOWS\SYSTEM32\profapi.dll
0x00007ffd38d80000 - 0x00007ffd38d98000 	c:\Users\dellL\.vscode\extensions\redhat.java-1.53.0-win32-x64\jre\21.0.10-win32-x86_64\bin\zip.dll
0x00007ffd395f0000 - 0x00007ffd39600000 	C:\Users\dellL\.vscode\extensions\redhat.java-1.53.0-win32-x64\jre\21.0.10-win32-x86_64\bin\net.dll
0x00007ffd61930000 - 0x00007ffd61a57000 	C:\WINDOWS\SYSTEM32\WINHTTP.dll
0x00007ffd666e0000 - 0x00007ffd6674b000 	C:\WINDOWS\system32\mswsock.dll
0x00007ffd38b70000 - 0x00007ffd38b86000 	C:\Users\dellL\.vscode\extensions\redhat.java-1.53.0-win32-x64\jre\21.0.10-win32-x86_64\bin\nio.dll
0x00007ffd39550000 - 0x00007ffd39560000 	c:\Users\dellL\.vscode\extensions\redhat.java-1.53.0-win32-x64\jre\21.0.10-win32-x86_64\bin\verify.dll
0x00007ffd12fa0000 - 0x00007ffd12fe5000 	C:\Users\dellL\AppData\Roaming\Code\User\globalStorage\redhat.java\1.53.0\config_win\org.eclipse.equinox.launcher\org.eclipse.equinox.launcher.win32.win32.x86_64_1.3.0.v20260203-2149\eclipse_11919.dll
0x00007ffd6a090000 - 0x00007ffd6a225000 	C:\WINDOWS\System32\ole32.dll
0x00007ffd393d0000 - 0x00007ffd393da000 	C:\Users\dellL\.vscode\extensions\redhat.java-1.53.0-win32-x64\jre\21.0.10-win32-x86_64\bin\management.dll
0x00007ffd37c30000 - 0x00007ffd37c3c000 	C:\Users\dellL\.vscode\extensions\redhat.java-1.53.0-win32-x64\jre\21.0.10-win32-x86_64\bin\management_ext.dll
0x00007ffd69660000 - 0x00007ffd69668000 	C:\WINDOWS\System32\PSAPI.DLL
0x00007ffd669c0000 - 0x00007ffd669db000 	C:\WINDOWS\SYSTEM32\CRYPTSP.dll
0x00007ffd660d0000 - 0x00007ffd66109000 	C:\WINDOWS\system32\rsaenh.dll
0x00007ffd66790000 - 0x00007ffd667c2000 	C:\WINDOWS\SYSTEM32\USERENV.dll
0x00007ffd672d0000 - 0x00007ffd672fa000 	C:\WINDOWS\SYSTEM32\bcrypt.dll
0x00007ffd669e0000 - 0x00007ffd669ec000 	C:\WINDOWS\SYSTEM32\CRYPTBASE.dll
0x00007ffd65b70000 - 0x00007ffd65ba3000 	C:\WINDOWS\SYSTEM32\IPHLPAPI.DLL
0x00007ffd6a080000 - 0x00007ffd6a08a000 	C:\WINDOWS\System32\NSI.dll
0x00007ffd0bb70000 - 0x00007ffd0bbb9000 	C:\Users\dellL\AppData\Local\Temp\jna-95468203\jna17550917241688500975.dll
0x00007ffd61da0000 - 0x00007ffd61dbd000 	C:\WINDOWS\SYSTEM32\dhcpcsvc6.DLL
0x00007ffd61c00000 - 0x00007ffd61c23000 	C:\WINDOWS\SYSTEM32\dhcpcsvc.DLL
0x00007ffd37b60000 - 0x00007ffd37b6e000 	C:\Users\dellL\.vscode\extensions\redhat.java-1.53.0-win32-x64\jre\21.0.10-win32-x86_64\bin\sunmscapi.dll
0x00007ffd67b50000 - 0x00007ffd67cc7000 	C:\WINDOWS\System32\CRYPT32.dll
0x00007ffd66be0000 - 0x00007ffd66c10000 	C:\WINDOWS\SYSTEM32\ncrypt.dll
0x00007ffd66b90000 - 0x00007ffd66bcf000 	C:\WINDOWS\SYSTEM32\NTASN1.dll
0x00007ffd65c30000 - 0x00007ffd65d5a000 	C:\WINDOWS\SYSTEM32\DNSAPI.dll
0x00007ffd60120000 - 0x00007ffd6012b000 	C:\Windows\System32\rasadhlp.dll
0x00007ffd61de0000 - 0x00007ffd61e66000 	C:\WINDOWS\System32\fwpuclnt.dll
0x00007ffd38d70000 - 0x00007ffd38d79000 	C:\Users\dellL\.vscode\extensions\redhat.java-1.53.0-win32-x64\jre\21.0.10-win32-x86_64\bin\extnet.dll
0x00007ffd66290000 - 0x00007ffd662c6000 	C:\WINDOWS\SYSTEM32\ntmarta.dll
0x00007ffd24c90000 - 0x00007ffd24c98000 	C:\WINDOWS\system32\wshunix.dll

JVMTI agents:
c:\Users\dellL\.vscode\extensions\redhat.java-1.53.0-win32-x64\lombok\lombok-1.18.39-4050.jar path:c:\Users\dellL\.vscode\extensions\redhat.java-1.53.0-win32-x64\jre\21.0.10-win32-x86_64\bin\instrument.dll, loaded, initialized, instrumentlib options:none

dbghelp: loaded successfully - version: 4.0.5 - missing functions: none
symbol engine: initialized successfully - sym options: 0x614 - pdb path: .;c:\Users\dellL\.vscode\extensions\redhat.java-1.53.0-win32-x64\jre\21.0.10-win32-x86_64\bin;C:\WINDOWS\SYSTEM32;C:\WINDOWS\WinSxS\amd64_microsoft.windows.common-controls_6595b64144ccf1df_6.0.26100.8037_none_3e092faae333b53b;c:\Users\dellL\.vscode\extensions\redhat.java-1.53.0-win32-x64\jre\21.0.10-win32-x86_64\bin\server;C:\Users\dellL\AppData\Roaming\Code\User\globalStorage\redhat.java\1.53.0\config_win\org.eclipse.equinox.launcher\org.eclipse.equinox.launcher.win32.win32.x86_64_1.3.0.v20260203-2149;C:\Users\dellL\AppData\Local\Temp\jna-95468203

VM Arguments:
jvm_args: --add-modules=ALL-SYSTEM --add-opens=java.base/java.util=ALL-UNNAMED --add-opens=java.base/java.lang=ALL-UNNAMED --add-opens=java.base/sun.nio.fs=ALL-UNNAMED -Declipse.application=org.eclipse.jdt.ls.core.id1 -Dosgi.bundles.defaultStartLevel=4 -Declipse.product=org.eclipse.jdt.ls.core.product -Djava.import.generatesMetadataFilesAtProjectRoot=false -DDetectVMInstallationsJob.disabled=true -Dfile.encoding=utf8 -XX:+UseParallelGC -XX:GCTimeRatio=4 -XX:AdaptiveSizePolicyWeight=90 -Dsun.zip.disableMemoryMapping=true -Xmx2G -Xms100m -Xlog:disable -javaagent:c:\Users\dellL\.vscode\extensions\redhat.java-1.53.0-win32-x64\lombok\lombok-1.18.39-4050.jar -XX:+HeapDumpOnOutOfMemoryError -XX:HeapDumpPath=c:\Users\dellL\AppData\Roaming\Code\User\workspaceStorage\52708e066fe511d177b12b427aa223b7\redhat.java -Daether.dependencyCollector.impl=bf 
java_command: c:\Users\dellL\.vscode\extensions\redhat.java-1.53.0-win32-x64\server\plugins\org.eclipse.equinox.launcher_1.7.100.v20251111-0406.jar -configuration c:\Users\dellL\AppData\Roaming\Code\User\globalStorage\redhat.java\1.53.0\config_win -data c:\Users\dellL\AppData\Roaming\Code\User\workspaceStorage\52708e066fe511d177b12b427aa223b7\redhat.java\jdt_ws --pipe=\\.\pipe\lsp-31da87b66164d1f1e38fcced236901f0-sock
java_class_path (initial): c:\Users\dellL\.vscode\extensions\redhat.java-1.53.0-win32-x64\server\plugins\org.eclipse.equinox.launcher_1.7.100.v20251111-0406.jar
Launcher Type: SUN_STANDARD

[Global flags]
    uintx AdaptiveSizePolicyWeight                 = 90                                        {product} {command line}
     intx CICompilerCount                          = 12                                        {product} {ergonomic}
    uintx GCTimeRatio                              = 4                                         {product} {command line}
     bool HeapDumpOnOutOfMemoryError               = true                                   {manageable} {command line}
    ccstr HeapDumpPath                             = c:\Users\dellL\AppData\Roaming\Code\User\workspaceStorage\52708e066fe511d177b12b427aa223b7\redhat.java         {manageable} {command line}
   size_t InitialHeapSize                          = 104857600                                 {product} {command line}
   size_t MaxHeapSize                              = 2147483648                                {product} {command line}
   size_t MaxNewSize                               = 715653120                                 {product} {ergonomic}
   size_t MinHeapDeltaBytes                        = 524288                                    {product} {ergonomic}
   size_t MinHeapSize                              = 104857600                                 {product} {command line}
   size_t NewSize                                  = 34603008                                  {product} {ergonomic}
    uintx NonNMethodCodeHeapSize                   = 7602480                                {pd product} {ergonomic}
    uintx NonProfiledCodeHeapSize                  = 122027880                              {pd product} {ergonomic}
   size_t OldSize                                  = 70254592                                  {product} {ergonomic}
     bool PerfDisableSharedMem                     = true                                      {product} {ergonomic}
    uintx ProfiledCodeHeapSize                     = 122027880                              {pd product} {ergonomic}
    uintx ReservedCodeCacheSize                    = 251658240                              {pd product} {ergonomic}
     bool SegmentedCodeCache                       = true                                      {product} {ergonomic}
   size_t SoftMaxHeapSize                          = 2147483648                             {manageable} {ergonomic}
     bool UseCompressedOops                        = true                           {product lp64_product} {ergonomic}
     bool UseLargePagesIndividualAllocation        = false                                  {pd product} {ergonomic}
     bool UseParallelGC                            = true                                      {product} {command line}

Logging:
Log output configuration:
 #0: stdout all=off uptime,level,tags foldmultilines=false
 #1: stderr all=off uptime,level,tags foldmultilines=false

Release file:
JAVA_VERSION="21.0.10" 
MODULES="java.base java.compiler java.datatransfer java.xml java.prefs java.desktop java.instrument java.logging java.management java.security.sasl java.naming java.rmi java.management.rmi java.net.http java.scripting java.security.jgss java.transaction.xa java.sql java.sql.rowset java.xml.crypto java.se java.smartcardio jdk.accessibility jdk.internal.jvmstat jdk.attach jdk.charsets jdk.internal.opt jdk.zipfs jdk.compiler jdk.crypto.ec jdk.crypto.cryptoki jdk.crypto.mscapi jdk.dynalink jdk.internal.ed jdk.editpad jdk.hotspot.agent jdk.httpserver jdk.internal.le jdk.internal.vm.ci jdk.internal.vm.compiler jdk.internal.vm.compiler.management jdk.jartool jdk.javadoc jdk.jcmd jdk.management jdk.management.agent jdk.jconsole jdk.jdeps jdk.jdwp.agent jdk.jdi jdk.jfr jdk.jshell jdk.jsobject jdk.jstatd jdk.localedata jdk.management.jfr jdk.naming.dns jdk.naming.rmi jdk.net jdk.nio.mapmode jdk.random jdk.sctp jdk.security.auth jdk.security.jgss jdk.unsupported jdk.unsupported.desktop jdk.xml.dom" 

Environment Variables:
PATH=C:\Users\dellL\AppData\Local\Programs\Microsoft VS Code;C:\Program Files\Common Files\Oracle\Java\javapath;C:\Program Files (x86)\Common Files\Oracle\Java\java8path;C:\Program Files (x86)\Common Files\Oracle\Java\javapath;C:\WINDOWS\system32;C:\WINDOWS;C:\WINDOWS\System32\Wbem;C:\WINDOWS\System32\WindowsPowerShell\v1.0\;C:\WINDOWS\System32\OpenSSH\;C:\Program Files\dotnet\;C:\Program Files\Microsoft SQL Server\150\Tools\Binn\;C:\Program Files\Microsoft SQL Server\Client SDK\ODBC\170\Tools\Binn\;C:\Program Files\nodejs\;C:\Program Files\Git\cmd;C:\Program Files\Docker\Docker\resources\bin;C:\Program Files (x86)\Windows Kits\10\Windows Performance Toolkit\;C:\Program Files\Pandoc\;C:\Program Files\MiKTeX\miktex\bin\x64\;C:\Program Files\Microsoft SQL Server\170\Tools\Binn\;C:\Users\dellL\.cargo\bin;C:\Users\dellL\AppData\Local\Programs\Python\Python310\Scripts\;C:\Users\dellL\AppData\Local\Programs\Python\Python310\;c:\Users\dellL\AppData\Local\Programs\Trae\bin;C:\Users\dellL\AppData\Local\Programs\Python\Python313\Scripts\;C:\Users\dellL\AppData\Local\Programs\Python\Python313\;C:\msys64\ucrt64\bin;C:\Users\dellL\AppData\Local\Microsoft\WindowsApps;C:\Users\dellL\AppData\Local\Programs\Microsoft VS Code\bin;C:\MinGW\bin;C:\cygwin64\bin;C:\Users\dellL\.dotnet\tools;C:\Users\dellL\.lmstudio\bin;C:\Users\dellL\AppData\Roaming\npm;C:\msys64\mingw64\bin;C:\Users\dellL\AppData\Local\bin\NASM;C:\Program Files\Java\jdk-24\bin;C:\Program Files (x86)\Nmap;C:\Program Files\JetBrains\IntelliJ IDEA 2025.2\bin;C:\Users\dellL\.dotnet\tools;C:\Program Files\JetBrains\PyCharm 2025.3.1\bin
USERNAME=dellL
OS=Windows_NT
PROCESSOR_IDENTIFIER=Intel64 Family 6 Model 170 Stepping 4, GenuineIntel
TMP=C:\Users\dellL\AppData\Local\Temp
TEMP=C:\Users\dellL\AppData\Local\Temp




Periodic native trim disabled

---------------  S Y S T E M  ---------------

OS:
 Windows 11 , 64 bit Build 26100 (10.0.26100.7920)
OS uptime: 5 days 20:50 hours
Hyper-V role detected

CPU: total 22 (initial active 22) (11 cores per cpu, 2 threads per core) family 6 model 170 stepping 4 microcode 0x24, cx8, cmov, fxsr, ht, mmx, 3dnowpref, sse, sse2, sse3, ssse3, sse4.1, sse4.2, popcnt, lzcnt, tsc, tscinvbit, avx, avx2, aes, erms, clmul, bmi1, bmi2, adx, sha, fma, vzeroupper, clflush, clflushopt, clwb, hv, serialize, rdtscp, rdpid, fsrm, f16c, cet_ibt, cet_ss
Processor Information for processor 0
  Max Mhz: 1400, Current Mhz: 1400, Mhz Limit: 1400
Processor Information for processor 1
  Max Mhz: 1400, Current Mhz: 1400, Mhz Limit: 1400
Processor Information for processor 2
  Max Mhz: 3800, Current Mhz: 900, Mhz Limit: 874
Processor Information for processor 3
  Max Mhz: 3800, Current Mhz: 900, Mhz Limit: 874
Processor Information for processor 4
  Max Mhz: 3800, Current Mhz: 900, Mhz Limit: 874
Processor Information for processor 5
  Max Mhz: 3800, Current Mhz: 900, Mhz Limit: 874
Processor Information for processor 6
  Max Mhz: 3800, Current Mhz: 900, Mhz Limit: 874
Processor Information for processor 7
  Max Mhz: 3800, Current Mhz: 900, Mhz Limit: 874
Processor Information for processor 8
  Max Mhz: 3800, Current Mhz: 900, Mhz Limit: 874
Processor Information for processor 9
  Max Mhz: 3800, Current Mhz: 900, Mhz Limit: 874
Processor Information for processor 10
  Max Mhz: 1400, Current Mhz: 1400, Mhz Limit: 1400
Processor Information for processor 11
  Max Mhz: 1400, Current Mhz: 1400, Mhz Limit: 1400
Processor Information for processor 12
  Max Mhz: 1400, Current Mhz: 1400, Mhz Limit: 1400
Processor Information for processor 13
  Max Mhz: 1400, Current Mhz: 1400, Mhz Limit: 1400
Processor Information for processor 14
  Max Mhz: 1400, Current Mhz: 1400, Mhz Limit: 1400
Processor Information for processor 15
  Max Mhz: 1400, Current Mhz: 1400, Mhz Limit: 1400
Processor Information for processor 16
  Max Mhz: 1400, Current Mhz: 1400, Mhz Limit: 1400
Processor Information for processor 17
  Max Mhz: 1400, Current Mhz: 1400, Mhz Limit: 1400
Processor Information for processor 18
  Max Mhz: 1400, Current Mhz: 1400, Mhz Limit: 1400
Processor Information for processor 19
  Max Mhz: 1400, Current Mhz: 1400, Mhz Limit: 1400
Processor Information for processor 20
  Max Mhz: 2500, Current Mhz: 700, Mhz Limit: 700
Processor Information for processor 21
  Max Mhz: 2500, Current Mhz: 700, Mhz Limit: 700

Memory: 4k page, system-wide physical 15828M (443M free)
TotalPageFile size 64980M (AvailPageFile size 17M)
current process WorkingSet (physical memory assigned to process): 286M, peak: 1106M
current process commit charge ("private bytes"): 1766M, peak: 1859M

vm_info: OpenJDK 64-Bit Server VM (21.0.10+7-LTS) for windows-amd64 JRE (21.0.10+7-LTS), built on 2026-01-20T00:00:00Z by "admin" with MS VC++ 17.12 (VS2022)

END.
